Using pre-set license
Built from '2020.2/release' branch; Version is '2020.2.2f1 (068178b99f32) revision 426360'; Using compiler version '192528614'; Build Type 'Release'
OS: 'Windows 10 Pro; OS build 18363.1316; Version 1909; 64bit' Language: 'ko' Physical Memory: 16232 MB
BatchMode: 1, IsHumanControllingUs: 0, StartBugReporterOnCrash: 0, Is64bit: 1, IsPro: 0

 COMMAND LINE ARGUMENTS:
C:\Program Files\Unity\Hub\Editor\2020.2.2f1\Editor\Unity.exe
-adb2
-batchMode
-noUpm
-name
AssetImportWorker1
-projectPath
C:/Users/mingu/Documents/GitHub/Multy_Isaac/Multy_Isaac
-logFile
Logs/AssetImportWorker1.log
-srvPort
13415
Successfully changed project path to: C:/Users/mingu/Documents/GitHub/Multy_Isaac/Multy_Isaac
C:/Users/mingu/Documents/GitHub/Multy_Isaac/Multy_Isaac
Using Asset Import Pipeline V2.
Refreshing native plugins compatible for Editor in 118.24 ms, found 1 plugins.
Preloading 0 native plugins for Editor in 0.00 ms.
Initialize engine version: 2020.2.2f1 (068178b99f32)
[Subsystems] Discovering subsystems at path C:/Program Files/Unity/Hub/Editor/2020.2.2f1/Editor/Data/Resources/UnitySubsystems
[Subsystems] Discovering subsystems at path C:/Users/mingu/Documents/GitHub/Multy_Isaac/Multy_Isaac/Assets
GfxDevice: creating device client; threaded=0
Direct3D:
    Version:  Direct3D 11.0 [level 11.1]
    Renderer: NVIDIA GeForce GTX 1060 (ID=0x1c20)
    Vendor:   
    VRAM:     6052 MB
    Driver:   27.21.14.5167
Shader 'Universal Render Pipeline/Particles/Lit': fallback shader 'Universal Render Pipeline/Particles/SimpleLit' not found
Initialize mono
Mono path[0] = 'C:/Program Files/Unity/Hub/Editor/2020.2.2f1/Editor/Data/Managed'
Mono path[1] = 'C:/Program Files/Unity/Hub/Editor/2020.2.2f1/Editor/Data/MonoBleedingEdge/lib/mono/unityjit'
Mono config path = 'C:/Program Files/Unity/Hub/Editor/2020.2.2f1/Editor/Data/MonoBleedingEdge/etc'
Using monoOptions --debugger-agent=transport=dt_socket,embedding=1,server=y,suspend=n,address=127.0.0.1:56452
Begin MonoManager ReloadAssembly
Registering precompiled unity dll's ...
Register platform support module: C:/Program Files/Unity/Hub/Editor/2020.2.2f1/Editor/Data/PlaybackEngines/WindowsStandaloneSupport/UnityEditor.WindowsStandalone.Extensions.dll
Registered in 0.001646 seconds.
Native extension for WindowsStandalone target not found
Refreshing native plugins compatible for Editor in 98.41 ms, found 1 plugins.
Preloading 0 native plugins for Editor in 0.00 ms.
Invoked RoslynAnalysisRunner static constructor.
RoslynAnalysisRunner will not be running.
RoslynAnalysisRunner has terminated.
Mono: successfully reloaded assembly
- Completed reload, in  2.287 seconds
Platform modules already initialized, skipping
Registering precompiled user dll's ...
Registered in 0.006305 seconds.
Begin MonoManager ReloadAssembly
Symbol file LoadedFromMemory is not a mono symbol file
Native extension for WindowsStandalone target not found
Refreshing native plugins compatible for Editor in 111.95 ms, found 1 plugins.
Preloading 0 native plugins for Editor in 0.00 ms.
CreateSerializedAsset is not supported while importing out-of-process
UnityEngine.StackTraceUtility:ExtractStackTrace ()
PlayFab.PfEditor.PlayFabEditorPrefsSO:get_Instance () (at Assets/ETC/PlayFabEditorExtensions/Editor/Scripts/Utils/PlayFabEditorPrefsSO.cs:38)
PlayFab.PfEditor.SubMenuComponent:RegisterMenuItem (string,System.Action) (at Assets/ETC/PlayFabEditorExtensions/Editor/Scripts/Components/SubMenuComponent.cs:42)
PlayFab.PfEditor.PlayFabEditorDataMenu:RegisterMenu () (at Assets/ETC/PlayFabEditorExtensions/Editor/Scripts/Panels/PlayFabEditorDataMenu.cs:93)
PlayFab.PfEditor.PlayFabEditorDataMenu:.cctor () (at Assets/ETC/PlayFabEditorExtensions/Editor/Scripts/Panels/PlayFabEditorDataMenu.cs:74)
System.Runtime.CompilerServices.RuntimeHelpers:RunClassConstructor (System.RuntimeTypeHandle)
UnityEditor.EditorAssemblies:ProcessInitializeOnLoadAttributes (System.Type[])

[Assets/ETC/PlayFabEditorExtensions/Editor/Scripts/Utils/PlayFabEditorPrefsSO.cs line 38]

UnityEngine.UnityException: Creating asset at path Assets/PlayFabEditorExtensions/Editor/Resources/PlayFabEditorPrefsSO.asset failed.
  at (wrapper managed-to-native) UnityEditor.AssetDatabase.CreateAsset(UnityEngine.Object,string)
  at PlayFab.PfEditor.PlayFabEditorPrefsSO.get_Instance () [0x00084] in C:\Users\mingu\Documents\GitHub\Multy_Isaac\Multy_Isaac\Assets\ETC\PlayFabEditorExtensions\Editor\Scripts\Utils\PlayFabEditorPrefsSO.cs:38 
  at PlayFab.PfEditor.SubMenuComponent.RegisterMenuItem (System.String n, System.Action m) [0x00010] in C:\Users\mingu\Documents\GitHub\Multy_Isaac\Multy_Isaac\Assets\ETC\PlayFabEditorExtensions\Editor\Scripts\Components\SubMenuComponent.cs:42 
  at PlayFab.PfEditor.PlayFabEditorDataMenu.RegisterMenu () [0x00018] in C:\Users\mingu\Documents\GitHub\Multy_Isaac\Multy_Isaac\Assets\ETC\PlayFabEditorExtensions\Editor\Scripts\Panels\PlayFabEditorDataMenu.cs:93 
  at PlayFab.PfEditor.PlayFabEditorDataMenu..cctor () [0x0003a] in C:\Users\mingu\Documents\GitHub\Multy_Isaac\Multy_Isaac\Assets\ETC\PlayFabEditorExtensions\Editor\Scripts\Panels\PlayFabEditorDataMenu.cs:74 
UnityEngine.StackTraceUtility:ExtractStackTrace ()
UnityEngine.DebugLogHandler:LogFormat (UnityEngine.LogType,UnityEngine.Object,string,object[])
UnityEngine.Logger:Log (UnityEngine.LogType,object)
UnityEngine.Debug:LogError (object)
UnityEditor.EditorAssemblies:ProcessInitializeOnLoadAttributes (System.Type[])

Invoked RoslynAnalysisRunner static constructor.
RoslynAnalysisRunner will not be running.
RoslynAnalysisRunner has terminated.
Mono: successfully reloaded assembly
- Completed reload, in  1.465 seconds
Platform modules already initialized, skipping
========================================================================
Worker process is ready to serve import requests
Shader 'Universal Render Pipeline/Particles/Lit': fallback shader 'Universal Render Pipeline/Particles/SimpleLit' not found
Launched and connected shader compiler UnityShaderCompiler.exe after 0.06 seconds
Refreshing native plugins compatible for Editor in 1.22 ms, found 1 plugins.
Preloading 0 native plugins for Editor in 0.00 ms.
Unloading 3661 Unused Serialized files (Serialized files now loaded: 0)
System memory in use before: 198.6 MB.
System memory in use after: 198.9 MB.

Unloading 33 unused Assets to reduce memory usage. Loaded Objects now: 4142.
Total: 2.641600 ms (FindLiveObjects: 0.357800 ms CreateObjectMapping: 0.191200 ms MarkObjects: 2.059700 ms  DeleteObjects: 0.031900 ms)

========================================================================
Received Prepare
Registering precompiled user dll's ...
Registered in 0.005546 seconds.
Begin MonoManager ReloadAssembly
Symbol file LoadedFromMemory is not a mono symbol file
Native extension for WindowsStandalone target not found
Refreshing native plugins compatible for Editor in 1.09 ms, found 1 plugins.
Preloading 0 native plugins for Editor in 0.00 ms.
CreateSerializedAsset is not supported while importing out-of-process
UnityEngine.StackTraceUtility:ExtractStackTrace ()
PlayFab.PfEditor.PlayFabEditorPrefsSO:get_Instance () (at Assets/ETC/PlayFabEditorExtensions/Editor/Scripts/Utils/PlayFabEditorPrefsSO.cs:38)
PlayFab.PfEditor.SubMenuComponent:RegisterMenuItem (string,System.Action) (at Assets/ETC/PlayFabEditorExtensions/Editor/Scripts/Components/SubMenuComponent.cs:42)
PlayFab.PfEditor.PlayFabEditorDataMenu:RegisterMenu () (at Assets/ETC/PlayFabEditorExtensions/Editor/Scripts/Panels/PlayFabEditorDataMenu.cs:93)
PlayFab.PfEditor.PlayFabEditorDataMenu:.cctor () (at Assets/ETC/PlayFabEditorExtensions/Editor/Scripts/Panels/PlayFabEditorDataMenu.cs:74)
System.Runtime.CompilerServices.RuntimeHelpers:RunClassConstructor (System.RuntimeTypeHandle)
UnityEditor.EditorAssemblies:ProcessInitializeOnLoadAttributes (System.Type[])

[Assets/ETC/PlayFabEditorExtensions/Editor/Scripts/Utils/PlayFabEditorPrefsSO.cs line 38]

UnityEngine.UnityException: Creating asset at path Assets/PlayFabEditorExtensions/Editor/Resources/PlayFabEditorPrefsSO.asset failed.
  at (wrapper managed-to-native) UnityEditor.AssetDatabase.CreateAsset(UnityEngine.Object,string)
  at PlayFab.PfEditor.PlayFabEditorPrefsSO.get_Instance () [0x00084] in C:\Users\mingu\Documents\GitHub\Multy_Isaac\Multy_Isaac\Assets\ETC\PlayFabEditorExtensions\Editor\Scripts\Utils\PlayFabEditorPrefsSO.cs:38 
  at PlayFab.PfEditor.SubMenuComponent.RegisterMenuItem (System.String n, System.Action m) [0x00010] in C:\Users\mingu\Documents\GitHub\Multy_Isaac\Multy_Isaac\Assets\ETC\PlayFabEditorExtensions\Editor\Scripts\Components\SubMenuComponent.cs:42 
  at PlayFab.PfEditor.PlayFabEditorDataMenu.RegisterMenu () [0x00018] in C:\Users\mingu\Documents\GitHub\Multy_Isaac\Multy_Isaac\Assets\ETC\PlayFabEditorExtensions\Editor\Scripts\Panels\PlayFabEditorDataMenu.cs:93 
  at PlayFab.PfEditor.PlayFabEditorDataMenu..cctor () [0x0003a] in C:\Users\mingu\Documents\GitHub\Multy_Isaac\Multy_Isaac\Assets\ETC\PlayFabEditorExtensions\Editor\Scripts\Panels\PlayFabEditorDataMenu.cs:74 
UnityEngine.StackTraceUtility:ExtractStackTrace ()
UnityEngine.DebugLogHandler:LogFormat (UnityEngine.LogType,UnityEngine.Object,string,object[])
UnityEngine.Logger:Log (UnityEngine.LogType,object)
UnityEngine.Debug:LogError (object)
UnityEditor.EditorAssemblies:ProcessInitializeOnLoadAttributes (System.Type[])

Invoked RoslynAnalysisRunner static constructor.
RoslynAnalysisRunner will not be running.
RoslynAnalysisRunner has terminated.
Mono: successfully reloaded assembly
- Completed reload, in  1.075 seconds
Platform modules already initialized, skipping
Shader 'Universal Render Pipeline/Particles/Lit': fallback shader 'Universal Render Pipeline/Particles/SimpleLit' not found
Refreshing native plugins compatible for Editor in 1.10 ms, found 1 plugins.
Preloading 0 native plugins for Editor in 0.00 ms.
Unloading 3435 Unused Serialized files (Serialized files now loaded: 0)
System memory in use before: 184.4 MB.
System memory in use after: 184.6 MB.

Unloading 23 unused Assets to reduce memory usage. Loaded Objects now: 4146.
Total: 2.969700 ms (FindLiveObjects: 0.518500 ms CreateObjectMapping: 0.265300 ms MarkObjects: 2.160200 ms  DeleteObjects: 0.024300 ms)

========================================================================
Received Import Request.
  path: Assets/Resources/Sources/Prefabs/JustPrefab/deco/flower14.prefab
  artifactKey: Guid(a3bffa13caa348245952934864d92c95) Importer(815301076,1909f56bfc062723c751e8b465ee728b)
Start importing Assets/Resources/Sources/Prefabs/JustPrefab/deco/flower14.prefab using Guid(a3bffa13caa348245952934864d92c95) Importer(815301076,1909f56bfc062723c751e8b465ee728b)  -> (artifact id: '8f103ec7c9182a0c786323c784abefc2') in 0.242570 seconds
  Import took 0.248936 seconds .

========================================================================
Received Import Request.
  Time since last request: 0.000326 seconds.
  path: Assets/Resources/Sources/Prefabs/JustPrefab/deco/flower21.prefab
  artifactKey: Guid(acb6365a5160f544598f74247cb8811f) Importer(815301076,1909f56bfc062723c751e8b465ee728b)
Start importing Assets/Resources/Sources/Prefabs/JustPrefab/deco/flower21.prefab using Guid(acb6365a5160f544598f74247cb8811f) Importer(815301076,1909f56bfc062723c751e8b465ee728b)  -> (artifact id: 'e175238744a4f635c811dac86e98b48c') in 0.016833 seconds
  Import took 0.022380 seconds .

========================================================================
Received Import Request.
  Time since last request: 0.000304 seconds.
  path: Assets/Resources/Sources/Prefabs/JustPrefab/deco/flower15.prefab
  artifactKey: Guid(677c5c64c3cd2ee41b4274960470d559) Importer(815301076,1909f56bfc062723c751e8b465ee728b)
Start importing Assets/Resources/Sources/Prefabs/JustPrefab/deco/flower15.prefab using Guid(677c5c64c3cd2ee41b4274960470d559) Importer(815301076,1909f56bfc062723c751e8b465ee728b)  -> (artifact id: '4c74206395fa79f63695439accc785e6') in 0.015904 seconds
  Import took 0.021776 seconds .

========================================================================
Received Import Request.
  Time since last request: 0.000314 seconds.
  path: Assets/Resources/Sources/Prefabs/JustPrefab/deco/flower18.prefab
  artifactKey: Guid(aaa9c40017885c144b10a6f7b367e2f1) Importer(815301076,1909f56bfc062723c751e8b465ee728b)
Start importing Assets/Resources/Sources/Prefabs/JustPrefab/deco/flower18.prefab using Guid(aaa9c40017885c144b10a6f7b367e2f1) Importer(815301076,1909f56bfc062723c751e8b465ee728b)  -> (artifact id: '1bd8875487800745365db3d9639b5b2f') in 0.016800 seconds
  Import took 0.022504 seconds .

========================================================================
Received Import Request.
  Time since last request: 0.000305 seconds.
  path: Assets/Resources/Sources/Prefabs/JustPrefab/deco/flower22.prefab
  artifactKey: Guid(d2ef8a62fb5df9644a06cdf9bd9d1ad3) Importer(815301076,1909f56bfc062723c751e8b465ee728b)
Start importing Assets/Resources/Sources/Prefabs/JustPrefab/deco/flower22.prefab using Guid(d2ef8a62fb5df9644a06cdf9bd9d1ad3) Importer(815301076,1909f56bfc062723c751e8b465ee728b)  -> (artifact id: 'b521ab1411805c2c34cfe8ffaf907859') in 0.016298 seconds
  Import took 0.022039 seconds .

========================================================================
Received Import Request.
  Time since last request: 0.000268 seconds.
  path: Assets/Resources/Sources/Prefabs/JustPrefab/deco/flower20.prefab
  artifactKey: Guid(b00ab7cc22e1a76448b65fb275e3266b) Importer(815301076,1909f56bfc062723c751e8b465ee728b)
Start importing Assets/Resources/Sources/Prefabs/JustPrefab/deco/flower20.prefab using Guid(b00ab7cc22e1a76448b65fb275e3266b) Importer(815301076,1909f56bfc062723c751e8b465ee728b)  -> (artifact id: '1c14b250e02cfbbcbb99466cb91d9308') in 0.022492 seconds
  Import took 0.029514 seconds .

========================================================================
Received Import Request.
  Time since last request: 0.000315 seconds.
  path: Assets/Resources/Sources/Prefabs/JustPrefab/deco/flower19.prefab
  artifactKey: Guid(4ff9dcb16ef0a0e49badcbaef92be5e5) Importer(815301076,1909f56bfc062723c751e8b465ee728b)
Start importing Assets/Resources/Sources/Prefabs/JustPrefab/deco/flower19.prefab using Guid(4ff9dcb16ef0a0e49badcbaef92be5e5) Importer(815301076,1909f56bfc062723c751e8b465ee728b)  -> (artifact id: '9f9d430b76b0ae420e10faf02fe8c3dc') in 0.017488 seconds
  Import took 0.023669 seconds .

========================================================================
Received Import Request.
  Time since last request: 0.000316 seconds.
  path: Assets/Resources/Sources/Prefabs/JustPrefab/deco/flower16.prefab
  artifactKey: Guid(e8da2cf46c7a4b8438e05731572f35a1) Importer(815301076,1909f56bfc062723c751e8b465ee728b)
Start importing Assets/Resources/Sources/Prefabs/JustPrefab/deco/flower16.prefab using Guid(e8da2cf46c7a4b8438e05731572f35a1) Importer(815301076,1909f56bfc062723c751e8b465ee728b)  -> (artifact id: '9f3eb28a0b79c9478afd9ab47e3f64f6') in 0.018274 seconds
  Import took 0.024225 seconds .

========================================================================
Received Import Request.
  Time since last request: 0.000332 seconds.
  path: Assets/Resources/Sources/Prefabs/JustPrefab/deco/flower17.prefab
  artifactKey: Guid(38a09014c3196084f82984e26936cfe6) Importer(815301076,1909f56bfc062723c751e8b465ee728b)
Start importing Assets/Resources/Sources/Prefabs/JustPrefab/deco/flower17.prefab using Guid(38a09014c3196084f82984e26936cfe6) Importer(815301076,1909f56bfc062723c751e8b465ee728b)  -> (artifact id: '2b0314eb46eb1c8e9a44a9a7e25ba537') in 0.018856 seconds
  Import took 0.025003 seconds .

========================================================================
Received Import Request.
  Time since last request: 0.035260 seconds.
  path: Assets/Resources/Sources/Prefabs/JustPrefab/deco/flower12.prefab
  artifactKey: Guid(7d95abcc6d707594fa641f8cfb73e469) Importer(815301076,1909f56bfc062723c751e8b465ee728b)
Start importing Assets/Resources/Sources/Prefabs/JustPrefab/deco/flower12.prefab using Guid(7d95abcc6d707594fa641f8cfb73e469) Importer(815301076,1909f56bfc062723c751e8b465ee728b)  -> (artifact id: '67ea199cde4dd7f3f22eca96bf228bc9') in 0.021004 seconds
  Import took 0.027692 seconds .

========================================================================
Received Import Request.
  Time since last request: 0.000311 seconds.
  path: Assets/Resources/Sources/Prefabs/JustPrefab/deco/flower13.prefab
  artifactKey: Guid(4187a61ea5875ae47b89a71ca5e1a761) Importer(815301076,1909f56bfc062723c751e8b465ee728b)
Start importing Assets/Resources/Sources/Prefabs/JustPrefab/deco/flower13.prefab using Guid(4187a61ea5875ae47b89a71ca5e1a761) Importer(815301076,1909f56bfc062723c751e8b465ee728b)  -> (artifact id: '55300b196a38c81a01dcdae05f2ab3b8') in 0.017978 seconds
  Import took 0.024584 seconds .

========================================================================
Received Import Request.
  Time since last request: 0.020827 seconds.
  path: Assets/Resources/Sources/Prefabs/JustPrefab/deco/flower11.prefab
  artifactKey: Guid(4df6ec1d90962414f86c59d3ae94ffd0) Importer(815301076,1909f56bfc062723c751e8b465ee728b)
Start importing Assets/Resources/Sources/Prefabs/JustPrefab/deco/flower11.prefab using Guid(4df6ec1d90962414f86c59d3ae94ffd0) Importer(815301076,1909f56bfc062723c751e8b465ee728b)  -> (artifact id: '5cf04491f95b154741de299f73893027') in 0.022080 seconds
  Import took 0.028264 seconds .

========================================================================
Received Import Request.
  Time since last request: 0.099235 seconds.
  path: Assets/Resources/Sources/Prefabs/JustPrefab/deco/flower23.prefab
  artifactKey: Guid(f4cf19b46d3939b4fbd246a97966e844) Importer(815301076,1909f56bfc062723c751e8b465ee728b)
Start importing Assets/Resources/Sources/Prefabs/JustPrefab/deco/flower23.prefab using Guid(f4cf19b46d3939b4fbd246a97966e844) Importer(815301076,1909f56bfc062723c751e8b465ee728b)  -> (artifact id: 'd98c22517852349f67d51a4d1618bf2c') in 0.019716 seconds
  Import took 0.026238 seconds .

========================================================================
Received Import Request.
  Time since last request: 0.000258 seconds.
  path: Assets/Resources/Sources/Prefabs/JustPrefab/deco/flower25.prefab
  artifactKey: Guid(c67ddda6197a1a94ebd49613d139ff94) Importer(815301076,1909f56bfc062723c751e8b465ee728b)
Start importing Assets/Resources/Sources/Prefabs/JustPrefab/deco/flower25.prefab using Guid(c67ddda6197a1a94ebd49613d139ff94) Importer(815301076,1909f56bfc062723c751e8b465ee728b)  -> (artifact id: '4eca68555a9e4485d79dcc0ba0a56552') in 0.016976 seconds
  Import took 0.023155 seconds .

========================================================================
Received Import Request.
  Time since last request: 0.000264 seconds.
  path: Assets/Resources/Sources/Prefabs/JustPrefab/deco/flower23.prefab
  artifactKey: Guid(f4cf19b46d3939b4fbd246a97966e844) Importer(815301076,1909f56bfc062723c751e8b465ee728b)
Start importing Assets/Resources/Sources/Prefabs/JustPrefab/deco/flower23.prefab using Guid(f4cf19b46d3939b4fbd246a97966e844) Importer(815301076,1909f56bfc062723c751e8b465ee728b)  -> (artifact id: 'd98c22517852349f67d51a4d1618bf2c') in 0.010165 seconds
  Import took 0.016822 seconds .

========================================================================
Received Import Request.
  Time since last request: 0.000313 seconds.
  path: Assets/Resources/Sources/Prefabs/JustPrefab/deco/flower24.prefab
  artifactKey: Guid(1330d700a83955948b1ceb412160c896) Importer(815301076,1909f56bfc062723c751e8b465ee728b)
Start importing Assets/Resources/Sources/Prefabs/JustPrefab/deco/flower24.prefab using Guid(1330d700a83955948b1ceb412160c896) Importer(815301076,1909f56bfc062723c751e8b465ee728b)  -> (artifact id: 'ed80b9b31ae01cb4ee6e34620a031489') in 0.020328 seconds
  Import took 0.026884 seconds .

========================================================================
Received Import Request.
  Time since last request: 0.000210 seconds.
  path: Assets/Resources/Sources/Prefabs/JustPrefab/deco/flower26.prefab
  artifactKey: Guid(740f1e73e6eb87943b3b1a00521aed7c) Importer(815301076,1909f56bfc062723c751e8b465ee728b)
Start importing Assets/Resources/Sources/Prefabs/JustPrefab/deco/flower26.prefab using Guid(740f1e73e6eb87943b3b1a00521aed7c) Importer(815301076,1909f56bfc062723c751e8b465ee728b)  -> (artifact id: 'c0a071d7dbb21276d9b7ea4186bdda5a') in 0.018322 seconds
  Import took 0.024392 seconds .

========================================================================
Received Import Request.
  Time since last request: 0.092801 seconds.
  path: Assets/Resources/Sources/Prefabs/JustPrefab/deco/flower27.prefab
  artifactKey: Guid(0d687670481c3d745947b4497ff68b14) Importer(815301076,1909f56bfc062723c751e8b465ee728b)
Start importing Assets/Resources/Sources/Prefabs/JustPrefab/deco/flower27.prefab using Guid(0d687670481c3d745947b4497ff68b14) Importer(815301076,1909f56bfc062723c751e8b465ee728b)  -> (artifact id: '053243be7d0969b691e401475e9155f1') in 0.020890 seconds
  Import took 0.027428 seconds .

========================================================================
Received Import Request.
  Time since last request: 0.087901 seconds.
  path: Assets/Resources/Sources/Prefabs/JustPrefab/deco/flower28.prefab
  artifactKey: Guid(b96940f452a26004f86cb7edb99bddb1) Importer(815301076,1909f56bfc062723c751e8b465ee728b)
Start importing Assets/Resources/Sources/Prefabs/JustPrefab/deco/flower28.prefab using Guid(b96940f452a26004f86cb7edb99bddb1) Importer(815301076,1909f56bfc062723c751e8b465ee728b)  -> (artifact id: '45db57472690de078ecbb12a324e4f19') in 0.021207 seconds
  Import took 0.027904 seconds .

========================================================================
Received Import Request.
  Time since last request: 0.000272 seconds.
  path: Assets/Resources/Sources/Prefabs/JustPrefab/deco/MushGreen.prefab
  artifactKey: Guid(a23fda00e86ab9144a4fbaad74a3dd70) Importer(815301076,1909f56bfc062723c751e8b465ee728b)
Start importing Assets/Resources/Sources/Prefabs/JustPrefab/deco/MushGreen.prefab using Guid(a23fda00e86ab9144a4fbaad74a3dd70) Importer(815301076,1909f56bfc062723c751e8b465ee728b)  -> (artifact id: '0b6a5b0ebc5da24ede780057a1c4d68a') in 0.021117 seconds
  Import took 0.026977 seconds .

========================================================================
Received Import Request.
  Time since last request: 0.000301 seconds.
  path: Assets/Resources/Sources/Prefabs/JustPrefab/deco/MushBlue.prefab
  artifactKey: Guid(48fd371621ec80b41b31c3213fa7a5ce) Importer(815301076,1909f56bfc062723c751e8b465ee728b)
Start importing Assets/Resources/Sources/Prefabs/JustPrefab/deco/MushBlue.prefab using Guid(48fd371621ec80b41b31c3213fa7a5ce) Importer(815301076,1909f56bfc062723c751e8b465ee728b)  -> (artifact id: 'f6df5fa66134a6b75f0aadbb3572da3b') in 0.023446 seconds
  Import took 0.029454 seconds .

========================================================================
Received Import Request.
  Time since last request: 0.009947 seconds.
  path: Assets/Resources/Sources/Prefabs/JustPrefab/deco/MushRed.prefab
  artifactKey: Guid(2ea24a038092dc44a9b548dd580cfc90) Importer(815301076,1909f56bfc062723c751e8b465ee728b)
Start importing Assets/Resources/Sources/Prefabs/JustPrefab/deco/MushRed.prefab using Guid(2ea24a038092dc44a9b548dd580cfc90) Importer(815301076,1909f56bfc062723c751e8b465ee728b)  -> (artifact id: 'c674f908d42ccbf3ab9a09180639ade6') in 0.025749 seconds
  Import took 0.031870 seconds .

========================================================================
Received Import Request.
  Time since last request: 0.000284 seconds.
  path: Assets/Resources/Sources/Prefabs/JustPrefab/deco/rock2.prefab
  artifactKey: Guid(a112af7f3bf9f204e96ec7aa3637eb01) Importer(815301076,1909f56bfc062723c751e8b465ee728b)
Start importing Assets/Resources/Sources/Prefabs/JustPrefab/deco/rock2.prefab using Guid(a112af7f3bf9f204e96ec7aa3637eb01) Importer(815301076,1909f56bfc062723c751e8b465ee728b)  -> (artifact id: '3561a06c71aa2e391df1cf5ccfb0afb4') in 0.016909 seconds
  Import took 0.022577 seconds .

========================================================================
Received Import Request.
  Time since last request: 0.000283 seconds.
  path: Assets/Resources/Sources/Prefabs/JustPrefab/deco/rock1.prefab
  artifactKey: Guid(4293a5fd90e50a84a9adae68e703219e) Importer(815301076,1909f56bfc062723c751e8b465ee728b)
Start importing Assets/Resources/Sources/Prefabs/JustPrefab/deco/rock1.prefab using Guid(4293a5fd90e50a84a9adae68e703219e) Importer(815301076,1909f56bfc062723c751e8b465ee728b)  -> (artifact id: '5941910e1c3002a98a63ea2b5192c0c0') in 0.019173 seconds
  Import took 0.026801 seconds .

========================================================================
Received Import Request.
  Time since last request: 0.109740 seconds.
  path: Assets/Resources/Sources/Prefabs/JustPrefab/deco/rock3.prefab
  artifactKey: Guid(34b153726af4bc5488675714b72317c0) Importer(815301076,1909f56bfc062723c751e8b465ee728b)
Start importing Assets/Resources/Sources/Prefabs/JustPrefab/deco/rock3.prefab using Guid(34b153726af4bc5488675714b72317c0) Importer(815301076,1909f56bfc062723c751e8b465ee728b)  -> (artifact id: '6b240d117743be079806f191684fd3d6') in 0.023546 seconds
  Import took 0.031514 seconds .

========================================================================
Received Import Request.
  Time since last request: 0.000305 seconds.
  path: Assets/Resources/Sources/Prefabs/JustPrefab/deco/rock4.prefab
  artifactKey: Guid(9dcbe526262ce2f4788f45e4821a4701) Importer(815301076,1909f56bfc062723c751e8b465ee728b)
Start importing Assets/Resources/Sources/Prefabs/JustPrefab/deco/rock4.prefab using Guid(9dcbe526262ce2f4788f45e4821a4701) Importer(815301076,1909f56bfc062723c751e8b465ee728b)  -> (artifact id: 'bc19c8d1eb415ef361bf43143a5380cb') in 0.016059 seconds
  Import took 0.023069 seconds .

========================================================================
Received Import Request.
  Time since last request: 0.000321 seconds.
  path: Assets/Resources/Sources/Prefabs/JustPrefab/deco/rock6.prefab
  artifactKey: Guid(47c1a33d5dbc77f419a8ee4dfa405b6a) Importer(815301076,1909f56bfc062723c751e8b465ee728b)
Start importing Assets/Resources/Sources/Prefabs/JustPrefab/deco/rock6.prefab using Guid(47c1a33d5dbc77f419a8ee4dfa405b6a) Importer(815301076,1909f56bfc062723c751e8b465ee728b)  -> (artifact id: '18542d50ced13ddfeb75853614ef9b4c') in 0.017342 seconds
  Import took 0.023578 seconds .

========================================================================
Received Import Request.
  Time since last request: 0.000309 seconds.
  path: Assets/Resources/Sources/Prefabs/JustPrefab/deco/rock8.prefab
  artifactKey: Guid(e9f48287d7ff7c24aa255df52eb35c2f) Importer(815301076,1909f56bfc062723c751e8b465ee728b)
Start importing Assets/Resources/Sources/Prefabs/JustPrefab/deco/rock8.prefab using Guid(e9f48287d7ff7c24aa255df52eb35c2f) Importer(815301076,1909f56bfc062723c751e8b465ee728b)  -> (artifact id: '728c75bd44020a812927383b1dd7f045') in 0.016003 seconds
  Import took 0.021642 seconds .

========================================================================
Received Import Request.
  Time since last request: 0.000292 seconds.
  path: Assets/Resources/Sources/Prefabs/JustPrefab/deco/rock7.prefab
  artifactKey: Guid(a6a6619dba7efe140b73ef4f5b7c7faf) Importer(815301076,1909f56bfc062723c751e8b465ee728b)
Start importing Assets/Resources/Sources/Prefabs/JustPrefab/deco/rock7.prefab using Guid(a6a6619dba7efe140b73ef4f5b7c7faf) Importer(815301076,1909f56bfc062723c751e8b465ee728b)  -> (artifact id: '59adbef6dd57245f465f990f78bdeb62') in 0.018671 seconds
  Import took 0.024665 seconds .

========================================================================
Received Import Request.
  Time since last request: 0.000290 seconds.
  path: Assets/Resources/Sources/Prefabs/JustPrefab/deco/rock5.prefab
  artifactKey: Guid(886ba7cd8ea57064c9e59b8c12edd1c6) Importer(815301076,1909f56bfc062723c751e8b465ee728b)
Start importing Assets/Resources/Sources/Prefabs/JustPrefab/deco/rock5.prefab using Guid(886ba7cd8ea57064c9e59b8c12edd1c6) Importer(815301076,1909f56bfc062723c751e8b465ee728b)  -> (artifact id: '51d8800b8fafb9c25e121df401358025') in 0.019251 seconds
  Import took 0.025073 seconds .

========================================================================
Received Import Request.
  Time since last request: 0.075240 seconds.
  path: Assets/Resources/Sources/Prefabs/JustPrefab/deco/rock9.prefab
  artifactKey: Guid(ecaf0cf4a174c4146bf42549880278e3) Importer(815301076,1909f56bfc062723c751e8b465ee728b)
Start importing Assets/Resources/Sources/Prefabs/JustPrefab/deco/rock9.prefab using Guid(ecaf0cf4a174c4146bf42549880278e3) Importer(815301076,1909f56bfc062723c751e8b465ee728b)  -> (artifact id: 'a843a44114ed2666188dcb026f3e0f24') in 0.019284 seconds
  Import took 0.024998 seconds .

========================================================================
Received Import Request.
  Time since last request: 0.000320 seconds.
  path: Assets/Resources/Sources/Prefabs/JustPrefab/deco/rock10.prefab
  artifactKey: Guid(c428b767a587b2946b81453de7c75ecb) Importer(815301076,1909f56bfc062723c751e8b465ee728b)
Start importing Assets/Resources/Sources/Prefabs/JustPrefab/deco/rock10.prefab using Guid(c428b767a587b2946b81453de7c75ecb) Importer(815301076,1909f56bfc062723c751e8b465ee728b)  -> (artifact id: '44a397ae8312c2c60eb2bddb921974ea') in 0.017746 seconds
  Import took 0.023650 seconds .

========================================================================
Received Import Request.
  Time since last request: 1.451677 seconds.
  path: Assets/Resources/Sources/Prefabs/JustPrefab/deco/flower10.prefab
  artifactKey: Guid(f4c2df7149de6ef4e8f796c4912f438e) Importer(815301076,1909f56bfc062723c751e8b465ee728b)
Start importing Assets/Resources/Sources/Prefabs/JustPrefab/deco/flower10.prefab using Guid(f4c2df7149de6ef4e8f796c4912f438e) Importer(815301076,1909f56bfc062723c751e8b465ee728b)  -> (artifact id: 'e98a9e5e961aad85c7852afd09c0a434') in 0.020372 seconds
  Import took 0.026769 seconds .

========================================================================
Received Import Request.
  Time since last request: 0.000252 seconds.
  path: Assets/Resources/Sources/Prefabs/JustPrefab/deco/flower8.prefab
  artifactKey: Guid(3585644816385fb4b8fb348128868b45) Importer(815301076,1909f56bfc062723c751e8b465ee728b)
Start importing Assets/Resources/Sources/Prefabs/JustPrefab/deco/flower8.prefab using Guid(3585644816385fb4b8fb348128868b45) Importer(815301076,1909f56bfc062723c751e8b465ee728b)  -> (artifact id: '7bbde3ae0e5f6fb9523ac0f552293952') in 0.018158 seconds
  Import took 0.024906 seconds .

========================================================================
Received Import Request.
  Time since last request: 0.000200 seconds.
  path: Assets/Resources/Sources/Prefabs/JustPrefab/deco/flower9.prefab
  artifactKey: Guid(65ac395dc818f8d48b3566537ee9ddf7) Importer(815301076,1909f56bfc062723c751e8b465ee728b)
Start importing Assets/Resources/Sources/Prefabs/JustPrefab/deco/flower9.prefab using Guid(65ac395dc818f8d48b3566537ee9ddf7) Importer(815301076,1909f56bfc062723c751e8b465ee728b)  -> (artifact id: '3671e0b30b84584bde964519aa4b9a67') in 0.016645 seconds
  Import took 0.022263 seconds .

========================================================================
Received Import Request.
  Time since last request: 0.000404 seconds.
  path: Assets/Resources/Sources/Prefabs/JustPrefab/deco/flower10.prefab
  artifactKey: Guid(f4c2df7149de6ef4e8f796c4912f438e) Importer(815301076,1909f56bfc062723c751e8b465ee728b)
Start importing Assets/Resources/Sources/Prefabs/JustPrefab/deco/flower10.prefab using Guid(f4c2df7149de6ef4e8f796c4912f438e) Importer(815301076,1909f56bfc062723c751e8b465ee728b)  -> (artifact id: 'e98a9e5e961aad85c7852afd09c0a434') in 0.014678 seconds
  Import took 0.021367 seconds .

========================================================================
Received Import Request.
  Time since last request: 0.000235 seconds.
  path: Assets/Resources/Sources/Prefabs/JustPrefab/deco/flower7.prefab
  artifactKey: Guid(01cebedfadae90f44a4e476b6cec4852) Importer(815301076,1909f56bfc062723c751e8b465ee728b)
Start importing Assets/Resources/Sources/Prefabs/JustPrefab/deco/flower7.prefab using Guid(01cebedfadae90f44a4e476b6cec4852) Importer(815301076,1909f56bfc062723c751e8b465ee728b)  -> (artifact id: 'bb74403b4284c107f54bf2a51a5220e5') in 0.024702 seconds
  Import took 0.032245 seconds .

========================================================================
Received Import Request.
  Time since last request: 0.000336 seconds.
  path: Assets/Resources/Sources/Prefabs/JustPrefab/deco/flower6.prefab
  artifactKey: Guid(23635036613316043889f64d0012d3b3) Importer(815301076,1909f56bfc062723c751e8b465ee728b)
Start importing Assets/Resources/Sources/Prefabs/JustPrefab/deco/flower6.prefab using Guid(23635036613316043889f64d0012d3b3) Importer(815301076,1909f56bfc062723c751e8b465ee728b)  -> (artifact id: 'b1a5e82af849c8588021235c9fb6d868') in 0.017194 seconds
  Import took 0.023247 seconds .

========================================================================
Received Import Request.
  Time since last request: 0.010057 seconds.
  path: Assets/Resources/Sources/Prefabs/JustPrefab/deco/flower2.prefab
  artifactKey: Guid(c9486d4d3ad95aa4c8353751a98a2766) Importer(815301076,1909f56bfc062723c751e8b465ee728b)
Start importing Assets/Resources/Sources/Prefabs/JustPrefab/deco/flower2.prefab using Guid(c9486d4d3ad95aa4c8353751a98a2766) Importer(815301076,1909f56bfc062723c751e8b465ee728b)  -> (artifact id: 'dfb8d549486632ef6a913090bba5b95e') in 0.018998 seconds
  Import took 0.024847 seconds .

========================================================================
Received Import Request.
  Time since last request: 0.000232 seconds.
  path: Assets/Resources/Sources/Prefabs/JustPrefab/deco/flower4.prefab
  artifactKey: Guid(3a612d1ec51382743aa1cae59dada392) Importer(815301076,1909f56bfc062723c751e8b465ee728b)
Start importing Assets/Resources/Sources/Prefabs/JustPrefab/deco/flower4.prefab using Guid(3a612d1ec51382743aa1cae59dada392) Importer(815301076,1909f56bfc062723c751e8b465ee728b)  -> (artifact id: '2d0be77f13c2c120c011b5f4acd5c1b4') in 0.020155 seconds
  Import took 0.026193 seconds .

========================================================================
Received Import Request.
  Time since last request: 0.000270 seconds.
  path: Assets/Resources/Sources/Prefabs/JustPrefab/deco/flower5.prefab
  artifactKey: Guid(2620707a341f3a94492e839f293918db) Importer(815301076,1909f56bfc062723c751e8b465ee728b)
Start importing Assets/Resources/Sources/Prefabs/JustPrefab/deco/flower5.prefab using Guid(2620707a341f3a94492e839f293918db) Importer(815301076,1909f56bfc062723c751e8b465ee728b)  -> (artifact id: '3a12e2be0e310ea50c87c3cdc8896566') in 0.015624 seconds
  Import took 0.021745 seconds .

========================================================================
Received Import Request.
  Time since last request: 0.000200 seconds.
  path: Assets/Resources/Sources/Prefabs/JustPrefab/deco/flower3.prefab
  artifactKey: Guid(18fb3685f107fa54eb8c2e292ace4052) Importer(815301076,1909f56bfc062723c751e8b465ee728b)
Start importing Assets/Resources/Sources/Prefabs/JustPrefab/deco/flower3.prefab using Guid(18fb3685f107fa54eb8c2e292ace4052) Importer(815301076,1909f56bfc062723c751e8b465ee728b)  -> (artifact id: '55be80cf7cd6315bf595e87495e41aec') in 0.021132 seconds
  Import took 0.026971 seconds .

========================================================================
Received Import Request.
  Time since last request: 4.381569 seconds.
  path: Assets/Resources/Sources/Prefabs/Objs/Bullet.prefab
  artifactKey: Guid(bc9ba9c2ed454424faabbb939108cf62) Importer(815301076,1909f56bfc062723c751e8b465ee728b)
Start importing Assets/Resources/Sources/Prefabs/Objs/Bullet.prefab using Guid(bc9ba9c2ed454424faabbb939108cf62) Importer(815301076,1909f56bfc062723c751e8b465ee728b)  -> (artifact id: '275b5e84120c8b21967514ad65e65e01') in 0.019593 seconds
  Import took 0.025430 seconds .

========================================================================
Received Import Request.
  Time since last request: 0.000359 seconds.
  path: Assets/Resources/Sources/Prefabs/Objs/Exp_Big.prefab
  artifactKey: Guid(350a76e531125c649980dc17c3c78764) Importer(815301076,1909f56bfc062723c751e8b465ee728b)
Start importing Assets/Resources/Sources/Prefabs/Objs/Exp_Big.prefab using Guid(350a76e531125c649980dc17c3c78764) Importer(815301076,1909f56bfc062723c751e8b465ee728b)  -> (artifact id: 'b02afac13643ed06610e4a8e494ff696') in 0.018385 seconds
  Import took 0.023854 seconds .

========================================================================
Received Import Request.
  Time since last request: 0.000307 seconds.
  path: Assets/Resources/Sources/Prefabs/Objs/Slash.prefab
  artifactKey: Guid(3e5335dbe564cfd45b13eaf80ec644ce) Importer(815301076,1909f56bfc062723c751e8b465ee728b)
Start importing Assets/Resources/Sources/Prefabs/Objs/Slash.prefab using Guid(3e5335dbe564cfd45b13eaf80ec644ce) Importer(815301076,1909f56bfc062723c751e8b465ee728b)  -> (artifact id: '365b9968fed702e2ecc2fdd5d0b9d61b') in 0.039812 seconds
  Import took 0.045600 seconds .

========================================================================
Received Import Request.
  Time since last request: 0.000289 seconds.
  path: Assets/Resources/Sources/Prefabs/Objs/BulletItem.prefab
  artifactKey: Guid(7dfdc01248e4c944da3b93c41f60a069) Importer(815301076,1909f56bfc062723c751e8b465ee728b)
Start importing Assets/Resources/Sources/Prefabs/Objs/BulletItem.prefab using Guid(7dfdc01248e4c944da3b93c41f60a069) Importer(815301076,1909f56bfc062723c751e8b465ee728b)  -> (artifact id: 'ff0614c046d967565aea08b816f00aca') in 0.025431 seconds
  Import took 0.032347 seconds .

========================================================================
Received Import Request.
  Time since last request: 0.000294 seconds.
  path: Assets/Resources/Sources/Prefabs/Objs/Exp_Small.prefab
  artifactKey: Guid(0e767fd285948f141934e406fc8182ae) Importer(815301076,1909f56bfc062723c751e8b465ee728b)
Start importing Assets/Resources/Sources/Prefabs/Objs/Exp_Small.prefab using Guid(0e767fd285948f141934e406fc8182ae) Importer(815301076,1909f56bfc062723c751e8b465ee728b)  -> (artifact id: '077eaca1437890547a7a3f228821516e') in 0.017712 seconds
  Import took 0.024182 seconds .

========================================================================
Received Import Request.
  Time since last request: 0.000286 seconds.
  path: Assets/Resources/Sources/Prefabs/Objs/Exp_VeryBig.prefab
  artifactKey: Guid(1417362000963f24882f508851e550d3) Importer(815301076,1909f56bfc062723c751e8b465ee728b)
Start importing Assets/Resources/Sources/Prefabs/Objs/Exp_VeryBig.prefab using Guid(1417362000963f24882f508851e550d3) Importer(815301076,1909f56bfc062723c751e8b465ee728b)  -> (artifact id: '476a93ec096774c74bdabcb5b249d46b') in 0.017610 seconds
  Import took 0.023696 seconds .

========================================================================
Received Import Request.
  Time since last request: 0.000187 seconds.
  path: Assets/Resources/Sources/Prefabs/Objs/Slash_short.prefab
  artifactKey: Guid(52dd664e4a4da64408ce82284d7d3506) Importer(815301076,1909f56bfc062723c751e8b465ee728b)
Start importing Assets/Resources/Sources/Prefabs/Objs/Slash_short.prefab using Guid(52dd664e4a4da64408ce82284d7d3506) Importer(815301076,1909f56bfc062723c751e8b465ee728b)  -> (artifact id: '2aa1676fa73df21f0f9b870ec940d383') in 0.024051 seconds
  Import took 0.030954 seconds .

========================================================================
Received Import Request.
  Time since last request: 0.000324 seconds.
  path: Assets/Resources/Sources/Prefabs/Objs/Exp_VeryBig.prefab
  artifactKey: Guid(1417362000963f24882f508851e550d3) Importer(815301076,1909f56bfc062723c751e8b465ee728b)
Start importing Assets/Resources/Sources/Prefabs/Objs/Exp_VeryBig.prefab using Guid(1417362000963f24882f508851e550d3) Importer(815301076,1909f56bfc062723c751e8b465ee728b)  -> (artifact id: '476a93ec096774c74bdabcb5b249d46b') in 0.010631 seconds
  Import took 0.016587 seconds .

========================================================================
Received Import Request.
  Time since last request: 0.022184 seconds.
  path: Assets/Resources/Sources/Prefabs/Objs/Slash_short.prefab
  artifactKey: Guid(52dd664e4a4da64408ce82284d7d3506) Importer(815301076,1909f56bfc062723c751e8b465ee728b)
Start importing Assets/Resources/Sources/Prefabs/Objs/Slash_short.prefab using Guid(52dd664e4a4da64408ce82284d7d3506) Importer(815301076,1909f56bfc062723c751e8b465ee728b)  -> (artifact id: '2aa1676fa73df21f0f9b870ec940d383') in 0.011048 seconds
  Import took 0.018740 seconds .

========================================================================
Received Import Request.
  Time since last request: 5.084748 seconds.
  path: Assets/Resources/Sources/Prefabs/PhotonNetwork/Maps/TR.prefab
  artifactKey: Guid(2c85fc4fd3237e74a81f2199a687d459) Importer(815301076,1909f56bfc062723c751e8b465ee728b)
Start importing Assets/Resources/Sources/Prefabs/PhotonNetwork/Maps/TR.prefab using Guid(2c85fc4fd3237e74a81f2199a687d459) Importer(815301076,1909f56bfc062723c751e8b465ee728b)  -> (artifact id: '844d5897d43bc28753f9535675deb00c') in 0.032375 seconds
  Import took 0.038721 seconds .

========================================================================
Received Prepare
Shader 'Universal Render Pipeline/Particles/Lit': fallback shader 'Universal Render Pipeline/Particles/SimpleLit' not found
Refreshing native plugins compatible for Editor in 4.59 ms, found 1 plugins.
Preloading 0 native plugins for Editor in 0.00 ms.
Unloading 17 Unused Serialized files (Serialized files now loaded: 0)
System memory in use before: 126.3 MB.
System memory in use after: 126.5 MB.

Unloading 16 unused Assets to reduce memory usage. Loaded Objects now: 4212.
Total: 3.620100 ms (FindLiveObjects: 0.360100 ms CreateObjectMapping: 0.183000 ms MarkObjects: 3.060100 ms  DeleteObjects: 0.016000 ms)

========================================================================
Received Prepare
Registering precompiled user dll's ...
Registered in 0.007087 seconds.
Begin MonoManager ReloadAssembly
Symbol file LoadedFromMemory is not a mono symbol file
Native extension for WindowsStandalone target not found
Refreshing native plugins compatible for Editor in 2.00 ms, found 1 plugins.
Preloading 0 native plugins for Editor in 0.00 ms.
CreateSerializedAsset is not supported while importing out-of-process
UnityEngine.StackTraceUtility:ExtractStackTrace ()
PlayFab.PfEditor.PlayFabEditorPrefsSO:get_Instance () (at Assets/ETC/PlayFabEditorExtensions/Editor/Scripts/Utils/PlayFabEditorPrefsSO.cs:38)
PlayFab.PfEditor.SubMenuComponent:RegisterMenuItem (string,System.Action) (at Assets/ETC/PlayFabEditorExtensions/Editor/Scripts/Components/SubMenuComponent.cs:42)
PlayFab.PfEditor.PlayFabEditorDataMenu:RegisterMenu () (at Assets/ETC/PlayFabEditorExtensions/Editor/Scripts/Panels/PlayFabEditorDataMenu.cs:93)
PlayFab.PfEditor.PlayFabEditorDataMenu:.cctor () (at Assets/ETC/PlayFabEditorExtensions/Editor/Scripts/Panels/PlayFabEditorDataMenu.cs:74)
System.Runtime.CompilerServices.RuntimeHelpers:RunClassConstructor (System.RuntimeTypeHandle)
UnityEditor.EditorAssemblies:ProcessInitializeOnLoadAttributes (System.Type[])

[Assets/ETC/PlayFabEditorExtensions/Editor/Scripts/Utils/PlayFabEditorPrefsSO.cs line 38]

UnityEngine.UnityException: Creating asset at path Assets/PlayFabEditorExtensions/Editor/Resources/PlayFabEditorPrefsSO.asset failed.
  at (wrapper managed-to-native) UnityEditor.AssetDatabase.CreateAsset(UnityEngine.Object,string)
  at PlayFab.PfEditor.PlayFabEditorPrefsSO.get_Instance () [0x00084] in C:\Users\mingu\Documents\GitHub\Multy_Isaac\Multy_Isaac\Assets\ETC\PlayFabEditorExtensions\Editor\Scripts\Utils\PlayFabEditorPrefsSO.cs:38 
  at PlayFab.PfEditor.SubMenuComponent.RegisterMenuItem (System.String n, System.Action m) [0x00010] in C:\Users\mingu\Documents\GitHub\Multy_Isaac\Multy_Isaac\Assets\ETC\PlayFabEditorExtensions\Editor\Scripts\Components\SubMenuComponent.cs:42 
  at PlayFab.PfEditor.PlayFabEditorDataMenu.RegisterMenu () [0x00018] in C:\Users\mingu\Documents\GitHub\Multy_Isaac\Multy_Isaac\Assets\ETC\PlayFabEditorExtensions\Editor\Scripts\Panels\PlayFabEditorDataMenu.cs:93 
  at PlayFab.PfEditor.PlayFabEditorDataMenu..cctor () [0x0003a] in C:\Users\mingu\Documents\GitHub\Multy_Isaac\Multy_Isaac\Assets\ETC\PlayFabEditorExtensions\Editor\Scripts\Panels\PlayFabEditorDataMenu.cs:74 
UnityEngine.StackTraceUtility:ExtractStackTrace ()
UnityEngine.DebugLogHandler:LogFormat (UnityEngine.LogType,UnityEngine.Object,string,object[])
UnityEngine.Logger:Log (UnityEngine.LogType,object)
UnityEngine.Debug:LogError (object)
UnityEditor.EditorAssemblies:ProcessInitializeOnLoadAttributes (System.Type[])

Invoked RoslynAnalysisRunner static constructor.
RoslynAnalysisRunner will not be running.
RoslynAnalysisRunner has terminated.
Mono: successfully reloaded assembly
- Completed reload, in  1.518 seconds
Platform modules already initialized, skipping
Shader 'Universal Render Pipeline/Particles/Lit': fallback shader 'Universal Render Pipeline/Particles/SimpleLit' not found
Refreshing native plugins compatible for Editor in 1.34 ms, found 1 plugins.
Preloading 0 native plugins for Editor in 0.00 ms.
Unloading 3435 Unused Serialized files (Serialized files now loaded: 0)
System memory in use before: 190.0 MB.
System memory in use after: 190.2 MB.

Unloading 23 unused Assets to reduce memory usage. Loaded Objects now: 4195.
Total: 6.186500 ms (FindLiveObjects: 1.426000 ms CreateObjectMapping: 0.512700 ms MarkObjects: 4.217800 ms  DeleteObjects: 0.027900 ms)

========================================================================
Received Import Request.
  Time since last request: 356.210351 seconds.
  path: Assets/Resources/Sources/Scenes/Main.unity
  artifactKey: Guid(64ce973463800fb4eabb9ba97dfbb0a7) Importer(815301076,1909f56bfc062723c751e8b465ee728b)
Start importing Assets/Resources/Sources/Scenes/Main.unity using Guid(64ce973463800fb4eabb9ba97dfbb0a7) Importer(815301076,1909f56bfc062723c751e8b465ee728b)  -> (artifact id: '80c1ba08f08debc66722c8b2afc9c1dd') in 0.024442 seconds
  Import took 0.031054 seconds .

========================================================================
Received Import Request.
  Time since last request: 0.732187 seconds.
  path: Assets/Resources/Sources/Scenes/Play.unity
  artifactKey: Guid(2cda990e2423bbf4892e6590ba056729) Importer(815301076,1909f56bfc062723c751e8b465ee728b)
Start importing Assets/Resources/Sources/Scenes/Play.unity using Guid(2cda990e2423bbf4892e6590ba056729) Importer(815301076,1909f56bfc062723c751e8b465ee728b)  -> (artifact id: 'd3c6ce9aac424d7e18bc36a65c6d81f8') in 0.008037 seconds
  Import took 0.015659 seconds .

========================================================================
Received Prepare
Registering precompiled user dll's ...
Registered in 0.005774 seconds.
Begin MonoManager ReloadAssembly
Symbol file LoadedFromMemory is not a mono symbol file
Native extension for WindowsStandalone target not found
Refreshing native plugins compatible for Editor in 1.08 ms, found 1 plugins.
Preloading 0 native plugins for Editor in 0.00 ms.
CreateSerializedAsset is not supported while importing out-of-process
UnityEngine.StackTraceUtility:ExtractStackTrace ()
PlayFab.PfEditor.PlayFabEditorPrefsSO:get_Instance () (at Assets/ETC/PlayFabEditorExtensions/Editor/Scripts/Utils/PlayFabEditorPrefsSO.cs:38)
PlayFab.PfEditor.SubMenuComponent:RegisterMenuItem (string,System.Action) (at Assets/ETC/PlayFabEditorExtensions/Editor/Scripts/Components/SubMenuComponent.cs:42)
PlayFab.PfEditor.PlayFabEditorDataMenu:RegisterMenu () (at Assets/ETC/PlayFabEditorExtensions/Editor/Scripts/Panels/PlayFabEditorDataMenu.cs:93)
PlayFab.PfEditor.PlayFabEditorDataMenu:.cctor () (at Assets/ETC/PlayFabEditorExtensions/Editor/Scripts/Panels/PlayFabEditorDataMenu.cs:74)
System.Runtime.CompilerServices.RuntimeHelpers:RunClassConstructor (System.RuntimeTypeHandle)
UnityEditor.EditorAssemblies:ProcessInitializeOnLoadAttributes (System.Type[])

[Assets/ETC/PlayFabEditorExtensions/Editor/Scripts/Utils/PlayFabEditorPrefsSO.cs line 38]

UnityEngine.UnityException: Creating asset at path Assets/PlayFabEditorExtensions/Editor/Resources/PlayFabEditorPrefsSO.asset failed.
  at (wrapper managed-to-native) UnityEditor.AssetDatabase.CreateAsset(UnityEngine.Object,string)
  at PlayFab.PfEditor.PlayFabEditorPrefsSO.get_Instance () [0x00084] in C:\Users\mingu\Documents\GitHub\Multy_Isaac\Multy_Isaac\Assets\ETC\PlayFabEditorExtensions\Editor\Scripts\Utils\PlayFabEditorPrefsSO.cs:38 
  at PlayFab.PfEditor.SubMenuComponent.RegisterMenuItem (System.String n, System.Action m) [0x00010] in C:\Users\mingu\Documents\GitHub\Multy_Isaac\Multy_Isaac\Assets\ETC\PlayFabEditorExtensions\Editor\Scripts\Components\SubMenuComponent.cs:42 
  at PlayFab.PfEditor.PlayFabEditorDataMenu.RegisterMenu () [0x00018] in C:\Users\mingu\Documents\GitHub\Multy_Isaac\Multy_Isaac\Assets\ETC\PlayFabEditorExtensions\Editor\Scripts\Panels\PlayFabEditorDataMenu.cs:93 
  at PlayFab.PfEditor.PlayFabEditorDataMenu..cctor () [0x0003a] in C:\Users\mingu\Documents\GitHub\Multy_Isaac\Multy_Isaac\Assets\ETC\PlayFabEditorExtensions\Editor\Scripts\Panels\PlayFabEditorDataMenu.cs:74 
UnityEngine.StackTraceUtility:ExtractStackTrace ()
UnityEngine.DebugLogHandler:LogFormat (UnityEngine.LogType,UnityEngine.Object,string,object[])
UnityEngine.Logger:Log (UnityEngine.LogType,object)
UnityEngine.Debug:LogError (object)
UnityEditor.EditorAssemblies:ProcessInitializeOnLoadAttributes (System.Type[])

Invoked RoslynAnalysisRunner static constructor.
RoslynAnalysisRunner will not be running.
RoslynAnalysisRunner has terminated.
Mono: successfully reloaded assembly
- Completed reload, in  1.235 seconds
Platform modules already initialized, skipping
Shader 'Universal Render Pipeline/Particles/Lit': fallback shader 'Universal Render Pipeline/Particles/SimpleLit' not found
Refreshing native plugins compatible for Editor in 1.97 ms, found 1 plugins.
Preloading 0 native plugins for Editor in 0.00 ms.
Unloading 3435 Unused Serialized files (Serialized files now loaded: 0)
System memory in use before: 190.0 MB.
System memory in use after: 190.3 MB.

Unloading 23 unused Assets to reduce memory usage. Loaded Objects now: 4199.
Total: 40.951600 ms (FindLiveObjects: 1.106100 ms CreateObjectMapping: 0.943000 ms MarkObjects: 38.858100 ms  DeleteObjects: 0.042200 ms)

========================================================================
Received Prepare
Shader 'Universal Render Pipeline/Particles/Lit': fallback shader 'Universal Render Pipeline/Particles/SimpleLit' not found
Refreshing native plugins compatible for Editor in 4.86 ms, found 1 plugins.
Preloading 0 native plugins for Editor in 0.00 ms.
Unloading 17 Unused Serialized files (Serialized files now loaded: 0)
System memory in use before: 122.6 MB.
System memory in use after: 122.9 MB.

Unloading 16 unused Assets to reduce memory usage. Loaded Objects now: 4199.
Total: 4.256000 ms (FindLiveObjects: 0.485800 ms CreateObjectMapping: 0.398800 ms MarkObjects: 3.352000 ms  DeleteObjects: 0.017900 ms)

========================================================================
Received Prepare
Registering precompiled user dll's ...
Registered in 0.008636 seconds.
Begin MonoManager ReloadAssembly
Symbol file LoadedFromMemory is not a mono symbol file
Native extension for WindowsStandalone target not found
Refreshing native plugins compatible for Editor in 2.41 ms, found 1 plugins.
Preloading 0 native plugins for Editor in 0.00 ms.
CreateSerializedAsset is not supported while importing out-of-process
UnityEngine.StackTraceUtility:ExtractStackTrace ()
PlayFab.PfEditor.PlayFabEditorPrefsSO:get_Instance () (at Assets/ETC/PlayFabEditorExtensions/Editor/Scripts/Utils/PlayFabEditorPrefsSO.cs:38)
PlayFab.PfEditor.SubMenuComponent:RegisterMenuItem (string,System.Action) (at Assets/ETC/PlayFabEditorExtensions/Editor/Scripts/Components/SubMenuComponent.cs:42)
PlayFab.PfEditor.PlayFabEditorDataMenu:RegisterMenu () (at Assets/ETC/PlayFabEditorExtensions/Editor/Scripts/Panels/PlayFabEditorDataMenu.cs:93)
PlayFab.PfEditor.PlayFabEditorDataMenu:.cctor () (at Assets/ETC/PlayFabEditorExtensions/Editor/Scripts/Panels/PlayFabEditorDataMenu.cs:74)
System.Runtime.CompilerServices.RuntimeHelpers:RunClassConstructor (System.RuntimeTypeHandle)
UnityEditor.EditorAssemblies:ProcessInitializeOnLoadAttributes (System.Type[])

[Assets/ETC/PlayFabEditorExtensions/Editor/Scripts/Utils/PlayFabEditorPrefsSO.cs line 38]

UnityEngine.UnityException: Creating asset at path Assets/PlayFabEditorExtensions/Editor/Resources/PlayFabEditorPrefsSO.asset failed.
  at (wrapper managed-to-native) UnityEditor.AssetDatabase.CreateAsset(UnityEngine.Object,string)
  at PlayFab.PfEditor.PlayFabEditorPrefsSO.get_Instance () [0x00084] in C:\Users\mingu\Documents\GitHub\Multy_Isaac\Multy_Isaac\Assets\ETC\PlayFabEditorExtensions\Editor\Scripts\Utils\PlayFabEditorPrefsSO.cs:38 
  at PlayFab.PfEditor.SubMenuComponent.RegisterMenuItem (System.String n, System.Action m) [0x00010] in C:\Users\mingu\Documents\GitHub\Multy_Isaac\Multy_Isaac\Assets\ETC\PlayFabEditorExtensions\Editor\Scripts\Components\SubMenuComponent.cs:42 
  at PlayFab.PfEditor.PlayFabEditorDataMenu.RegisterMenu () [0x00018] in C:\Users\mingu\Documents\GitHub\Multy_Isaac\Multy_Isaac\Assets\ETC\PlayFabEditorExtensions\Editor\Scripts\Panels\PlayFabEditorDataMenu.cs:93 
  at PlayFab.PfEditor.PlayFabEditorDataMenu..cctor () [0x0003a] in C:\Users\mingu\Documents\GitHub\Multy_Isaac\Multy_Isaac\Assets\ETC\PlayFabEditorExtensions\Editor\Scripts\Panels\PlayFabEditorDataMenu.cs:74 
UnityEngine.StackTraceUtility:ExtractStackTrace ()
UnityEngine.DebugLogHandler:LogFormat (UnityEngine.LogType,UnityEngine.Object,string,object[])
UnityEngine.Logger:Log (UnityEngine.LogType,object)
UnityEngine.Debug:LogError (object)
UnityEditor.EditorAssemblies:ProcessInitializeOnLoadAttributes (System.Type[])

Invoked RoslynAnalysisRunner static constructor.
RoslynAnalysisRunner will not be running.
RoslynAnalysisRunner has terminated.
Mono: successfully reloaded assembly
- Completed reload, in  1.644 seconds
Platform modules already initialized, skipping
Shader 'Universal Render Pipeline/Particles/Lit': fallback shader 'Universal Render Pipeline/Particles/SimpleLit' not found
Refreshing native plugins compatible for Editor in 1.17 ms, found 1 plugins.
Preloading 0 native plugins for Editor in 0.00 ms.
Unloading 3435 Unused Serialized files (Serialized files now loaded: 0)
System memory in use before: 190.0 MB.
System memory in use after: 190.3 MB.

Unloading 23 unused Assets to reduce memory usage. Loaded Objects now: 4203.
Total: 4.898100 ms (FindLiveObjects: 0.591300 ms CreateObjectMapping: 0.649600 ms MarkObjects: 3.628600 ms  DeleteObjects: 0.026700 ms)

========================================================================
Received Prepare
Registering precompiled user dll's ...
Registered in 0.007825 seconds.
Begin MonoManager ReloadAssembly
Symbol file LoadedFromMemory is not a mono symbol file
Native extension for WindowsStandalone target not found
Refreshing native plugins compatible for Editor in 1.05 ms, found 1 plugins.
Preloading 0 native plugins for Editor in 0.00 ms.
CreateSerializedAsset is not supported while importing out-of-process
UnityEngine.StackTraceUtility:ExtractStackTrace ()
PlayFab.PfEditor.PlayFabEditorPrefsSO:get_Instance () (at Assets/ETC/PlayFabEditorExtensions/Editor/Scripts/Utils/PlayFabEditorPrefsSO.cs:38)
PlayFab.PfEditor.SubMenuComponent:RegisterMenuItem (string,System.Action) (at Assets/ETC/PlayFabEditorExtensions/Editor/Scripts/Components/SubMenuComponent.cs:42)
PlayFab.PfEditor.PlayFabEditorDataMenu:RegisterMenu () (at Assets/ETC/PlayFabEditorExtensions/Editor/Scripts/Panels/PlayFabEditorDataMenu.cs:93)
PlayFab.PfEditor.PlayFabEditorDataMenu:.cctor () (at Assets/ETC/PlayFabEditorExtensions/Editor/Scripts/Panels/PlayFabEditorDataMenu.cs:74)
System.Runtime.CompilerServices.RuntimeHelpers:RunClassConstructor (System.RuntimeTypeHandle)
UnityEditor.EditorAssemblies:ProcessInitializeOnLoadAttributes (System.Type[])

[Assets/ETC/PlayFabEditorExtensions/Editor/Scripts/Utils/PlayFabEditorPrefsSO.cs line 38]

UnityEngine.UnityException: Creating asset at path Assets/PlayFabEditorExtensions/Editor/Resources/PlayFabEditorPrefsSO.asset failed.
  at (wrapper managed-to-native) UnityEditor.AssetDatabase.CreateAsset(UnityEngine.Object,string)
  at PlayFab.PfEditor.PlayFabEditorPrefsSO.get_Instance () [0x00084] in C:\Users\mingu\Documents\GitHub\Multy_Isaac\Multy_Isaac\Assets\ETC\PlayFabEditorExtensions\Editor\Scripts\Utils\PlayFabEditorPrefsSO.cs:38 
  at PlayFab.PfEditor.SubMenuComponent.RegisterMenuItem (System.String n, System.Action m) [0x00010] in C:\Users\mingu\Documents\GitHub\Multy_Isaac\Multy_Isaac\Assets\ETC\PlayFabEditorExtensions\Editor\Scripts\Components\SubMenuComponent.cs:42 
  at PlayFab.PfEditor.PlayFabEditorDataMenu.RegisterMenu () [0x00018] in C:\Users\mingu\Documents\GitHub\Multy_Isaac\Multy_Isaac\Assets\ETC\PlayFabEditorExtensions\Editor\Scripts\Panels\PlayFabEditorDataMenu.cs:93 
  at PlayFab.PfEditor.PlayFabEditorDataMenu..cctor () [0x0003a] in C:\Users\mingu\Documents\GitHub\Multy_Isaac\Multy_Isaac\Assets\ETC\PlayFabEditorExtensions\Editor\Scripts\Panels\PlayFabEditorDataMenu.cs:74 
UnityEngine.StackTraceUtility:ExtractStackTrace ()
UnityEngine.DebugLogHandler:LogFormat (UnityEngine.LogType,UnityEngine.Object,string,object[])
UnityEngine.Logger:Log (UnityEngine.LogType,object)
UnityEngine.Debug:LogError (object)
UnityEditor.EditorAssemblies:ProcessInitializeOnLoadAttributes (System.Type[])

Invoked RoslynAnalysisRunner static constructor.
RoslynAnalysisRunner will not be running.
RoslynAnalysisRunner has terminated.
Mono: successfully reloaded assembly
- Completed reload, in  1.088 seconds
Platform modules already initialized, skipping
Shader 'Universal Render Pipeline/Particles/Lit': fallback shader 'Universal Render Pipeline/Particles/SimpleLit' not found
Refreshing native plugins compatible for Editor in 1.06 ms, found 1 plugins.
Preloading 0 native plugins for Editor in 0.00 ms.
Unloading 3435 Unused Serialized files (Serialized files now loaded: 0)
System memory in use before: 190.0 MB.
System memory in use after: 190.2 MB.

Unloading 23 unused Assets to reduce memory usage. Loaded Objects now: 4207.
Total: 2.995300 ms (FindLiveObjects: 0.477000 ms CreateObjectMapping: 0.249800 ms MarkObjects: 2.238600 ms  DeleteObjects: 0.028500 ms)

========================================================================
Received Prepare
Registering precompiled user dll's ...
Registered in 0.006684 seconds.
Begin MonoManager ReloadAssembly
Symbol file LoadedFromMemory is not a mono symbol file
Native extension for WindowsStandalone target not found
Refreshing native plugins compatible for Editor in 1.10 ms, found 1 plugins.
Preloading 0 native plugins for Editor in 0.00 ms.
CreateSerializedAsset is not supported while importing out-of-process
UnityEngine.StackTraceUtility:ExtractStackTrace ()
PlayFab.PfEditor.PlayFabEditorPrefsSO:get_Instance () (at Assets/ETC/PlayFabEditorExtensions/Editor/Scripts/Utils/PlayFabEditorPrefsSO.cs:38)
PlayFab.PfEditor.SubMenuComponent:RegisterMenuItem (string,System.Action) (at Assets/ETC/PlayFabEditorExtensions/Editor/Scripts/Components/SubMenuComponent.cs:42)
PlayFab.PfEditor.PlayFabEditorDataMenu:RegisterMenu () (at Assets/ETC/PlayFabEditorExtensions/Editor/Scripts/Panels/PlayFabEditorDataMenu.cs:93)
PlayFab.PfEditor.PlayFabEditorDataMenu:.cctor () (at Assets/ETC/PlayFabEditorExtensions/Editor/Scripts/Panels/PlayFabEditorDataMenu.cs:74)
System.Runtime.CompilerServices.RuntimeHelpers:RunClassConstructor (System.RuntimeTypeHandle)
UnityEditor.EditorAssemblies:ProcessInitializeOnLoadAttributes (System.Type[])

[Assets/ETC/PlayFabEditorExtensions/Editor/Scripts/Utils/PlayFabEditorPrefsSO.cs line 38]

UnityEngine.UnityException: Creating asset at path Assets/PlayFabEditorExtensions/Editor/Resources/PlayFabEditorPrefsSO.asset failed.
  at (wrapper managed-to-native) UnityEditor.AssetDatabase.CreateAsset(UnityEngine.Object,string)
  at PlayFab.PfEditor.PlayFabEditorPrefsSO.get_Instance () [0x00084] in C:\Users\mingu\Documents\GitHub\Multy_Isaac\Multy_Isaac\Assets\ETC\PlayFabEditorExtensions\Editor\Scripts\Utils\PlayFabEditorPrefsSO.cs:38 
  at PlayFab.PfEditor.SubMenuComponent.RegisterMenuItem (System.String n, System.Action m) [0x00010] in C:\Users\mingu\Documents\GitHub\Multy_Isaac\Multy_Isaac\Assets\ETC\PlayFabEditorExtensions\Editor\Scripts\Components\SubMenuComponent.cs:42 
  at PlayFab.PfEditor.PlayFabEditorDataMenu.RegisterMenu () [0x00018] in C:\Users\mingu\Documents\GitHub\Multy_Isaac\Multy_Isaac\Assets\ETC\PlayFabEditorExtensions\Editor\Scripts\Panels\PlayFabEditorDataMenu.cs:93 
  at PlayFab.PfEditor.PlayFabEditorDataMenu..cctor () [0x0003a] in C:\Users\mingu\Documents\GitHub\Multy_Isaac\Multy_Isaac\Assets\ETC\PlayFabEditorExtensions\Editor\Scripts\Panels\PlayFabEditorDataMenu.cs:74 
UnityEngine.StackTraceUtility:ExtractStackTrace ()
UnityEngine.DebugLogHandler:LogFormat (UnityEngine.LogType,UnityEngine.Object,string,object[])
UnityEngine.Logger:Log (UnityEngine.LogType,object)
UnityEngine.Debug:LogError (object)
UnityEditor.EditorAssemblies:ProcessInitializeOnLoadAttributes (System.Type[])

Invoked RoslynAnalysisRunner static constructor.
RoslynAnalysisRunner will not be running.
RoslynAnalysisRunner has terminated.
Mono: successfully reloaded assembly
- Completed reload, in  1.385 seconds
Platform modules already initialized, skipping
Shader 'Universal Render Pipeline/Particles/Lit': fallback shader 'Universal Render Pipeline/Particles/SimpleLit' not found
Refreshing native plugins compatible for Editor in 1.56 ms, found 1 plugins.
Preloading 0 native plugins for Editor in 0.00 ms.
Unloading 3435 Unused Serialized files (Serialized files now loaded: 0)
System memory in use before: 190.1 MB.
System memory in use after: 190.3 MB.

Unloading 23 unused Assets to reduce memory usage. Loaded Objects now: 4211.
Total: 3.930800 ms (FindLiveObjects: 0.696500 ms CreateObjectMapping: 0.313900 ms MarkObjects: 2.880600 ms  DeleteObjects: 0.037500 ms)

========================================================================
Received Prepare
Registering precompiled user dll's ...
Registered in 0.007255 seconds.
Begin MonoManager ReloadAssembly
Symbol file LoadedFromMemory is not a mono symbol file
Native extension for WindowsStandalone target not found
Refreshing native plugins compatible for Editor in 1.23 ms, found 1 plugins.
Preloading 0 native plugins for Editor in 0.00 ms.
CreateSerializedAsset is not supported while importing out-of-process
UnityEngine.StackTraceUtility:ExtractStackTrace ()
PlayFab.PfEditor.PlayFabEditorPrefsSO:get_Instance () (at Assets/ETC/PlayFabEditorExtensions/Editor/Scripts/Utils/PlayFabEditorPrefsSO.cs:38)
PlayFab.PfEditor.SubMenuComponent:RegisterMenuItem (string,System.Action) (at Assets/ETC/PlayFabEditorExtensions/Editor/Scripts/Components/SubMenuComponent.cs:42)
PlayFab.PfEditor.PlayFabEditorDataMenu:RegisterMenu () (at Assets/ETC/PlayFabEditorExtensions/Editor/Scripts/Panels/PlayFabEditorDataMenu.cs:93)
PlayFab.PfEditor.PlayFabEditorDataMenu:.cctor () (at Assets/ETC/PlayFabEditorExtensions/Editor/Scripts/Panels/PlayFabEditorDataMenu.cs:74)
System.Runtime.CompilerServices.RuntimeHelpers:RunClassConstructor (System.RuntimeTypeHandle)
UnityEditor.EditorAssemblies:ProcessInitializeOnLoadAttributes (System.Type[])

[Assets/ETC/PlayFabEditorExtensions/Editor/Scripts/Utils/PlayFabEditorPrefsSO.cs line 38]

UnityEngine.UnityException: Creating asset at path Assets/PlayFabEditorExtensions/Editor/Resources/PlayFabEditorPrefsSO.asset failed.
  at (wrapper managed-to-native) UnityEditor.AssetDatabase.CreateAsset(UnityEngine.Object,string)
  at PlayFab.PfEditor.PlayFabEditorPrefsSO.get_Instance () [0x00084] in C:\Users\mingu\Documents\GitHub\Multy_Isaac\Multy_Isaac\Assets\ETC\PlayFabEditorExtensions\Editor\Scripts\Utils\PlayFabEditorPrefsSO.cs:38 
  at PlayFab.PfEditor.SubMenuComponent.RegisterMenuItem (System.String n, System.Action m) [0x00010] in C:\Users\mingu\Documents\GitHub\Multy_Isaac\Multy_Isaac\Assets\ETC\PlayFabEditorExtensions\Editor\Scripts\Components\SubMenuComponent.cs:42 
  at PlayFab.PfEditor.PlayFabEditorDataMenu.RegisterMenu () [0x00018] in C:\Users\mingu\Documents\GitHub\Multy_Isaac\Multy_Isaac\Assets\ETC\PlayFabEditorExtensions\Editor\Scripts\Panels\PlayFabEditorDataMenu.cs:93 
  at PlayFab.PfEditor.PlayFabEditorDataMenu..cctor () [0x0003a] in C:\Users\mingu\Documents\GitHub\Multy_Isaac\Multy_Isaac\Assets\ETC\PlayFabEditorExtensions\Editor\Scripts\Panels\PlayFabEditorDataMenu.cs:74 
UnityEngine.StackTraceUtility:ExtractStackTrace ()
UnityEngine.DebugLogHandler:LogFormat (UnityEngine.LogType,UnityEngine.Object,string,object[])
UnityEngine.Logger:Log (UnityEngine.LogType,object)
UnityEngine.Debug:LogError (object)
UnityEditor.EditorAssemblies:ProcessInitializeOnLoadAttributes (System.Type[])

Invoked RoslynAnalysisRunner static constructor.
RoslynAnalysisRunner will not be running.
RoslynAnalysisRunner has terminated.
Mono: successfully reloaded assembly
- Completed reload, in  1.155 seconds
Platform modules already initialized, skipping
Shader 'Universal Render Pipeline/Particles/Lit': fallback shader 'Universal Render Pipeline/Particles/SimpleLit' not found
Refreshing native plugins compatible for Editor in 1.06 ms, found 1 plugins.
Preloading 0 native plugins for Editor in 0.00 ms.
Unloading 3435 Unused Serialized files (Serialized files now loaded: 0)
System memory in use before: 190.1 MB.
System memory in use after: 190.3 MB.

Unloading 23 unused Assets to reduce memory usage. Loaded Objects now: 4215.
Total: 4.820100 ms (FindLiveObjects: 0.377600 ms CreateObjectMapping: 0.257300 ms MarkObjects: 4.123300 ms  DeleteObjects: 0.059700 ms)

========================================================================
Received Prepare
Registering precompiled user dll's ...
Registered in 0.010301 seconds.
Begin MonoManager ReloadAssembly
Symbol file LoadedFromMemory is not a mono symbol file
Native extension for WindowsStandalone target not found
Refreshing native plugins compatible for Editor in 1.63 ms, found 1 plugins.
Preloading 0 native plugins for Editor in 0.00 ms.
CreateSerializedAsset is not supported while importing out-of-process
UnityEngine.StackTraceUtility:ExtractStackTrace ()
PlayFab.PfEditor.PlayFabEditorPrefsSO:get_Instance () (at Assets/ETC/PlayFabEditorExtensions/Editor/Scripts/Utils/PlayFabEditorPrefsSO.cs:38)
PlayFab.PfEditor.SubMenuComponent:RegisterMenuItem (string,System.Action) (at Assets/ETC/PlayFabEditorExtensions/Editor/Scripts/Components/SubMenuComponent.cs:42)
PlayFab.PfEditor.PlayFabEditorDataMenu:RegisterMenu () (at Assets/ETC/PlayFabEditorExtensions/Editor/Scripts/Panels/PlayFabEditorDataMenu.cs:93)
PlayFab.PfEditor.PlayFabEditorDataMenu:.cctor () (at Assets/ETC/PlayFabEditorExtensions/Editor/Scripts/Panels/PlayFabEditorDataMenu.cs:74)
System.Runtime.CompilerServices.RuntimeHelpers:RunClassConstructor (System.RuntimeTypeHandle)
UnityEditor.EditorAssemblies:ProcessInitializeOnLoadAttributes (System.Type[])

[Assets/ETC/PlayFabEditorExtensions/Editor/Scripts/Utils/PlayFabEditorPrefsSO.cs line 38]

UnityEngine.UnityException: Creating asset at path Assets/PlayFabEditorExtensions/Editor/Resources/PlayFabEditorPrefsSO.asset failed.
  at (wrapper managed-to-native) UnityEditor.AssetDatabase.CreateAsset(UnityEngine.Object,string)
  at PlayFab.PfEditor.PlayFabEditorPrefsSO.get_Instance () [0x00084] in C:\Users\mingu\Documents\GitHub\Multy_Isaac\Multy_Isaac\Assets\ETC\PlayFabEditorExtensions\Editor\Scripts\Utils\PlayFabEditorPrefsSO.cs:38 
  at PlayFab.PfEditor.SubMenuComponent.RegisterMenuItem (System.String n, System.Action m) [0x00010] in C:\Users\mingu\Documents\GitHub\Multy_Isaac\Multy_Isaac\Assets\ETC\PlayFabEditorExtensions\Editor\Scripts\Components\SubMenuComponent.cs:42 
  at PlayFab.PfEditor.PlayFabEditorDataMenu.RegisterMenu () [0x00018] in C:\Users\mingu\Documents\GitHub\Multy_Isaac\Multy_Isaac\Assets\ETC\PlayFabEditorExtensions\Editor\Scripts\Panels\PlayFabEditorDataMenu.cs:93 
  at PlayFab.PfEditor.PlayFabEditorDataMenu..cctor () [0x0003a] in C:\Users\mingu\Documents\GitHub\Multy_Isaac\Multy_Isaac\Assets\ETC\PlayFabEditorExtensions\Editor\Scripts\Panels\PlayFabEditorDataMenu.cs:74 
UnityEngine.StackTraceUtility:ExtractStackTrace ()
UnityEngine.DebugLogHandler:LogFormat (UnityEngine.LogType,UnityEngine.Object,string,object[])
UnityEngine.Logger:Log (UnityEngine.LogType,object)
UnityEngine.Debug:LogError (object)
UnityEditor.EditorAssemblies:ProcessInitializeOnLoadAttributes (System.Type[])

Invoked RoslynAnalysisRunner static constructor.
RoslynAnalysisRunner will not be running.
RoslynAnalysisRunner has terminated.
Mono: successfully reloaded assembly
- Completed reload, in  1.441 seconds
Platform modules already initialized, skipping
Shader 'Universal Render Pipeline/Particles/Lit': fallback shader 'Universal Render Pipeline/Particles/SimpleLit' not found
Refreshing native plugins compatible for Editor in 3.22 ms, found 1 plugins.
Preloading 0 native plugins for Editor in 0.00 ms.
Unloading 3435 Unused Serialized files (Serialized files now loaded: 0)
System memory in use before: 190.1 MB.
System memory in use after: 190.3 MB.

Unloading 23 unused Assets to reduce memory usage. Loaded Objects now: 4219.
Total: 6.845900 ms (FindLiveObjects: 0.565300 ms CreateObjectMapping: 0.298900 ms MarkObjects: 5.919400 ms  DeleteObjects: 0.060500 ms)

========================================================================
Received Prepare
Registering precompiled user dll's ...
Registered in 0.006423 seconds.
Begin MonoManager ReloadAssembly
Symbol file LoadedFromMemory is not a mono symbol file
Native extension for WindowsStandalone target not found
Refreshing native plugins compatible for Editor in 2.51 ms, found 1 plugins.
Preloading 0 native plugins for Editor in 0.00 ms.
CreateSerializedAsset is not supported while importing out-of-process
UnityEngine.StackTraceUtility:ExtractStackTrace ()
PlayFab.PfEditor.PlayFabEditorPrefsSO:get_Instance () (at Assets/ETC/PlayFabEditorExtensions/Editor/Scripts/Utils/PlayFabEditorPrefsSO.cs:38)
PlayFab.PfEditor.SubMenuComponent:RegisterMenuItem (string,System.Action) (at Assets/ETC/PlayFabEditorExtensions/Editor/Scripts/Components/SubMenuComponent.cs:42)
PlayFab.PfEditor.PlayFabEditorDataMenu:RegisterMenu () (at Assets/ETC/PlayFabEditorExtensions/Editor/Scripts/Panels/PlayFabEditorDataMenu.cs:93)
PlayFab.PfEditor.PlayFabEditorDataMenu:.cctor () (at Assets/ETC/PlayFabEditorExtensions/Editor/Scripts/Panels/PlayFabEditorDataMenu.cs:74)
System.Runtime.CompilerServices.RuntimeHelpers:RunClassConstructor (System.RuntimeTypeHandle)
UnityEditor.EditorAssemblies:ProcessInitializeOnLoadAttributes (System.Type[])

[Assets/ETC/PlayFabEditorExtensions/Editor/Scripts/Utils/PlayFabEditorPrefsSO.cs line 38]

UnityEngine.UnityException: Creating asset at path Assets/PlayFabEditorExtensions/Editor/Resources/PlayFabEditorPrefsSO.asset failed.
  at (wrapper managed-to-native) UnityEditor.AssetDatabase.CreateAsset(UnityEngine.Object,string)
  at PlayFab.PfEditor.PlayFabEditorPrefsSO.get_Instance () [0x00084] in C:\Users\mingu\Documents\GitHub\Multy_Isaac\Multy_Isaac\Assets\ETC\PlayFabEditorExtensions\Editor\Scripts\Utils\PlayFabEditorPrefsSO.cs:38 
  at PlayFab.PfEditor.SubMenuComponent.RegisterMenuItem (System.String n, System.Action m) [0x00010] in C:\Users\mingu\Documents\GitHub\Multy_Isaac\Multy_Isaac\Assets\ETC\PlayFabEditorExtensions\Editor\Scripts\Components\SubMenuComponent.cs:42 
  at PlayFab.PfEditor.PlayFabEditorDataMenu.RegisterMenu () [0x00018] in C:\Users\mingu\Documents\GitHub\Multy_Isaac\Multy_Isaac\Assets\ETC\PlayFabEditorExtensions\Editor\Scripts\Panels\PlayFabEditorDataMenu.cs:93 
  at PlayFab.PfEditor.PlayFabEditorDataMenu..cctor () [0x0003a] in C:\Users\mingu\Documents\GitHub\Multy_Isaac\Multy_Isaac\Assets\ETC\PlayFabEditorExtensions\Editor\Scripts\Panels\PlayFabEditorDataMenu.cs:74 
UnityEngine.StackTraceUtility:ExtractStackTrace ()
UnityEngine.DebugLogHandler:LogFormat (UnityEngine.LogType,UnityEngine.Object,string,object[])
UnityEngine.Logger:Log (UnityEngine.LogType,object)
UnityEngine.Debug:LogError (object)
UnityEditor.EditorAssemblies:ProcessInitializeOnLoadAttributes (System.Type[])

Invoked RoslynAnalysisRunner static constructor.
RoslynAnalysisRunner will not be running.
RoslynAnalysisRunner has terminated.
Mono: successfully reloaded assembly
- Completed reload, in  1.151 seconds
Platform modules already initialized, skipping
Shader 'Universal Render Pipeline/Particles/Lit': fallback shader 'Universal Render Pipeline/Particles/SimpleLit' not found
Refreshing native plugins compatible for Editor in 1.06 ms, found 1 plugins.
Preloading 0 native plugins for Editor in 0.00 ms.
Unloading 3435 Unused Serialized files (Serialized files now loaded: 0)
System memory in use before: 190.1 MB.
System memory in use after: 190.3 MB.

Unloading 23 unused Assets to reduce memory usage. Loaded Objects now: 4223.
Total: 3.314900 ms (FindLiveObjects: 0.535400 ms CreateObjectMapping: 0.253400 ms MarkObjects: 2.497400 ms  DeleteObjects: 0.027600 ms)

AssetImportWorkerClient::OnTransportError - code=2 error=End of file
