Using pre-set license
Built from '2020.2/release' branch; Version is '2020.2.2f1 (068178b99f32) revision 426360'; Using compiler version '192528614'; Build Type 'Release'
OS: 'Windows 10 Pro; OS build 18363.1379; Version 1909; 64bit' Language: 'ko' Physical Memory: 16232 MB
BatchMode: 1, IsHumanControllingUs: 0, StartBugReporterOnCrash: 0, Is64bit: 1, IsPro: 0

 COMMAND LINE ARGUMENTS:
C:\Program Files\Unity\Hub\Editor\2020.2.2f1\Editor\Unity.exe
-adb2
-batchMode
-noUpm
-name
AssetImportWorker2
-projectPath
C:/Users/mingu/Documents/GitHub/Multy_Isaac/Multy_Isaac
-logFile
Logs/AssetImportWorker2.log
-srvPort
3557
Successfully changed project path to: C:/Users/mingu/Documents/GitHub/Multy_Isaac/Multy_Isaac
C:/Users/mingu/Documents/GitHub/Multy_Isaac/Multy_Isaac
Using Asset Import Pipeline V2.
Refreshing native plugins compatible for Editor in 128.83 ms, found 1 plugins.
Preloading 0 native plugins for Editor in 0.00 ms.
Initialize engine version: 2020.2.2f1 (068178b99f32)
[Subsystems] Discovering subsystems at path C:/Program Files/Unity/Hub/Editor/2020.2.2f1/Editor/Data/Resources/UnitySubsystems
[Subsystems] Discovering subsystems at path C:/Users/mingu/Documents/GitHub/Multy_Isaac/Multy_Isaac/Assets
GfxDevice: creating device client; threaded=0
Direct3D:
    Version:  Direct3D 11.0 [level 11.1]
    Renderer: NVIDIA GeForce GTX 1060 (ID=0x1c20)
    Vendor:   
    VRAM:     6052 MB
    Driver:   27.21.14.5167
Shader 'Universal Render Pipeline/Particles/Lit': fallback shader 'Universal Render Pipeline/Particles/SimpleLit' not found
Initialize mono
Mono path[0] = 'C:/Program Files/Unity/Hub/Editor/2020.2.2f1/Editor/Data/Managed'
Mono path[1] = 'C:/Program Files/Unity/Hub/Editor/2020.2.2f1/Editor/Data/MonoBleedingEdge/lib/mono/unityjit'
Mono config path = 'C:/Program Files/Unity/Hub/Editor/2020.2.2f1/Editor/Data/MonoBleedingEdge/etc'
Using monoOptions --debugger-agent=transport=dt_socket,embedding=1,server=y,suspend=n,address=127.0.0.1:56984
Begin MonoManager ReloadAssembly
Registering precompiled unity dll's ...
Register platform support module: C:/Program Files/Unity/Hub/Editor/2020.2.2f1/Editor/Data/PlaybackEngines/WindowsStandaloneSupport/UnityEditor.WindowsStandalone.Extensions.dll
Registered in 0.001608 seconds.
Native extension for WindowsStandalone target not found
Refreshing native plugins compatible for Editor in 114.29 ms, found 1 plugins.
Preloading 0 native plugins for Editor in 0.00 ms.
Invoked RoslynAnalysisRunner static constructor.
RoslynAnalysisRunner will not be running.
RoslynAnalysisRunner has terminated.
Mono: successfully reloaded assembly
- Completed reload, in  2.223 seconds
Platform modules already initialized, skipping
Registering precompiled user dll's ...
Registered in 0.009506 seconds.
Begin MonoManager ReloadAssembly
Symbol file LoadedFromMemory is not a mono symbol file
Native extension for WindowsStandalone target not found
Refreshing native plugins compatible for Editor in 120.41 ms, found 1 plugins.
Preloading 0 native plugins for Editor in 0.00 ms.
CreateSerializedAsset is not supported while importing out-of-process
UnityEngine.StackTraceUtility:ExtractStackTrace ()
PlayFab.PfEditor.PlayFabEditorPrefsSO:get_Instance () (at Assets/ETC/PlayFabEditorExtensions/Editor/Scripts/Utils/PlayFabEditorPrefsSO.cs:38)
PlayFab.PfEditor.SubMenuComponent:RegisterMenuItem (string,System.Action) (at Assets/ETC/PlayFabEditorExtensions/Editor/Scripts/Components/SubMenuComponent.cs:42)
PlayFab.PfEditor.PlayFabEditorDataMenu:RegisterMenu () (at Assets/ETC/PlayFabEditorExtensions/Editor/Scripts/Panels/PlayFabEditorDataMenu.cs:93)
PlayFab.PfEditor.PlayFabEditorDataMenu:.cctor () (at Assets/ETC/PlayFabEditorExtensions/Editor/Scripts/Panels/PlayFabEditorDataMenu.cs:74)
System.Runtime.CompilerServices.RuntimeHelpers:RunClassConstructor (System.RuntimeTypeHandle)
UnityEditor.EditorAssemblies:ProcessInitializeOnLoadAttributes (System.Type[])

[Assets/ETC/PlayFabEditorExtensions/Editor/Scripts/Utils/PlayFabEditorPrefsSO.cs line 38]

UnityEngine.UnityException: Creating asset at path Assets/PlayFabEditorExtensions/Editor/Resources/PlayFabEditorPrefsSO.asset failed.
  at (wrapper managed-to-native) UnityEditor.AssetDatabase.CreateAsset(UnityEngine.Object,string)
  at PlayFab.PfEditor.PlayFabEditorPrefsSO.get_Instance () [0x00084] in C:\Users\mingu\Documents\GitHub\Multy_Isaac\Multy_Isaac\Assets\ETC\PlayFabEditorExtensions\Editor\Scripts\Utils\PlayFabEditorPrefsSO.cs:38 
  at PlayFab.PfEditor.SubMenuComponent.RegisterMenuItem (System.String n, System.Action m) [0x00010] in C:\Users\mingu\Documents\GitHub\Multy_Isaac\Multy_Isaac\Assets\ETC\PlayFabEditorExtensions\Editor\Scripts\Components\SubMenuComponent.cs:42 
  at PlayFab.PfEditor.PlayFabEditorDataMenu.RegisterMenu () [0x00018] in C:\Users\mingu\Documents\GitHub\Multy_Isaac\Multy_Isaac\Assets\ETC\PlayFabEditorExtensions\Editor\Scripts\Panels\PlayFabEditorDataMenu.cs:93 
  at PlayFab.PfEditor.PlayFabEditorDataMenu..cctor () [0x0003a] in C:\Users\mingu\Documents\GitHub\Multy_Isaac\Multy_Isaac\Assets\ETC\PlayFabEditorExtensions\Editor\Scripts\Panels\PlayFabEditorDataMenu.cs:74 
UnityEngine.StackTraceUtility:ExtractStackTrace ()
UnityEngine.DebugLogHandler:LogFormat (UnityEngine.LogType,UnityEngine.Object,string,object[])
UnityEngine.Logger:Log (UnityEngine.LogType,object)
UnityEngine.Debug:LogError (object)
UnityEditor.EditorAssemblies:ProcessInitializeOnLoadAttributes (System.Type[])

Invoked RoslynAnalysisRunner static constructor.
RoslynAnalysisRunner will not be running.
RoslynAnalysisRunner has terminated.
Mono: successfully reloaded assembly
- Completed reload, in  1.384 seconds
Platform modules already initialized, skipping
========================================================================
Worker process is ready to serve import requests
Shader 'Universal Render Pipeline/Particles/Lit': fallback shader 'Universal Render Pipeline/Particles/SimpleLit' not found
Launched and connected shader compiler UnityShaderCompiler.exe after 0.06 seconds
Refreshing native plugins compatible for Editor in 1.15 ms, found 1 plugins.
Preloading 0 native plugins for Editor in 0.00 ms.
Unloading 3667 Unused Serialized files (Serialized files now loaded: 0)
System memory in use before: 199.0 MB.
System memory in use after: 199.3 MB.

Unloading 33 unused Assets to reduce memory usage. Loaded Objects now: 4148.
Total: 2.605200 ms (FindLiveObjects: 0.368900 ms CreateObjectMapping: 0.201100 ms MarkObjects: 2.004300 ms  DeleteObjects: 0.029900 ms)

========================================================================
Received Import Request.
  path: Assets/Resources/Sources/Items/item10.prefab
  artifactKey: Guid(e7199fbab4de615498e937d9a330a5c1) Importer(815301076,1909f56bfc062723c751e8b465ee728b)
Start importing Assets/Resources/Sources/Items/item10.prefab using Guid(e7199fbab4de615498e937d9a330a5c1) Importer(815301076,1909f56bfc062723c751e8b465ee728b)  -> (artifact id: 'a40150d9a1724e8aa7fed9e5a6d07ccc') in 0.247210 seconds
  Import took 0.256232 seconds .

========================================================================
Received Import Request.
  Time since last request: 6.696047 seconds.
  path: Assets/Resources/Sources/Items/item10.prefab
  artifactKey: Guid(e7199fbab4de615498e937d9a330a5c1) Importer(815301076,1909f56bfc062723c751e8b465ee728b)
Start importing Assets/Resources/Sources/Items/item10.prefab using Guid(e7199fbab4de615498e937d9a330a5c1) Importer(815301076,1909f56bfc062723c751e8b465ee728b)  -> (artifact id: '3dc4925aae159081d2f50261bcf902d1') in 0.014333 seconds
  Import took 0.026972 seconds .

========================================================================
Received Import Request.
  Time since last request: 6.440488 seconds.
  path: Assets/Resources/Sources/Items/item10.prefab
  artifactKey: Guid(e7199fbab4de615498e937d9a330a5c1) Importer(815301076,1909f56bfc062723c751e8b465ee728b)
Start importing Assets/Resources/Sources/Items/item10.prefab using Guid(e7199fbab4de615498e937d9a330a5c1) Importer(815301076,1909f56bfc062723c751e8b465ee728b)  -> (artifact id: 'fe6b100843637ce98fa34abb18984f27') in 0.014160 seconds
  Import took 0.028923 seconds .

========================================================================
Received Import Request.
  Time since last request: 7.407246 seconds.
  path: Assets/Resources/Sources/Items/item10.prefab
  artifactKey: Guid(e7199fbab4de615498e937d9a330a5c1) Importer(815301076,1909f56bfc062723c751e8b465ee728b)
Start importing Assets/Resources/Sources/Items/item10.prefab using Guid(e7199fbab4de615498e937d9a330a5c1) Importer(815301076,1909f56bfc062723c751e8b465ee728b)  -> (artifact id: '64d67ac5dbb6bbc2f14eccb372cfc3ad') in 0.016040 seconds
  Import took 0.024471 seconds .

========================================================================
Received Prepare
Registering precompiled user dll's ...
Registered in 0.005761 seconds.
Begin MonoManager ReloadAssembly
Symbol file LoadedFromMemory is not a mono symbol file
Native extension for WindowsStandalone target not found
Refreshing native plugins compatible for Editor in 2.66 ms, found 1 plugins.
Preloading 0 native plugins for Editor in 0.00 ms.
CreateSerializedAsset is not supported while importing out-of-process
UnityEngine.StackTraceUtility:ExtractStackTrace ()
PlayFab.PfEditor.PlayFabEditorPrefsSO:get_Instance () (at Assets/ETC/PlayFabEditorExtensions/Editor/Scripts/Utils/PlayFabEditorPrefsSO.cs:38)
PlayFab.PfEditor.SubMenuComponent:RegisterMenuItem (string,System.Action) (at Assets/ETC/PlayFabEditorExtensions/Editor/Scripts/Components/SubMenuComponent.cs:42)
PlayFab.PfEditor.PlayFabEditorDataMenu:RegisterMenu () (at Assets/ETC/PlayFabEditorExtensions/Editor/Scripts/Panels/PlayFabEditorDataMenu.cs:93)
PlayFab.PfEditor.PlayFabEditorDataMenu:.cctor () (at Assets/ETC/PlayFabEditorExtensions/Editor/Scripts/Panels/PlayFabEditorDataMenu.cs:74)
System.Runtime.CompilerServices.RuntimeHelpers:RunClassConstructor (System.RuntimeTypeHandle)
UnityEditor.EditorAssemblies:ProcessInitializeOnLoadAttributes (System.Type[])

[Assets/ETC/PlayFabEditorExtensions/Editor/Scripts/Utils/PlayFabEditorPrefsSO.cs line 38]

UnityEngine.UnityException: Creating asset at path Assets/PlayFabEditorExtensions/Editor/Resources/PlayFabEditorPrefsSO.asset failed.
  at (wrapper managed-to-native) UnityEditor.AssetDatabase.CreateAsset(UnityEngine.Object,string)
  at PlayFab.PfEditor.PlayFabEditorPrefsSO.get_Instance () [0x00084] in C:\Users\mingu\Documents\GitHub\Multy_Isaac\Multy_Isaac\Assets\ETC\PlayFabEditorExtensions\Editor\Scripts\Utils\PlayFabEditorPrefsSO.cs:38 
  at PlayFab.PfEditor.SubMenuComponent.RegisterMenuItem (System.String n, System.Action m) [0x00010] in C:\Users\mingu\Documents\GitHub\Multy_Isaac\Multy_Isaac\Assets\ETC\PlayFabEditorExtensions\Editor\Scripts\Components\SubMenuComponent.cs:42 
  at PlayFab.PfEditor.PlayFabEditorDataMenu.RegisterMenu () [0x00018] in C:\Users\mingu\Documents\GitHub\Multy_Isaac\Multy_Isaac\Assets\ETC\PlayFabEditorExtensions\Editor\Scripts\Panels\PlayFabEditorDataMenu.cs:93 
  at PlayFab.PfEditor.PlayFabEditorDataMenu..cctor () [0x0003a] in C:\Users\mingu\Documents\GitHub\Multy_Isaac\Multy_Isaac\Assets\ETC\PlayFabEditorExtensions\Editor\Scripts\Panels\PlayFabEditorDataMenu.cs:74 
UnityEngine.StackTraceUtility:ExtractStackTrace ()
UnityEngine.DebugLogHandler:LogFormat (UnityEngine.LogType,UnityEngine.Object,string,object[])
UnityEngine.Logger:Log (UnityEngine.LogType,object)
UnityEngine.Debug:LogError (object)
UnityEditor.EditorAssemblies:ProcessInitializeOnLoadAttributes (System.Type[])

Invoked RoslynAnalysisRunner static constructor.
RoslynAnalysisRunner will not be running.
RoslynAnalysisRunner has terminated.
Mono: successfully reloaded assembly
- Completed reload, in  1.608 seconds
Platform modules already initialized, skipping
Shader 'Universal Render Pipeline/Particles/Lit': fallback shader 'Universal Render Pipeline/Particles/SimpleLit' not found
Refreshing native plugins compatible for Editor in 1.44 ms, found 1 plugins.
Preloading 0 native plugins for Editor in 0.00 ms.
Unloading 3441 Unused Serialized files (Serialized files now loaded: 0)
System memory in use before: 190.2 MB.
System memory in use after: 190.5 MB.

Unloading 23 unused Assets to reduce memory usage. Loaded Objects now: 4197.
Total: 5.149700 ms (FindLiveObjects: 0.829400 ms CreateObjectMapping: 0.244200 ms MarkObjects: 4.037600 ms  DeleteObjects: 0.034800 ms)

========================================================================
Received Prepare
Registering precompiled user dll's ...
Registered in 0.005589 seconds.
Begin MonoManager ReloadAssembly
Symbol file LoadedFromMemory is not a mono symbol file
Native extension for WindowsStandalone target not found
Refreshing native plugins compatible for Editor in 1.06 ms, found 1 plugins.
Preloading 0 native plugins for Editor in 0.00 ms.
CreateSerializedAsset is not supported while importing out-of-process
UnityEngine.StackTraceUtility:ExtractStackTrace ()
PlayFab.PfEditor.PlayFabEditorPrefsSO:get_Instance () (at Assets/ETC/PlayFabEditorExtensions/Editor/Scripts/Utils/PlayFabEditorPrefsSO.cs:38)
PlayFab.PfEditor.SubMenuComponent:RegisterMenuItem (string,System.Action) (at Assets/ETC/PlayFabEditorExtensions/Editor/Scripts/Components/SubMenuComponent.cs:42)
PlayFab.PfEditor.PlayFabEditorDataMenu:RegisterMenu () (at Assets/ETC/PlayFabEditorExtensions/Editor/Scripts/Panels/PlayFabEditorDataMenu.cs:93)
PlayFab.PfEditor.PlayFabEditorDataMenu:.cctor () (at Assets/ETC/PlayFabEditorExtensions/Editor/Scripts/Panels/PlayFabEditorDataMenu.cs:74)
System.Runtime.CompilerServices.RuntimeHelpers:RunClassConstructor (System.RuntimeTypeHandle)
UnityEditor.EditorAssemblies:ProcessInitializeOnLoadAttributes (System.Type[])

[Assets/ETC/PlayFabEditorExtensions/Editor/Scripts/Utils/PlayFabEditorPrefsSO.cs line 38]

UnityEngine.UnityException: Creating asset at path Assets/PlayFabEditorExtensions/Editor/Resources/PlayFabEditorPrefsSO.asset failed.
  at (wrapper managed-to-native) UnityEditor.AssetDatabase.CreateAsset(UnityEngine.Object,string)
  at PlayFab.PfEditor.PlayFabEditorPrefsSO.get_Instance () [0x00084] in C:\Users\mingu\Documents\GitHub\Multy_Isaac\Multy_Isaac\Assets\ETC\PlayFabEditorExtensions\Editor\Scripts\Utils\PlayFabEditorPrefsSO.cs:38 
  at PlayFab.PfEditor.SubMenuComponent.RegisterMenuItem (System.String n, System.Action m) [0x00010] in C:\Users\mingu\Documents\GitHub\Multy_Isaac\Multy_Isaac\Assets\ETC\PlayFabEditorExtensions\Editor\Scripts\Components\SubMenuComponent.cs:42 
  at PlayFab.PfEditor.PlayFabEditorDataMenu.RegisterMenu () [0x00018] in C:\Users\mingu\Documents\GitHub\Multy_Isaac\Multy_Isaac\Assets\ETC\PlayFabEditorExtensions\Editor\Scripts\Panels\PlayFabEditorDataMenu.cs:93 
  at PlayFab.PfEditor.PlayFabEditorDataMenu..cctor () [0x0003a] in C:\Users\mingu\Documents\GitHub\Multy_Isaac\Multy_Isaac\Assets\ETC\PlayFabEditorExtensions\Editor\Scripts\Panels\PlayFabEditorDataMenu.cs:74 
UnityEngine.StackTraceUtility:ExtractStackTrace ()
UnityEngine.DebugLogHandler:LogFormat (UnityEngine.LogType,UnityEngine.Object,string,object[])
UnityEngine.Logger:Log (UnityEngine.LogType,object)
UnityEngine.Debug:LogError (object)
UnityEditor.EditorAssemblies:ProcessInitializeOnLoadAttributes (System.Type[])

Invoked RoslynAnalysisRunner static constructor.
RoslynAnalysisRunner will not be running.
RoslynAnalysisRunner has terminated.
Mono: successfully reloaded assembly
- Completed reload, in  1.090 seconds
Platform modules already initialized, skipping
Shader 'Universal Render Pipeline/Particles/Lit': fallback shader 'Universal Render Pipeline/Particles/SimpleLit' not found
Refreshing native plugins compatible for Editor in 1.08 ms, found 1 plugins.
Preloading 0 native plugins for Editor in 0.00 ms.
Unloading 3441 Unused Serialized files (Serialized files now loaded: 0)
System memory in use before: 190.3 MB.
System memory in use after: 190.5 MB.

Unloading 23 unused Assets to reduce memory usage. Loaded Objects now: 4201.
Total: 2.679300 ms (FindLiveObjects: 0.361800 ms CreateObjectMapping: 0.185300 ms MarkObjects: 2.106300 ms  DeleteObjects: 0.024700 ms)

========================================================================
Received Import Request.
  Time since last request: 2232.150004 seconds.
  path: Assets/Resources/Police.prefab
  artifactKey: Guid(ab482b3114c63ed469b05cdd54b99706) Importer(815301076,1909f56bfc062723c751e8b465ee728b)
Start importing Assets/Resources/Police.prefab using Guid(ab482b3114c63ed469b05cdd54b99706) Importer(815301076,1909f56bfc062723c751e8b465ee728b)  -> (artifact id: '08475358d34cbcd89da7a3294db378e4') in 0.184515 seconds
  Import took 0.200688 seconds .

========================================================================
Received Import Request.
  Time since last request: 15.160132 seconds.
  path: Assets/Resources/PistolBullet_2 1.prefab
  artifactKey: Guid(fe97dce35f5a3384c98d6f1e5bff92c5) Importer(815301076,1909f56bfc062723c751e8b465ee728b)
Start importing Assets/Resources/PistolBullet_2 1.prefab using Guid(fe97dce35f5a3384c98d6f1e5bff92c5) Importer(815301076,1909f56bfc062723c751e8b465ee728b)  -> (artifact id: '1cedc292cb66e8773f876856f05e64b4') in 0.020937 seconds
  Import took 0.035298 seconds .

========================================================================
Received Import Request.
  Time since last request: 7.339509 seconds.
  path: Assets/Resources/MissileBullet.prefab
  artifactKey: Guid(fe97dce35f5a3384c98d6f1e5bff92c5) Importer(815301076,1909f56bfc062723c751e8b465ee728b)
Start importing Assets/Resources/MissileBullet.prefab using Guid(fe97dce35f5a3384c98d6f1e5bff92c5) Importer(815301076,1909f56bfc062723c751e8b465ee728b)  -> (artifact id: '716ec21b8974811117c210d03088ef3e') in 0.023052 seconds
  Import took 0.031176 seconds .

========================================================================
Received Import Request.
  Time since last request: 70.329067 seconds.
  path: Assets/Resources/Sources/Images/Items/MissileBullet.png
  artifactKey: Guid(a02839417ae4e9b48a93b604fb97d828) Importer(815301076,1909f56bfc062723c751e8b465ee728b)
Start importing Assets/Resources/Sources/Images/Items/MissileBullet.png using Guid(a02839417ae4e9b48a93b604fb97d828) Importer(815301076,1909f56bfc062723c751e8b465ee728b)  -> (artifact id: '9fef21690ad1965091e068ab6dfb0086') in 0.248522 seconds
  Import took 0.256328 seconds .

========================================================================
Received Import Request.
  Time since last request: 0.002118 seconds.
  path: Assets/Resources/Sources/Images/Items/MissileBullet.png
  artifactKey: Guid(a02839417ae4e9b48a93b604fb97d828) Importer(815301076,1909f56bfc062723c751e8b465ee728b)
Start importing Assets/Resources/Sources/Images/Items/MissileBullet.png using Guid(a02839417ae4e9b48a93b604fb97d828) Importer(815301076,1909f56bfc062723c751e8b465ee728b)  -> (artifact id: '9fef21690ad1965091e068ab6dfb0086') in 0.007772 seconds
  Import took 0.014684 seconds .

========================================================================
Received Import Request.
  Time since last request: 4.620810 seconds.
  path: Assets/Resources/Sources/Images/Items/MissileBullet.png
  artifactKey: Guid(a02839417ae4e9b48a93b604fb97d828) Importer(815301076,1909f56bfc062723c751e8b465ee728b)
Start importing Assets/Resources/Sources/Images/Items/MissileBullet.png using Guid(a02839417ae4e9b48a93b604fb97d828) Importer(815301076,1909f56bfc062723c751e8b465ee728b)  -> (artifact id: '9a2e8def78a2a39b41bdd8828ac956d6') in 0.019935 seconds
  Import took 0.027096 seconds .

========================================================================
Received Import Request.
  Time since last request: 46.902422 seconds.
  path: Assets/Resources/MissileBullet.prefab
  artifactKey: Guid(fe97dce35f5a3384c98d6f1e5bff92c5) Importer(815301076,1909f56bfc062723c751e8b465ee728b)
Start importing Assets/Resources/MissileBullet.prefab using Guid(fe97dce35f5a3384c98d6f1e5bff92c5) Importer(815301076,1909f56bfc062723c751e8b465ee728b)  -> (artifact id: '0cdea870015303cc5d8c69eab8969f64') in 0.016253 seconds
  Import took 0.028108 seconds .

========================================================================
Received Import Request.
  Time since last request: 59.569088 seconds.
  path: Assets/Resources/SnowBullet.prefab
  artifactKey: Guid(53fd9b12ac2f4444b919dc8c8032eda0) Importer(815301076,1909f56bfc062723c751e8b465ee728b)
Start importing Assets/Resources/SnowBullet.prefab using Guid(53fd9b12ac2f4444b919dc8c8032eda0) Importer(815301076,1909f56bfc062723c751e8b465ee728b)  -> (artifact id: '720178a153f9b675d19d114925cc2122') in 0.025563 seconds
  Import took 0.039451 seconds .

========================================================================
Received Import Request.
  Time since last request: 10.045065 seconds.
  path: Assets/Resources/SnowBullet.prefab
  artifactKey: Guid(53fd9b12ac2f4444b919dc8c8032eda0) Importer(815301076,1909f56bfc062723c751e8b465ee728b)
Start importing Assets/Resources/SnowBullet.prefab using Guid(53fd9b12ac2f4444b919dc8c8032eda0) Importer(815301076,1909f56bfc062723c751e8b465ee728b)  -> (artifact id: '188ec0fe662631a92453a25c7e0a0990') in 0.025030 seconds
  Import took 0.032072 seconds .

========================================================================
Received Prepare
Registering precompiled user dll's ...
Registered in 0.005605 seconds.
Begin MonoManager ReloadAssembly
Symbol file LoadedFromMemory is not a mono symbol file
Native extension for WindowsStandalone target not found
Refreshing native plugins compatible for Editor in 1.08 ms, found 1 plugins.
Preloading 0 native plugins for Editor in 0.00 ms.
CreateSerializedAsset is not supported while importing out-of-process
UnityEngine.StackTraceUtility:ExtractStackTrace ()
PlayFab.PfEditor.PlayFabEditorPrefsSO:get_Instance () (at Assets/ETC/PlayFabEditorExtensions/Editor/Scripts/Utils/PlayFabEditorPrefsSO.cs:38)
PlayFab.PfEditor.SubMenuComponent:RegisterMenuItem (string,System.Action) (at Assets/ETC/PlayFabEditorExtensions/Editor/Scripts/Components/SubMenuComponent.cs:42)
PlayFab.PfEditor.PlayFabEditorDataMenu:RegisterMenu () (at Assets/ETC/PlayFabEditorExtensions/Editor/Scripts/Panels/PlayFabEditorDataMenu.cs:93)
PlayFab.PfEditor.PlayFabEditorDataMenu:.cctor () (at Assets/ETC/PlayFabEditorExtensions/Editor/Scripts/Panels/PlayFabEditorDataMenu.cs:74)
System.Runtime.CompilerServices.RuntimeHelpers:RunClassConstructor (System.RuntimeTypeHandle)
UnityEditor.EditorAssemblies:ProcessInitializeOnLoadAttributes (System.Type[])

[Assets/ETC/PlayFabEditorExtensions/Editor/Scripts/Utils/PlayFabEditorPrefsSO.cs line 38]

UnityEngine.UnityException: Creating asset at path Assets/PlayFabEditorExtensions/Editor/Resources/PlayFabEditorPrefsSO.asset failed.
  at (wrapper managed-to-native) UnityEditor.AssetDatabase.CreateAsset(UnityEngine.Object,string)
  at PlayFab.PfEditor.PlayFabEditorPrefsSO.get_Instance () [0x00084] in C:\Users\mingu\Documents\GitHub\Multy_Isaac\Multy_Isaac\Assets\ETC\PlayFabEditorExtensions\Editor\Scripts\Utils\PlayFabEditorPrefsSO.cs:38 
  at PlayFab.PfEditor.SubMenuComponent.RegisterMenuItem (System.String n, System.Action m) [0x00010] in C:\Users\mingu\Documents\GitHub\Multy_Isaac\Multy_Isaac\Assets\ETC\PlayFabEditorExtensions\Editor\Scripts\Components\SubMenuComponent.cs:42 
  at PlayFab.PfEditor.PlayFabEditorDataMenu.RegisterMenu () [0x00018] in C:\Users\mingu\Documents\GitHub\Multy_Isaac\Multy_Isaac\Assets\ETC\PlayFabEditorExtensions\Editor\Scripts\Panels\PlayFabEditorDataMenu.cs:93 
  at PlayFab.PfEditor.PlayFabEditorDataMenu..cctor () [0x0003a] in C:\Users\mingu\Documents\GitHub\Multy_Isaac\Multy_Isaac\Assets\ETC\PlayFabEditorExtensions\Editor\Scripts\Panels\PlayFabEditorDataMenu.cs:74 
UnityEngine.StackTraceUtility:ExtractStackTrace ()
UnityEngine.DebugLogHandler:LogFormat (UnityEngine.LogType,UnityEngine.Object,string,object[])
UnityEngine.Logger:Log (UnityEngine.LogType,object)
UnityEngine.Debug:LogError (object)
UnityEditor.EditorAssemblies:ProcessInitializeOnLoadAttributes (System.Type[])

Invoked RoslynAnalysisRunner static constructor.
RoslynAnalysisRunner will not be running.
RoslynAnalysisRunner has terminated.
Mono: successfully reloaded assembly
- Completed reload, in  1.052 seconds
Platform modules already initialized, skipping
Shader 'Universal Render Pipeline/Particles/Lit': fallback shader 'Universal Render Pipeline/Particles/SimpleLit' not found
Refreshing native plugins compatible for Editor in 1.07 ms, found 1 plugins.
Preloading 0 native plugins for Editor in 0.00 ms.
Unloading 3441 Unused Serialized files (Serialized files now loaded: 0)
System memory in use before: 190.6 MB.
System memory in use after: 190.9 MB.

Unloading 23 unused Assets to reduce memory usage. Loaded Objects now: 4244.
Total: 2.960600 ms (FindLiveObjects: 0.365500 ms CreateObjectMapping: 0.184200 ms MarkObjects: 2.383100 ms  DeleteObjects: 0.026400 ms)

========================================================================
Received Prepare
Registering precompiled user dll's ...
Registered in 0.007448 seconds.
Begin MonoManager ReloadAssembly
Symbol file LoadedFromMemory is not a mono symbol file
Native extension for WindowsStandalone target not found
Refreshing native plugins compatible for Editor in 1.75 ms, found 1 plugins.
Preloading 0 native plugins for Editor in 0.00 ms.
CreateSerializedAsset is not supported while importing out-of-process
UnityEngine.StackTraceUtility:ExtractStackTrace ()
PlayFab.PfEditor.PlayFabEditorPrefsSO:get_Instance () (at Assets/ETC/PlayFabEditorExtensions/Editor/Scripts/Utils/PlayFabEditorPrefsSO.cs:38)
PlayFab.PfEditor.SubMenuComponent:RegisterMenuItem (string,System.Action) (at Assets/ETC/PlayFabEditorExtensions/Editor/Scripts/Components/SubMenuComponent.cs:42)
PlayFab.PfEditor.PlayFabEditorDataMenu:RegisterMenu () (at Assets/ETC/PlayFabEditorExtensions/Editor/Scripts/Panels/PlayFabEditorDataMenu.cs:93)
PlayFab.PfEditor.PlayFabEditorDataMenu:.cctor () (at Assets/ETC/PlayFabEditorExtensions/Editor/Scripts/Panels/PlayFabEditorDataMenu.cs:74)
System.Runtime.CompilerServices.RuntimeHelpers:RunClassConstructor (System.RuntimeTypeHandle)
UnityEditor.EditorAssemblies:ProcessInitializeOnLoadAttributes (System.Type[])

[Assets/ETC/PlayFabEditorExtensions/Editor/Scripts/Utils/PlayFabEditorPrefsSO.cs line 38]

UnityEngine.UnityException: Creating asset at path Assets/PlayFabEditorExtensions/Editor/Resources/PlayFabEditorPrefsSO.asset failed.
  at (wrapper managed-to-native) UnityEditor.AssetDatabase.CreateAsset(UnityEngine.Object,string)
  at PlayFab.PfEditor.PlayFabEditorPrefsSO.get_Instance () [0x00084] in C:\Users\mingu\Documents\GitHub\Multy_Isaac\Multy_Isaac\Assets\ETC\PlayFabEditorExtensions\Editor\Scripts\Utils\PlayFabEditorPrefsSO.cs:38 
  at PlayFab.PfEditor.SubMenuComponent.RegisterMenuItem (System.String n, System.Action m) [0x00010] in C:\Users\mingu\Documents\GitHub\Multy_Isaac\Multy_Isaac\Assets\ETC\PlayFabEditorExtensions\Editor\Scripts\Components\SubMenuComponent.cs:42 
  at PlayFab.PfEditor.PlayFabEditorDataMenu.RegisterMenu () [0x00018] in C:\Users\mingu\Documents\GitHub\Multy_Isaac\Multy_Isaac\Assets\ETC\PlayFabEditorExtensions\Editor\Scripts\Panels\PlayFabEditorDataMenu.cs:93 
  at PlayFab.PfEditor.PlayFabEditorDataMenu..cctor () [0x0003a] in C:\Users\mingu\Documents\GitHub\Multy_Isaac\Multy_Isaac\Assets\ETC\PlayFabEditorExtensions\Editor\Scripts\Panels\PlayFabEditorDataMenu.cs:74 
UnityEngine.StackTraceUtility:ExtractStackTrace ()
UnityEngine.DebugLogHandler:LogFormat (UnityEngine.LogType,UnityEngine.Object,string,object[])
UnityEngine.Logger:Log (UnityEngine.LogType,object)
UnityEngine.Debug:LogError (object)
UnityEditor.EditorAssemblies:ProcessInitializeOnLoadAttributes (System.Type[])

Invoked RoslynAnalysisRunner static constructor.
RoslynAnalysisRunner will not be running.
RoslynAnalysisRunner has terminated.
Mono: successfully reloaded assembly
- Completed reload, in  1.678 seconds
Platform modules already initialized, skipping
Shader 'Universal Render Pipeline/Particles/Lit': fallback shader 'Universal Render Pipeline/Particles/SimpleLit' not found
Refreshing native plugins compatible for Editor in 1.24 ms, found 1 plugins.
Preloading 0 native plugins for Editor in 0.00 ms.
Unloading 3441 Unused Serialized files (Serialized files now loaded: 0)
System memory in use before: 190.7 MB.
System memory in use after: 190.9 MB.

Unloading 23 unused Assets to reduce memory usage. Loaded Objects now: 4248.
Total: 5.346100 ms (FindLiveObjects: 0.536300 ms CreateObjectMapping: 0.226500 ms MarkObjects: 4.547900 ms  DeleteObjects: 0.034000 ms)

========================================================================
Received Prepare
Registering precompiled user dll's ...
Registered in 0.006293 seconds.
Begin MonoManager ReloadAssembly
Symbol file LoadedFromMemory is not a mono symbol file
Native extension for WindowsStandalone target not found
Refreshing native plugins compatible for Editor in 1.14 ms, found 1 plugins.
Preloading 0 native plugins for Editor in 0.00 ms.
CreateSerializedAsset is not supported while importing out-of-process
UnityEngine.StackTraceUtility:ExtractStackTrace ()
PlayFab.PfEditor.PlayFabEditorPrefsSO:get_Instance () (at Assets/ETC/PlayFabEditorExtensions/Editor/Scripts/Utils/PlayFabEditorPrefsSO.cs:38)
PlayFab.PfEditor.SubMenuComponent:RegisterMenuItem (string,System.Action) (at Assets/ETC/PlayFabEditorExtensions/Editor/Scripts/Components/SubMenuComponent.cs:42)
PlayFab.PfEditor.PlayFabEditorDataMenu:RegisterMenu () (at Assets/ETC/PlayFabEditorExtensions/Editor/Scripts/Panels/PlayFabEditorDataMenu.cs:93)
PlayFab.PfEditor.PlayFabEditorDataMenu:.cctor () (at Assets/ETC/PlayFabEditorExtensions/Editor/Scripts/Panels/PlayFabEditorDataMenu.cs:74)
System.Runtime.CompilerServices.RuntimeHelpers:RunClassConstructor (System.RuntimeTypeHandle)
UnityEditor.EditorAssemblies:ProcessInitializeOnLoadAttributes (System.Type[])

[Assets/ETC/PlayFabEditorExtensions/Editor/Scripts/Utils/PlayFabEditorPrefsSO.cs line 38]

UnityEngine.UnityException: Creating asset at path Assets/PlayFabEditorExtensions/Editor/Resources/PlayFabEditorPrefsSO.asset failed.
  at (wrapper managed-to-native) UnityEditor.AssetDatabase.CreateAsset(UnityEngine.Object,string)
  at PlayFab.PfEditor.PlayFabEditorPrefsSO.get_Instance () [0x00084] in C:\Users\mingu\Documents\GitHub\Multy_Isaac\Multy_Isaac\Assets\ETC\PlayFabEditorExtensions\Editor\Scripts\Utils\PlayFabEditorPrefsSO.cs:38 
  at PlayFab.PfEditor.SubMenuComponent.RegisterMenuItem (System.String n, System.Action m) [0x00010] in C:\Users\mingu\Documents\GitHub\Multy_Isaac\Multy_Isaac\Assets\ETC\PlayFabEditorExtensions\Editor\Scripts\Components\SubMenuComponent.cs:42 
  at PlayFab.PfEditor.PlayFabEditorDataMenu.RegisterMenu () [0x00018] in C:\Users\mingu\Documents\GitHub\Multy_Isaac\Multy_Isaac\Assets\ETC\PlayFabEditorExtensions\Editor\Scripts\Panels\PlayFabEditorDataMenu.cs:93 
  at PlayFab.PfEditor.PlayFabEditorDataMenu..cctor () [0x0003a] in C:\Users\mingu\Documents\GitHub\Multy_Isaac\Multy_Isaac\Assets\ETC\PlayFabEditorExtensions\Editor\Scripts\Panels\PlayFabEditorDataMenu.cs:74 
UnityEngine.StackTraceUtility:ExtractStackTrace ()
UnityEngine.DebugLogHandler:LogFormat (UnityEngine.LogType,UnityEngine.Object,string,object[])
UnityEngine.Logger:Log (UnityEngine.LogType,object)
UnityEngine.Debug:LogError (object)
UnityEditor.EditorAssemblies:ProcessInitializeOnLoadAttributes (System.Type[])

Invoked RoslynAnalysisRunner static constructor.
RoslynAnalysisRunner will not be running.
RoslynAnalysisRunner has terminated.
Mono: successfully reloaded assembly
- Completed reload, in  1.435 seconds
Platform modules already initialized, skipping
Shader 'Universal Render Pipeline/Particles/Lit': fallback shader 'Universal Render Pipeline/Particles/SimpleLit' not found
Refreshing native plugins compatible for Editor in 1.11 ms, found 1 plugins.
Preloading 0 native plugins for Editor in 0.00 ms.
Unloading 3441 Unused Serialized files (Serialized files now loaded: 0)
System memory in use before: 190.7 MB.
System memory in use after: 190.9 MB.

Unloading 23 unused Assets to reduce memory usage. Loaded Objects now: 4252.
Total: 2.845000 ms (FindLiveObjects: 0.384400 ms CreateObjectMapping: 0.200600 ms MarkObjects: 2.234000 ms  DeleteObjects: 0.024600 ms)

========================================================================
Received Prepare
Registering precompiled user dll's ...
Registered in 0.005474 seconds.
Begin MonoManager ReloadAssembly
Symbol file LoadedFromMemory is not a mono symbol file
Native extension for WindowsStandalone target not found
Refreshing native plugins compatible for Editor in 1.10 ms, found 1 plugins.
Preloading 0 native plugins for Editor in 0.00 ms.
CreateSerializedAsset is not supported while importing out-of-process
UnityEngine.StackTraceUtility:ExtractStackTrace ()
PlayFab.PfEditor.PlayFabEditorPrefsSO:get_Instance () (at Assets/ETC/PlayFabEditorExtensions/Editor/Scripts/Utils/PlayFabEditorPrefsSO.cs:38)
PlayFab.PfEditor.SubMenuComponent:RegisterMenuItem (string,System.Action) (at Assets/ETC/PlayFabEditorExtensions/Editor/Scripts/Components/SubMenuComponent.cs:42)
PlayFab.PfEditor.PlayFabEditorDataMenu:RegisterMenu () (at Assets/ETC/PlayFabEditorExtensions/Editor/Scripts/Panels/PlayFabEditorDataMenu.cs:93)
PlayFab.PfEditor.PlayFabEditorDataMenu:.cctor () (at Assets/ETC/PlayFabEditorExtensions/Editor/Scripts/Panels/PlayFabEditorDataMenu.cs:74)
System.Runtime.CompilerServices.RuntimeHelpers:RunClassConstructor (System.RuntimeTypeHandle)
UnityEditor.EditorAssemblies:ProcessInitializeOnLoadAttributes (System.Type[])

[Assets/ETC/PlayFabEditorExtensions/Editor/Scripts/Utils/PlayFabEditorPrefsSO.cs line 38]

UnityEngine.UnityException: Creating asset at path Assets/PlayFabEditorExtensions/Editor/Resources/PlayFabEditorPrefsSO.asset failed.
  at (wrapper managed-to-native) UnityEditor.AssetDatabase.CreateAsset(UnityEngine.Object,string)
  at PlayFab.PfEditor.PlayFabEditorPrefsSO.get_Instance () [0x00084] in C:\Users\mingu\Documents\GitHub\Multy_Isaac\Multy_Isaac\Assets\ETC\PlayFabEditorExtensions\Editor\Scripts\Utils\PlayFabEditorPrefsSO.cs:38 
  at PlayFab.PfEditor.SubMenuComponent.RegisterMenuItem (System.String n, System.Action m) [0x00010] in C:\Users\mingu\Documents\GitHub\Multy_Isaac\Multy_Isaac\Assets\ETC\PlayFabEditorExtensions\Editor\Scripts\Components\SubMenuComponent.cs:42 
  at PlayFab.PfEditor.PlayFabEditorDataMenu.RegisterMenu () [0x00018] in C:\Users\mingu\Documents\GitHub\Multy_Isaac\Multy_Isaac\Assets\ETC\PlayFabEditorExtensions\Editor\Scripts\Panels\PlayFabEditorDataMenu.cs:93 
  at PlayFab.PfEditor.PlayFabEditorDataMenu..cctor () [0x0003a] in C:\Users\mingu\Documents\GitHub\Multy_Isaac\Multy_Isaac\Assets\ETC\PlayFabEditorExtensions\Editor\Scripts\Panels\PlayFabEditorDataMenu.cs:74 
UnityEngine.StackTraceUtility:ExtractStackTrace ()
UnityEngine.DebugLogHandler:LogFormat (UnityEngine.LogType,UnityEngine.Object,string,object[])
UnityEngine.Logger:Log (UnityEngine.LogType,object)
UnityEngine.Debug:LogError (object)
UnityEditor.EditorAssemblies:ProcessInitializeOnLoadAttributes (System.Type[])

Invoked RoslynAnalysisRunner static constructor.
RoslynAnalysisRunner will not be running.
RoslynAnalysisRunner has terminated.
Mono: successfully reloaded assembly
- Completed reload, in  1.069 seconds
Platform modules already initialized, skipping
Shader 'Universal Render Pipeline/Particles/Lit': fallback shader 'Universal Render Pipeline/Particles/SimpleLit' not found
Refreshing native plugins compatible for Editor in 1.25 ms, found 1 plugins.
Preloading 0 native plugins for Editor in 0.00 ms.
Unloading 3441 Unused Serialized files (Serialized files now loaded: 0)
System memory in use before: 190.7 MB.
System memory in use after: 190.9 MB.

Unloading 23 unused Assets to reduce memory usage. Loaded Objects now: 4256.
Total: 3.605900 ms (FindLiveObjects: 0.536800 ms CreateObjectMapping: 0.200400 ms MarkObjects: 2.828300 ms  DeleteObjects: 0.036800 ms)

========================================================================
Received Prepare
Registering precompiled user dll's ...
Registered in 0.005731 seconds.
Begin MonoManager ReloadAssembly
Symbol file LoadedFromMemory is not a mono symbol file
Native extension for WindowsStandalone target not found
Refreshing native plugins compatible for Editor in 1.09 ms, found 1 plugins.
Preloading 0 native plugins for Editor in 0.00 ms.
CreateSerializedAsset is not supported while importing out-of-process
UnityEngine.StackTraceUtility:ExtractStackTrace ()
PlayFab.PfEditor.PlayFabEditorPrefsSO:get_Instance () (at Assets/ETC/PlayFabEditorExtensions/Editor/Scripts/Utils/PlayFabEditorPrefsSO.cs:38)
PlayFab.PfEditor.SubMenuComponent:RegisterMenuItem (string,System.Action) (at Assets/ETC/PlayFabEditorExtensions/Editor/Scripts/Components/SubMenuComponent.cs:42)
PlayFab.PfEditor.PlayFabEditorDataMenu:RegisterMenu () (at Assets/ETC/PlayFabEditorExtensions/Editor/Scripts/Panels/PlayFabEditorDataMenu.cs:93)
PlayFab.PfEditor.PlayFabEditorDataMenu:.cctor () (at Assets/ETC/PlayFabEditorExtensions/Editor/Scripts/Panels/PlayFabEditorDataMenu.cs:74)
System.Runtime.CompilerServices.RuntimeHelpers:RunClassConstructor (System.RuntimeTypeHandle)
UnityEditor.EditorAssemblies:ProcessInitializeOnLoadAttributes (System.Type[])

[Assets/ETC/PlayFabEditorExtensions/Editor/Scripts/Utils/PlayFabEditorPrefsSO.cs line 38]

UnityEngine.UnityException: Creating asset at path Assets/PlayFabEditorExtensions/Editor/Resources/PlayFabEditorPrefsSO.asset failed.
  at (wrapper managed-to-native) UnityEditor.AssetDatabase.CreateAsset(UnityEngine.Object,string)
  at PlayFab.PfEditor.PlayFabEditorPrefsSO.get_Instance () [0x00084] in C:\Users\mingu\Documents\GitHub\Multy_Isaac\Multy_Isaac\Assets\ETC\PlayFabEditorExtensions\Editor\Scripts\Utils\PlayFabEditorPrefsSO.cs:38 
  at PlayFab.PfEditor.SubMenuComponent.RegisterMenuItem (System.String n, System.Action m) [0x00010] in C:\Users\mingu\Documents\GitHub\Multy_Isaac\Multy_Isaac\Assets\ETC\PlayFabEditorExtensions\Editor\Scripts\Components\SubMenuComponent.cs:42 
  at PlayFab.PfEditor.PlayFabEditorDataMenu.RegisterMenu () [0x00018] in C:\Users\mingu\Documents\GitHub\Multy_Isaac\Multy_Isaac\Assets\ETC\PlayFabEditorExtensions\Editor\Scripts\Panels\PlayFabEditorDataMenu.cs:93 
  at PlayFab.PfEditor.PlayFabEditorDataMenu..cctor () [0x0003a] in C:\Users\mingu\Documents\GitHub\Multy_Isaac\Multy_Isaac\Assets\ETC\PlayFabEditorExtensions\Editor\Scripts\Panels\PlayFabEditorDataMenu.cs:74 
UnityEngine.StackTraceUtility:ExtractStackTrace ()
UnityEngine.DebugLogHandler:LogFormat (UnityEngine.LogType,UnityEngine.Object,string,object[])
UnityEngine.Logger:Log (UnityEngine.LogType,object)
UnityEngine.Debug:LogError (object)
UnityEditor.EditorAssemblies:ProcessInitializeOnLoadAttributes (System.Type[])

Invoked RoslynAnalysisRunner static constructor.
RoslynAnalysisRunner will not be running.
RoslynAnalysisRunner has terminated.
Mono: successfully reloaded assembly
- Completed reload, in  1.070 seconds
Platform modules already initialized, skipping
Shader 'Universal Render Pipeline/Particles/Lit': fallback shader 'Universal Render Pipeline/Particles/SimpleLit' not found
Refreshing native plugins compatible for Editor in 1.28 ms, found 1 plugins.
Preloading 0 native plugins for Editor in 0.00 ms.
Unloading 3441 Unused Serialized files (Serialized files now loaded: 0)
System memory in use before: 190.7 MB.
System memory in use after: 190.9 MB.

Unloading 23 unused Assets to reduce memory usage. Loaded Objects now: 4260.
Total: 3.051400 ms (FindLiveObjects: 0.419600 ms CreateObjectMapping: 0.210600 ms MarkObjects: 2.390700 ms  DeleteObjects: 0.029000 ms)

========================================================================
Received Import Request.
  Time since last request: 184.856922 seconds.
  path: Assets/Resources/MissileBullet.prefab
  artifactKey: Guid(fe97dce35f5a3384c98d6f1e5bff92c5) Importer(815301076,1909f56bfc062723c751e8b465ee728b)
Start importing Assets/Resources/MissileBullet.prefab using Guid(fe97dce35f5a3384c98d6f1e5bff92c5) Importer(815301076,1909f56bfc062723c751e8b465ee728b)  -> (artifact id: 'af919dbac6b21a25a4c7d30f6da98fbc') in 0.149042 seconds
  Import took 0.164605 seconds .

========================================================================
Received Prepare
Registering precompiled user dll's ...
Registered in 0.008350 seconds.
Begin MonoManager ReloadAssembly
Symbol file LoadedFromMemory is not a mono symbol file
Native extension for WindowsStandalone target not found
Refreshing native plugins compatible for Editor in 1.07 ms, found 1 plugins.
Preloading 0 native plugins for Editor in 0.00 ms.
CreateSerializedAsset is not supported while importing out-of-process
UnityEngine.StackTraceUtility:ExtractStackTrace ()
PlayFab.PfEditor.PlayFabEditorPrefsSO:get_Instance () (at Assets/ETC/PlayFabEditorExtensions/Editor/Scripts/Utils/PlayFabEditorPrefsSO.cs:38)
PlayFab.PfEditor.SubMenuComponent:RegisterMenuItem (string,System.Action) (at Assets/ETC/PlayFabEditorExtensions/Editor/Scripts/Components/SubMenuComponent.cs:42)
PlayFab.PfEditor.PlayFabEditorDataMenu:RegisterMenu () (at Assets/ETC/PlayFabEditorExtensions/Editor/Scripts/Panels/PlayFabEditorDataMenu.cs:93)
PlayFab.PfEditor.PlayFabEditorDataMenu:.cctor () (at Assets/ETC/PlayFabEditorExtensions/Editor/Scripts/Panels/PlayFabEditorDataMenu.cs:74)
System.Runtime.CompilerServices.RuntimeHelpers:RunClassConstructor (System.RuntimeTypeHandle)
UnityEditor.EditorAssemblies:ProcessInitializeOnLoadAttributes (System.Type[])

[Assets/ETC/PlayFabEditorExtensions/Editor/Scripts/Utils/PlayFabEditorPrefsSO.cs line 38]

UnityEngine.UnityException: Creating asset at path Assets/PlayFabEditorExtensions/Editor/Resources/PlayFabEditorPrefsSO.asset failed.
  at (wrapper managed-to-native) UnityEditor.AssetDatabase.CreateAsset(UnityEngine.Object,string)
  at PlayFab.PfEditor.PlayFabEditorPrefsSO.get_Instance () [0x00084] in C:\Users\mingu\Documents\GitHub\Multy_Isaac\Multy_Isaac\Assets\ETC\PlayFabEditorExtensions\Editor\Scripts\Utils\PlayFabEditorPrefsSO.cs:38 
  at PlayFab.PfEditor.SubMenuComponent.RegisterMenuItem (System.String n, System.Action m) [0x00010] in C:\Users\mingu\Documents\GitHub\Multy_Isaac\Multy_Isaac\Assets\ETC\PlayFabEditorExtensions\Editor\Scripts\Components\SubMenuComponent.cs:42 
  at PlayFab.PfEditor.PlayFabEditorDataMenu.RegisterMenu () [0x00018] in C:\Users\mingu\Documents\GitHub\Multy_Isaac\Multy_Isaac\Assets\ETC\PlayFabEditorExtensions\Editor\Scripts\Panels\PlayFabEditorDataMenu.cs:93 
  at PlayFab.PfEditor.PlayFabEditorDataMenu..cctor () [0x0003a] in C:\Users\mingu\Documents\GitHub\Multy_Isaac\Multy_Isaac\Assets\ETC\PlayFabEditorExtensions\Editor\Scripts\Panels\PlayFabEditorDataMenu.cs:74 
UnityEngine.StackTraceUtility:ExtractStackTrace ()
UnityEngine.DebugLogHandler:LogFormat (UnityEngine.LogType,UnityEngine.Object,string,object[])
UnityEngine.Logger:Log (UnityEngine.LogType,object)
UnityEngine.Debug:LogError (object)
UnityEditor.EditorAssemblies:ProcessInitializeOnLoadAttributes (System.Type[])

Invoked RoslynAnalysisRunner static constructor.
RoslynAnalysisRunner will not be running.
RoslynAnalysisRunner has terminated.
Mono: successfully reloaded assembly
- Completed reload, in  1.075 seconds
Platform modules already initialized, skipping
Shader 'Universal Render Pipeline/Particles/Lit': fallback shader 'Universal Render Pipeline/Particles/SimpleLit' not found
Refreshing native plugins compatible for Editor in 1.07 ms, found 1 plugins.
Preloading 0 native plugins for Editor in 0.00 ms.
Unloading 3441 Unused Serialized files (Serialized files now loaded: 0)
System memory in use before: 190.9 MB.
System memory in use after: 191.1 MB.

Unloading 23 unused Assets to reduce memory usage. Loaded Objects now: 4300.
Total: 2.844500 ms (FindLiveObjects: 0.359600 ms CreateObjectMapping: 0.167300 ms MarkObjects: 2.288200 ms  DeleteObjects: 0.028300 ms)

========================================================================
Received Prepare
Registering precompiled user dll's ...
Registered in 0.005999 seconds.
Begin MonoManager ReloadAssembly
Symbol file LoadedFromMemory is not a mono symbol file
Native extension for WindowsStandalone target not found
Refreshing native plugins compatible for Editor in 1.46 ms, found 1 plugins.
Preloading 0 native plugins for Editor in 0.00 ms.
CreateSerializedAsset is not supported while importing out-of-process
UnityEngine.StackTraceUtility:ExtractStackTrace ()
PlayFab.PfEditor.PlayFabEditorPrefsSO:get_Instance () (at Assets/ETC/PlayFabEditorExtensions/Editor/Scripts/Utils/PlayFabEditorPrefsSO.cs:38)
PlayFab.PfEditor.SubMenuComponent:RegisterMenuItem (string,System.Action) (at Assets/ETC/PlayFabEditorExtensions/Editor/Scripts/Components/SubMenuComponent.cs:42)
PlayFab.PfEditor.PlayFabEditorDataMenu:RegisterMenu () (at Assets/ETC/PlayFabEditorExtensions/Editor/Scripts/Panels/PlayFabEditorDataMenu.cs:93)
PlayFab.PfEditor.PlayFabEditorDataMenu:.cctor () (at Assets/ETC/PlayFabEditorExtensions/Editor/Scripts/Panels/PlayFabEditorDataMenu.cs:74)
System.Runtime.CompilerServices.RuntimeHelpers:RunClassConstructor (System.RuntimeTypeHandle)
UnityEditor.EditorAssemblies:ProcessInitializeOnLoadAttributes (System.Type[])

[Assets/ETC/PlayFabEditorExtensions/Editor/Scripts/Utils/PlayFabEditorPrefsSO.cs line 38]

UnityEngine.UnityException: Creating asset at path Assets/PlayFabEditorExtensions/Editor/Resources/PlayFabEditorPrefsSO.asset failed.
  at (wrapper managed-to-native) UnityEditor.AssetDatabase.CreateAsset(UnityEngine.Object,string)
  at PlayFab.PfEditor.PlayFabEditorPrefsSO.get_Instance () [0x00084] in C:\Users\mingu\Documents\GitHub\Multy_Isaac\Multy_Isaac\Assets\ETC\PlayFabEditorExtensions\Editor\Scripts\Utils\PlayFabEditorPrefsSO.cs:38 
  at PlayFab.PfEditor.SubMenuComponent.RegisterMenuItem (System.String n, System.Action m) [0x00010] in C:\Users\mingu\Documents\GitHub\Multy_Isaac\Multy_Isaac\Assets\ETC\PlayFabEditorExtensions\Editor\Scripts\Components\SubMenuComponent.cs:42 
  at PlayFab.PfEditor.PlayFabEditorDataMenu.RegisterMenu () [0x00018] in C:\Users\mingu\Documents\GitHub\Multy_Isaac\Multy_Isaac\Assets\ETC\PlayFabEditorExtensions\Editor\Scripts\Panels\PlayFabEditorDataMenu.cs:93 
  at PlayFab.PfEditor.PlayFabEditorDataMenu..cctor () [0x0003a] in C:\Users\mingu\Documents\GitHub\Multy_Isaac\Multy_Isaac\Assets\ETC\PlayFabEditorExtensions\Editor\Scripts\Panels\PlayFabEditorDataMenu.cs:74 
UnityEngine.StackTraceUtility:ExtractStackTrace ()
UnityEngine.DebugLogHandler:LogFormat (UnityEngine.LogType,UnityEngine.Object,string,object[])
UnityEngine.Logger:Log (UnityEngine.LogType,object)
UnityEngine.Debug:LogError (object)
UnityEditor.EditorAssemblies:ProcessInitializeOnLoadAttributes (System.Type[])

Invoked RoslynAnalysisRunner static constructor.
RoslynAnalysisRunner will not be running.
RoslynAnalysisRunner has terminated.
Mono: successfully reloaded assembly
- Completed reload, in  1.378 seconds
Platform modules already initialized, skipping
Shader 'Universal Render Pipeline/Particles/Lit': fallback shader 'Universal Render Pipeline/Particles/SimpleLit' not found
Refreshing native plugins compatible for Editor in 1.45 ms, found 1 plugins.
Preloading 0 native plugins for Editor in 0.00 ms.
Unloading 3441 Unused Serialized files (Serialized files now loaded: 0)
System memory in use before: 190.9 MB.
System memory in use after: 191.1 MB.

Unloading 23 unused Assets to reduce memory usage. Loaded Objects now: 4304.
Total: 4.318200 ms (FindLiveObjects: 0.567000 ms CreateObjectMapping: 0.270200 ms MarkObjects: 3.443100 ms  DeleteObjects: 0.036600 ms)

========================================================================
Received Import Request.
  Time since last request: 301.822814 seconds.
  path: Assets/Resources/MissileBullet.prefab
  artifactKey: Guid(fe97dce35f5a3384c98d6f1e5bff92c5) Importer(815301076,1909f56bfc062723c751e8b465ee728b)
Start importing Assets/Resources/MissileBullet.prefab using Guid(fe97dce35f5a3384c98d6f1e5bff92c5) Importer(815301076,1909f56bfc062723c751e8b465ee728b)  -> (artifact id: '877b25e9728712eeea023ab30fc7cf37') in 0.165868 seconds
  Import took 0.175372 seconds .

========================================================================
Received Prepare
Registering precompiled user dll's ...
Registered in 0.006142 seconds.
Begin MonoManager ReloadAssembly
Symbol file LoadedFromMemory is not a mono symbol file
Native extension for WindowsStandalone target not found
Refreshing native plugins compatible for Editor in 1.07 ms, found 1 plugins.
Preloading 0 native plugins for Editor in 0.00 ms.
CreateSerializedAsset is not supported while importing out-of-process
UnityEngine.StackTraceUtility:ExtractStackTrace ()
PlayFab.PfEditor.PlayFabEditorPrefsSO:get_Instance () (at Assets/ETC/PlayFabEditorExtensions/Editor/Scripts/Utils/PlayFabEditorPrefsSO.cs:38)
PlayFab.PfEditor.SubMenuComponent:RegisterMenuItem (string,System.Action) (at Assets/ETC/PlayFabEditorExtensions/Editor/Scripts/Components/SubMenuComponent.cs:42)
PlayFab.PfEditor.PlayFabEditorDataMenu:RegisterMenu () (at Assets/ETC/PlayFabEditorExtensions/Editor/Scripts/Panels/PlayFabEditorDataMenu.cs:93)
PlayFab.PfEditor.PlayFabEditorDataMenu:.cctor () (at Assets/ETC/PlayFabEditorExtensions/Editor/Scripts/Panels/PlayFabEditorDataMenu.cs:74)
System.Runtime.CompilerServices.RuntimeHelpers:RunClassConstructor (System.RuntimeTypeHandle)
UnityEditor.EditorAssemblies:ProcessInitializeOnLoadAttributes (System.Type[])

[Assets/ETC/PlayFabEditorExtensions/Editor/Scripts/Utils/PlayFabEditorPrefsSO.cs line 38]

UnityEngine.UnityException: Creating asset at path Assets/PlayFabEditorExtensions/Editor/Resources/PlayFabEditorPrefsSO.asset failed.
  at (wrapper managed-to-native) UnityEditor.AssetDatabase.CreateAsset(UnityEngine.Object,string)
  at PlayFab.PfEditor.PlayFabEditorPrefsSO.get_Instance () [0x00084] in C:\Users\mingu\Documents\GitHub\Multy_Isaac\Multy_Isaac\Assets\ETC\PlayFabEditorExtensions\Editor\Scripts\Utils\PlayFabEditorPrefsSO.cs:38 
  at PlayFab.PfEditor.SubMenuComponent.RegisterMenuItem (System.String n, System.Action m) [0x00010] in C:\Users\mingu\Documents\GitHub\Multy_Isaac\Multy_Isaac\Assets\ETC\PlayFabEditorExtensions\Editor\Scripts\Components\SubMenuComponent.cs:42 
  at PlayFab.PfEditor.PlayFabEditorDataMenu.RegisterMenu () [0x00018] in C:\Users\mingu\Documents\GitHub\Multy_Isaac\Multy_Isaac\Assets\ETC\PlayFabEditorExtensions\Editor\Scripts\Panels\PlayFabEditorDataMenu.cs:93 
  at PlayFab.PfEditor.PlayFabEditorDataMenu..cctor () [0x0003a] in C:\Users\mingu\Documents\GitHub\Multy_Isaac\Multy_Isaac\Assets\ETC\PlayFabEditorExtensions\Editor\Scripts\Panels\PlayFabEditorDataMenu.cs:74 
UnityEngine.StackTraceUtility:ExtractStackTrace ()
UnityEngine.DebugLogHandler:LogFormat (UnityEngine.LogType,UnityEngine.Object,string,object[])
UnityEngine.Logger:Log (UnityEngine.LogType,object)
UnityEngine.Debug:LogError (object)
UnityEditor.EditorAssemblies:ProcessInitializeOnLoadAttributes (System.Type[])

Invoked RoslynAnalysisRunner static constructor.
RoslynAnalysisRunner will not be running.
RoslynAnalysisRunner has terminated.
Mono: successfully reloaded assembly
- Completed reload, in  1.059 seconds
Platform modules already initialized, skipping
Shader 'Universal Render Pipeline/Particles/Lit': fallback shader 'Universal Render Pipeline/Particles/SimpleLit' not found
Refreshing native plugins compatible for Editor in 1.10 ms, found 1 plugins.
Preloading 0 native plugins for Editor in 0.00 ms.
Unloading 3441 Unused Serialized files (Serialized files now loaded: 0)
System memory in use before: 191.0 MB.
System memory in use after: 191.3 MB.

Unloading 23 unused Assets to reduce memory usage. Loaded Objects now: 4344.
Total: 2.881900 ms (FindLiveObjects: 0.390200 ms CreateObjectMapping: 0.183800 ms MarkObjects: 2.281200 ms  DeleteObjects: 0.025700 ms)

========================================================================
Received Import Request.
  Time since last request: 21.197333 seconds.
  path: Assets/Resources/MissileBullet.prefab
  artifactKey: Guid(fe97dce35f5a3384c98d6f1e5bff92c5) Importer(815301076,1909f56bfc062723c751e8b465ee728b)
Start importing Assets/Resources/MissileBullet.prefab using Guid(fe97dce35f5a3384c98d6f1e5bff92c5) Importer(815301076,1909f56bfc062723c751e8b465ee728b)  -> (artifact id: '9f1fedd049635b9696a75f1177105916') in 0.142261 seconds
  Import took 0.155810 seconds .

========================================================================
Received Import Request.
  Time since last request: 313.895260 seconds.
  path: Assets/Resources/Sources/Images/MissileTrail.png
  artifactKey: Guid(2be493d4c81be994a80d1768ba8ad0a6) Importer(815301076,1909f56bfc062723c751e8b465ee728b)
Start importing Assets/Resources/Sources/Images/MissileTrail.png using Guid(2be493d4c81be994a80d1768ba8ad0a6) Importer(815301076,1909f56bfc062723c751e8b465ee728b)  -> (artifact id: 'b3601897ca03469beabd071cd8644ce4') in 0.038486 seconds
  Import took 0.047451 seconds .

========================================================================
Received Import Request.
  Time since last request: 9.700477 seconds.
  path: Assets/Resources/Sources/Images/MissileTrail.png
  artifactKey: Guid(2be493d4c81be994a80d1768ba8ad0a6) Importer(815301076,1909f56bfc062723c751e8b465ee728b)
Start importing Assets/Resources/Sources/Images/MissileTrail.png using Guid(2be493d4c81be994a80d1768ba8ad0a6) Importer(815301076,1909f56bfc062723c751e8b465ee728b)  -> (artifact id: '10530b7a7fd53d95859c1ac3bf164cd6') in 0.016321 seconds
  Import took 0.024480 seconds .

========================================================================
Received Import Request.
  Time since last request: 66.643792 seconds.
  path: Assets/Resources/Sources/Images/MissileTrail.png
  artifactKey: Guid(2be493d4c81be994a80d1768ba8ad0a6) Importer(815301076,1909f56bfc062723c751e8b465ee728b)
Start importing Assets/Resources/Sources/Images/MissileTrail.png using Guid(2be493d4c81be994a80d1768ba8ad0a6) Importer(815301076,1909f56bfc062723c751e8b465ee728b)  -> (artifact id: 'f31167c0a0d4467bbf74c3889d3e3660') in 0.033099 seconds
  Import took 0.040468 seconds .

========================================================================
Received Import Request.
  Time since last request: 271.111033 seconds.
  path: Assets/Resources/Sources/ETC/Star2.mat
  artifactKey: Guid(275eafd220eb6084b814ae12fa488943) Importer(815301076,1909f56bfc062723c751e8b465ee728b)
Start importing Assets/Resources/Sources/ETC/Star2.mat using Guid(275eafd220eb6084b814ae12fa488943) Importer(815301076,1909f56bfc062723c751e8b465ee728b)  -> (artifact id: '4aa778c01d73d1910d3a8c45b0912a35') in 0.384669 seconds
  Import took 0.392116 seconds .

========================================================================
Received Import Request.
  Time since last request: 39.833223 seconds.
  path: Assets/Resources/MissileBullet.prefab
  artifactKey: Guid(fe97dce35f5a3384c98d6f1e5bff92c5) Importer(815301076,1909f56bfc062723c751e8b465ee728b)
Start importing Assets/Resources/MissileBullet.prefab using Guid(fe97dce35f5a3384c98d6f1e5bff92c5) Importer(815301076,1909f56bfc062723c751e8b465ee728b)  -> (artifact id: 'a5fd55d3f084f9787b64bd153844cf4b') in 0.016125 seconds
  Import took 0.030212 seconds .

========================================================================
Received Import Request.
  Time since last request: 0.004203 seconds.
  path: Assets/Resources/MissileBullet.prefab
  artifactKey: Guid(fe97dce35f5a3384c98d6f1e5bff92c5) Importer(815301076,1909f56bfc062723c751e8b465ee728b)
Start importing Assets/Resources/MissileBullet.prefab using Guid(fe97dce35f5a3384c98d6f1e5bff92c5) Importer(815301076,1909f56bfc062723c751e8b465ee728b)  -> (artifact id: 'a5fd55d3f084f9787b64bd153844cf4b') in 0.013332 seconds
  Import took 0.019793 seconds .

========================================================================
Received Import Request.
  Time since last request: 2.179087 seconds.
  path: Assets/Resources/MissileBullet.prefab
  artifactKey: Guid(fe97dce35f5a3384c98d6f1e5bff92c5) Importer(815301076,1909f56bfc062723c751e8b465ee728b)
Start importing Assets/Resources/MissileBullet.prefab using Guid(fe97dce35f5a3384c98d6f1e5bff92c5) Importer(815301076,1909f56bfc062723c751e8b465ee728b)  -> (artifact id: '8faab24a25efe61a68fc5cbc503a5ba6') in 0.012805 seconds
  Import took 0.020721 seconds .

========================================================================
Received Prepare
Registering precompiled user dll's ...
Registered in 0.005498 seconds.
Begin MonoManager ReloadAssembly
Symbol file LoadedFromMemory is not a mono symbol file
Native extension for WindowsStandalone target not found
Refreshing native plugins compatible for Editor in 1.07 ms, found 1 plugins.
Preloading 0 native plugins for Editor in 0.00 ms.
CreateSerializedAsset is not supported while importing out-of-process
UnityEngine.StackTraceUtility:ExtractStackTrace ()
PlayFab.PfEditor.PlayFabEditorPrefsSO:get_Instance () (at Assets/ETC/PlayFabEditorExtensions/Editor/Scripts/Utils/PlayFabEditorPrefsSO.cs:38)
PlayFab.PfEditor.SubMenuComponent:RegisterMenuItem (string,System.Action) (at Assets/ETC/PlayFabEditorExtensions/Editor/Scripts/Components/SubMenuComponent.cs:42)
PlayFab.PfEditor.PlayFabEditorDataMenu:RegisterMenu () (at Assets/ETC/PlayFabEditorExtensions/Editor/Scripts/Panels/PlayFabEditorDataMenu.cs:93)
PlayFab.PfEditor.PlayFabEditorDataMenu:.cctor () (at Assets/ETC/PlayFabEditorExtensions/Editor/Scripts/Panels/PlayFabEditorDataMenu.cs:74)
System.Runtime.CompilerServices.RuntimeHelpers:RunClassConstructor (System.RuntimeTypeHandle)
UnityEditor.EditorAssemblies:ProcessInitializeOnLoadAttributes (System.Type[])

[Assets/ETC/PlayFabEditorExtensions/Editor/Scripts/Utils/PlayFabEditorPrefsSO.cs line 38]

UnityEngine.UnityException: Creating asset at path Assets/PlayFabEditorExtensions/Editor/Resources/PlayFabEditorPrefsSO.asset failed.
  at (wrapper managed-to-native) UnityEditor.AssetDatabase.CreateAsset(UnityEngine.Object,string)
  at PlayFab.PfEditor.PlayFabEditorPrefsSO.get_Instance () [0x00084] in C:\Users\mingu\Documents\GitHub\Multy_Isaac\Multy_Isaac\Assets\ETC\PlayFabEditorExtensions\Editor\Scripts\Utils\PlayFabEditorPrefsSO.cs:38 
  at PlayFab.PfEditor.SubMenuComponent.RegisterMenuItem (System.String n, System.Action m) [0x00010] in C:\Users\mingu\Documents\GitHub\Multy_Isaac\Multy_Isaac\Assets\ETC\PlayFabEditorExtensions\Editor\Scripts\Components\SubMenuComponent.cs:42 
  at PlayFab.PfEditor.PlayFabEditorDataMenu.RegisterMenu () [0x00018] in C:\Users\mingu\Documents\GitHub\Multy_Isaac\Multy_Isaac\Assets\ETC\PlayFabEditorExtensions\Editor\Scripts\Panels\PlayFabEditorDataMenu.cs:93 
  at PlayFab.PfEditor.PlayFabEditorDataMenu..cctor () [0x0003a] in C:\Users\mingu\Documents\GitHub\Multy_Isaac\Multy_Isaac\Assets\ETC\PlayFabEditorExtensions\Editor\Scripts\Panels\PlayFabEditorDataMenu.cs:74 
UnityEngine.StackTraceUtility:ExtractStackTrace ()
UnityEngine.DebugLogHandler:LogFormat (UnityEngine.LogType,UnityEngine.Object,string,object[])
UnityEngine.Logger:Log (UnityEngine.LogType,object)
UnityEngine.Debug:LogError (object)
UnityEditor.EditorAssemblies:ProcessInitializeOnLoadAttributes (System.Type[])

Invoked RoslynAnalysisRunner static constructor.
RoslynAnalysisRunner will not be running.
RoslynAnalysisRunner has terminated.
Mono: successfully reloaded assembly
- Completed reload, in  1.062 seconds
Platform modules already initialized, skipping
Shader 'Universal Render Pipeline/Particles/Lit': fallback shader 'Universal Render Pipeline/Particles/SimpleLit' not found
Refreshing native plugins compatible for Editor in 1.08 ms, found 1 plugins.
Preloading 0 native plugins for Editor in 0.00 ms.
Unloading 3441 Unused Serialized files (Serialized files now loaded: 0)
System memory in use before: 191.4 MB.
System memory in use after: 191.6 MB.

Unloading 23 unused Assets to reduce memory usage. Loaded Objects now: 4417.
Total: 3.158600 ms (FindLiveObjects: 0.416100 ms CreateObjectMapping: 0.305600 ms MarkObjects: 2.408500 ms  DeleteObjects: 0.026800 ms)

========================================================================
Received Import Request.
  Time since last request: 77.718149 seconds.
  path: Assets/Resources/MissileBullet.prefab
  artifactKey: Guid(fe97dce35f5a3384c98d6f1e5bff92c5) Importer(815301076,1909f56bfc062723c751e8b465ee728b)
Start importing Assets/Resources/MissileBullet.prefab using Guid(fe97dce35f5a3384c98d6f1e5bff92c5) Importer(815301076,1909f56bfc062723c751e8b465ee728b)  -> (artifact id: '710818cc4eb0fd8dbff4883d3b470bb1') in 0.154808 seconds
  Import took 0.205292 seconds .

========================================================================
Received Prepare
Registering precompiled user dll's ...
Registered in 0.006084 seconds.
Begin MonoManager ReloadAssembly
Symbol file LoadedFromMemory is not a mono symbol file
Native extension for WindowsStandalone target not found
Refreshing native plugins compatible for Editor in 1.10 ms, found 1 plugins.
Preloading 0 native plugins for Editor in 0.00 ms.
CreateSerializedAsset is not supported while importing out-of-process
UnityEngine.StackTraceUtility:ExtractStackTrace ()
PlayFab.PfEditor.PlayFabEditorPrefsSO:get_Instance () (at Assets/ETC/PlayFabEditorExtensions/Editor/Scripts/Utils/PlayFabEditorPrefsSO.cs:38)
PlayFab.PfEditor.SubMenuComponent:RegisterMenuItem (string,System.Action) (at Assets/ETC/PlayFabEditorExtensions/Editor/Scripts/Components/SubMenuComponent.cs:42)
PlayFab.PfEditor.PlayFabEditorDataMenu:RegisterMenu () (at Assets/ETC/PlayFabEditorExtensions/Editor/Scripts/Panels/PlayFabEditorDataMenu.cs:93)
PlayFab.PfEditor.PlayFabEditorDataMenu:.cctor () (at Assets/ETC/PlayFabEditorExtensions/Editor/Scripts/Panels/PlayFabEditorDataMenu.cs:74)
System.Runtime.CompilerServices.RuntimeHelpers:RunClassConstructor (System.RuntimeTypeHandle)
UnityEditor.EditorAssemblies:ProcessInitializeOnLoadAttributes (System.Type[])

[Assets/ETC/PlayFabEditorExtensions/Editor/Scripts/Utils/PlayFabEditorPrefsSO.cs line 38]

UnityEngine.UnityException: Creating asset at path Assets/PlayFabEditorExtensions/Editor/Resources/PlayFabEditorPrefsSO.asset failed.
  at (wrapper managed-to-native) UnityEditor.AssetDatabase.CreateAsset(UnityEngine.Object,string)
  at PlayFab.PfEditor.PlayFabEditorPrefsSO.get_Instance () [0x00084] in C:\Users\mingu\Documents\GitHub\Multy_Isaac\Multy_Isaac\Assets\ETC\PlayFabEditorExtensions\Editor\Scripts\Utils\PlayFabEditorPrefsSO.cs:38 
  at PlayFab.PfEditor.SubMenuComponent.RegisterMenuItem (System.String n, System.Action m) [0x00010] in C:\Users\mingu\Documents\GitHub\Multy_Isaac\Multy_Isaac\Assets\ETC\PlayFabEditorExtensions\Editor\Scripts\Components\SubMenuComponent.cs:42 
  at PlayFab.PfEditor.PlayFabEditorDataMenu.RegisterMenu () [0x00018] in C:\Users\mingu\Documents\GitHub\Multy_Isaac\Multy_Isaac\Assets\ETC\PlayFabEditorExtensions\Editor\Scripts\Panels\PlayFabEditorDataMenu.cs:93 
  at PlayFab.PfEditor.PlayFabEditorDataMenu..cctor () [0x0003a] in C:\Users\mingu\Documents\GitHub\Multy_Isaac\Multy_Isaac\Assets\ETC\PlayFabEditorExtensions\Editor\Scripts\Panels\PlayFabEditorDataMenu.cs:74 
UnityEngine.StackTraceUtility:ExtractStackTrace ()
UnityEngine.DebugLogHandler:LogFormat (UnityEngine.LogType,UnityEngine.Object,string,object[])
UnityEngine.Logger:Log (UnityEngine.LogType,object)
UnityEngine.Debug:LogError (object)
UnityEditor.EditorAssemblies:ProcessInitializeOnLoadAttributes (System.Type[])

Invoked RoslynAnalysisRunner static constructor.
RoslynAnalysisRunner will not be running.
RoslynAnalysisRunner has terminated.
Mono: successfully reloaded assembly
- Completed reload, in  1.071 seconds
Platform modules already initialized, skipping
Shader 'Universal Render Pipeline/Particles/Lit': fallback shader 'Universal Render Pipeline/Particles/SimpleLit' not found
Refreshing native plugins compatible for Editor in 1.08 ms, found 1 plugins.
Preloading 0 native plugins for Editor in 0.00 ms.
Unloading 3441 Unused Serialized files (Serialized files now loaded: 0)
System memory in use before: 191.5 MB.
System memory in use after: 191.7 MB.

Unloading 23 unused Assets to reduce memory usage. Loaded Objects now: 4457.
Total: 3.136500 ms (FindLiveObjects: 0.416100 ms CreateObjectMapping: 0.284300 ms MarkObjects: 2.408800 ms  DeleteObjects: 0.025700 ms)

========================================================================
Received Import Request.
  Time since last request: 116.277931 seconds.
  path: Assets/Resources/MissileBullet.prefab
  artifactKey: Guid(fe97dce35f5a3384c98d6f1e5bff92c5) Importer(815301076,1909f56bfc062723c751e8b465ee728b)
Start importing Assets/Resources/MissileBullet.prefab using Guid(fe97dce35f5a3384c98d6f1e5bff92c5) Importer(815301076,1909f56bfc062723c751e8b465ee728b)  -> (artifact id: '5a340cb3a5a705059b6b71fd60dbfc20') in 0.151948 seconds
  Import took 0.158729 seconds .

========================================================================
Received Import Request.
  Time since last request: 6.933806 seconds.
  path: Assets/Resources/Sources/Items/item10.prefab
  artifactKey: Guid(e7199fbab4de615498e937d9a330a5c1) Importer(815301076,1909f56bfc062723c751e8b465ee728b)
Start importing Assets/Resources/Sources/Items/item10.prefab using Guid(e7199fbab4de615498e937d9a330a5c1) Importer(815301076,1909f56bfc062723c751e8b465ee728b)  -> (artifact id: 'b96e6e8f8c06a0a55cf5ce5fd6c2b5aa') in 0.027162 seconds
  Import took 0.039345 seconds .

========================================================================
Received Prepare
Registering precompiled user dll's ...
Registered in 0.005634 seconds.
Begin MonoManager ReloadAssembly
Symbol file LoadedFromMemory is not a mono symbol file
Native extension for WindowsStandalone target not found
Refreshing native plugins compatible for Editor in 1.10 ms, found 1 plugins.
Preloading 0 native plugins for Editor in 0.00 ms.
CreateSerializedAsset is not supported while importing out-of-process
UnityEngine.StackTraceUtility:ExtractStackTrace ()
PlayFab.PfEditor.PlayFabEditorPrefsSO:get_Instance () (at Assets/ETC/PlayFabEditorExtensions/Editor/Scripts/Utils/PlayFabEditorPrefsSO.cs:38)
PlayFab.PfEditor.SubMenuComponent:RegisterMenuItem (string,System.Action) (at Assets/ETC/PlayFabEditorExtensions/Editor/Scripts/Components/SubMenuComponent.cs:42)
PlayFab.PfEditor.PlayFabEditorDataMenu:RegisterMenu () (at Assets/ETC/PlayFabEditorExtensions/Editor/Scripts/Panels/PlayFabEditorDataMenu.cs:93)
PlayFab.PfEditor.PlayFabEditorDataMenu:.cctor () (at Assets/ETC/PlayFabEditorExtensions/Editor/Scripts/Panels/PlayFabEditorDataMenu.cs:74)
System.Runtime.CompilerServices.RuntimeHelpers:RunClassConstructor (System.RuntimeTypeHandle)
UnityEditor.EditorAssemblies:ProcessInitializeOnLoadAttributes (System.Type[])

[Assets/ETC/PlayFabEditorExtensions/Editor/Scripts/Utils/PlayFabEditorPrefsSO.cs line 38]

UnityEngine.UnityException: Creating asset at path Assets/PlayFabEditorExtensions/Editor/Resources/PlayFabEditorPrefsSO.asset failed.
  at (wrapper managed-to-native) UnityEditor.AssetDatabase.CreateAsset(UnityEngine.Object,string)
  at PlayFab.PfEditor.PlayFabEditorPrefsSO.get_Instance () [0x00084] in C:\Users\mingu\Documents\GitHub\Multy_Isaac\Multy_Isaac\Assets\ETC\PlayFabEditorExtensions\Editor\Scripts\Utils\PlayFabEditorPrefsSO.cs:38 
  at PlayFab.PfEditor.SubMenuComponent.RegisterMenuItem (System.String n, System.Action m) [0x00010] in C:\Users\mingu\Documents\GitHub\Multy_Isaac\Multy_Isaac\Assets\ETC\PlayFabEditorExtensions\Editor\Scripts\Components\SubMenuComponent.cs:42 
  at PlayFab.PfEditor.PlayFabEditorDataMenu.RegisterMenu () [0x00018] in C:\Users\mingu\Documents\GitHub\Multy_Isaac\Multy_Isaac\Assets\ETC\PlayFabEditorExtensions\Editor\Scripts\Panels\PlayFabEditorDataMenu.cs:93 
  at PlayFab.PfEditor.PlayFabEditorDataMenu..cctor () [0x0003a] in C:\Users\mingu\Documents\GitHub\Multy_Isaac\Multy_Isaac\Assets\ETC\PlayFabEditorExtensions\Editor\Scripts\Panels\PlayFabEditorDataMenu.cs:74 
UnityEngine.StackTraceUtility:ExtractStackTrace ()
UnityEngine.DebugLogHandler:LogFormat (UnityEngine.LogType,UnityEngine.Object,string,object[])
UnityEngine.Logger:Log (UnityEngine.LogType,object)
UnityEngine.Debug:LogError (object)
UnityEditor.EditorAssemblies:ProcessInitializeOnLoadAttributes (System.Type[])

Invoked RoslynAnalysisRunner static constructor.
RoslynAnalysisRunner will not be running.
RoslynAnalysisRunner has terminated.
Mono: successfully reloaded assembly
- Completed reload, in  1.085 seconds
Platform modules already initialized, skipping
Shader 'Universal Render Pipeline/Particles/Lit': fallback shader 'Universal Render Pipeline/Particles/SimpleLit' not found
Refreshing native plugins compatible for Editor in 1.09 ms, found 1 plugins.
Preloading 0 native plugins for Editor in 0.00 ms.
Unloading 3441 Unused Serialized files (Serialized files now loaded: 0)
System memory in use before: 191.6 MB.
System memory in use after: 191.9 MB.

Unloading 23 unused Assets to reduce memory usage. Loaded Objects now: 4497.
Total: 3.348800 ms (FindLiveObjects: 0.422100 ms CreateObjectMapping: 0.300200 ms MarkObjects: 2.600100 ms  DeleteObjects: 0.025100 ms)

========================================================================
Received Import Request.
  Time since last request: 9.417828 seconds.
  path: Assets/Resources/Sources/Items/item10.prefab
  artifactKey: Guid(e7199fbab4de615498e937d9a330a5c1) Importer(815301076,1909f56bfc062723c751e8b465ee728b)
Start importing Assets/Resources/Sources/Items/item10.prefab using Guid(e7199fbab4de615498e937d9a330a5c1) Importer(815301076,1909f56bfc062723c751e8b465ee728b)  -> (artifact id: 'ed2aeb4c9857e5fb0024ff19272bbef3') in 0.140978 seconds
  Import took 0.148141 seconds .

========================================================================
Received Import Request.
  Time since last request: 10.611616 seconds.
  path: Assets/Resources/Sources/Items/item10.prefab
  artifactKey: Guid(e7199fbab4de615498e937d9a330a5c1) Importer(815301076,1909f56bfc062723c751e8b465ee728b)
Start importing Assets/Resources/Sources/Items/item10.prefab using Guid(e7199fbab4de615498e937d9a330a5c1) Importer(815301076,1909f56bfc062723c751e8b465ee728b)  -> (artifact id: '28f9fed3a5e84f222c8a3740bde4c68f') in 0.013012 seconds
  Import took 0.022104 seconds .

========================================================================
Received Import Request.
  Time since last request: 2.231667 seconds.
  path: Assets/Resources/Sources/Items/item10.prefab
  artifactKey: Guid(e7199fbab4de615498e937d9a330a5c1) Importer(815301076,1909f56bfc062723c751e8b465ee728b)
Start importing Assets/Resources/Sources/Items/item10.prefab using Guid(e7199fbab4de615498e937d9a330a5c1) Importer(815301076,1909f56bfc062723c751e8b465ee728b)  -> (artifact id: 'c697c9697e4ae5f6596e1f2ff19e5718') in 0.012467 seconds
  Import took 0.028099 seconds .

========================================================================
Received Prepare
Registering precompiled user dll's ...
Registered in 0.005431 seconds.
Begin MonoManager ReloadAssembly
Symbol file LoadedFromMemory is not a mono symbol file
Native extension for WindowsStandalone target not found
Refreshing native plugins compatible for Editor in 1.15 ms, found 1 plugins.
Preloading 0 native plugins for Editor in 0.00 ms.
CreateSerializedAsset is not supported while importing out-of-process
UnityEngine.StackTraceUtility:ExtractStackTrace ()
PlayFab.PfEditor.PlayFabEditorPrefsSO:get_Instance () (at Assets/ETC/PlayFabEditorExtensions/Editor/Scripts/Utils/PlayFabEditorPrefsSO.cs:38)
PlayFab.PfEditor.SubMenuComponent:RegisterMenuItem (string,System.Action) (at Assets/ETC/PlayFabEditorExtensions/Editor/Scripts/Components/SubMenuComponent.cs:42)
PlayFab.PfEditor.PlayFabEditorDataMenu:RegisterMenu () (at Assets/ETC/PlayFabEditorExtensions/Editor/Scripts/Panels/PlayFabEditorDataMenu.cs:93)
PlayFab.PfEditor.PlayFabEditorDataMenu:.cctor () (at Assets/ETC/PlayFabEditorExtensions/Editor/Scripts/Panels/PlayFabEditorDataMenu.cs:74)
System.Runtime.CompilerServices.RuntimeHelpers:RunClassConstructor (System.RuntimeTypeHandle)
UnityEditor.EditorAssemblies:ProcessInitializeOnLoadAttributes (System.Type[])

[Assets/ETC/PlayFabEditorExtensions/Editor/Scripts/Utils/PlayFabEditorPrefsSO.cs line 38]

UnityEngine.UnityException: Creating asset at path Assets/PlayFabEditorExtensions/Editor/Resources/PlayFabEditorPrefsSO.asset failed.
  at (wrapper managed-to-native) UnityEditor.AssetDatabase.CreateAsset(UnityEngine.Object,string)
  at PlayFab.PfEditor.PlayFabEditorPrefsSO.get_Instance () [0x00084] in C:\Users\mingu\Documents\GitHub\Multy_Isaac\Multy_Isaac\Assets\ETC\PlayFabEditorExtensions\Editor\Scripts\Utils\PlayFabEditorPrefsSO.cs:38 
  at PlayFab.PfEditor.SubMenuComponent.RegisterMenuItem (System.String n, System.Action m) [0x00010] in C:\Users\mingu\Documents\GitHub\Multy_Isaac\Multy_Isaac\Assets\ETC\PlayFabEditorExtensions\Editor\Scripts\Components\SubMenuComponent.cs:42 
  at PlayFab.PfEditor.PlayFabEditorDataMenu.RegisterMenu () [0x00018] in C:\Users\mingu\Documents\GitHub\Multy_Isaac\Multy_Isaac\Assets\ETC\PlayFabEditorExtensions\Editor\Scripts\Panels\PlayFabEditorDataMenu.cs:93 
  at PlayFab.PfEditor.PlayFabEditorDataMenu..cctor () [0x0003a] in C:\Users\mingu\Documents\GitHub\Multy_Isaac\Multy_Isaac\Assets\ETC\PlayFabEditorExtensions\Editor\Scripts\Panels\PlayFabEditorDataMenu.cs:74 
UnityEngine.StackTraceUtility:ExtractStackTrace ()
UnityEngine.DebugLogHandler:LogFormat (UnityEngine.LogType,UnityEngine.Object,string,object[])
UnityEngine.Logger:Log (UnityEngine.LogType,object)
UnityEngine.Debug:LogError (object)
UnityEditor.EditorAssemblies:ProcessInitializeOnLoadAttributes (System.Type[])

Invoked RoslynAnalysisRunner static constructor.
RoslynAnalysisRunner will not be running.
RoslynAnalysisRunner has terminated.
Mono: successfully reloaded assembly
- Completed reload, in  1.224 seconds
Platform modules already initialized, skipping
Shader 'Universal Render Pipeline/Particles/Lit': fallback shader 'Universal Render Pipeline/Particles/SimpleLit' not found
Refreshing native plugins compatible for Editor in 1.06 ms, found 1 plugins.
Preloading 0 native plugins for Editor in 0.00 ms.
Unloading 3441 Unused Serialized files (Serialized files now loaded: 0)
System memory in use before: 191.8 MB.
System memory in use after: 192.0 MB.

Unloading 23 unused Assets to reduce memory usage. Loaded Objects now: 4537.
Total: 4.222400 ms (FindLiveObjects: 0.657800 ms CreateObjectMapping: 0.331200 ms MarkObjects: 3.208600 ms  DeleteObjects: 0.023500 ms)

