Using pre-set license
Built from '2020.2/release' branch; Version is '2020.2.2f1 (068178b99f32) revision 426360'; Using compiler version '192528614'; Build Type 'Release'
OS: 'Windows 10 Pro; OS build 18363.1440; Version 1909; 64bit' Language: 'ko' Physical Memory: 16232 MB
BatchMode: 1, IsHumanControllingUs: 0, StartBugReporterOnCrash: 0, Is64bit: 1, IsPro: 0

 COMMAND LINE ARGUMENTS:
C:\Program Files\Unity\Hub\Editor\2020.2.2f1\Editor\Unity.exe
-adb2
-batchMode
-noUpm
-name
AssetImportWorker6
-projectPath
C:/Users/mingu/Documents/GitHub/Multy_Isaac/Multy_Isaac
-logFile
Logs/AssetImportWorker6.log
-srvPort
1343
Successfully changed project path to: C:/Users/mingu/Documents/GitHub/Multy_Isaac/Multy_Isaac
C:/Users/mingu/Documents/GitHub/Multy_Isaac/Multy_Isaac
Using Asset Import Pipeline V2.
Refreshing native plugins compatible for Editor in 146.14 ms, found 1 plugins.
Preloading 0 native plugins for Editor in 0.00 ms.
Initialize engine version: 2020.2.2f1 (068178b99f32)
[Subsystems] Discovering subsystems at path C:/Program Files/Unity/Hub/Editor/2020.2.2f1/Editor/Data/Resources/UnitySubsystems
[Subsystems] Discovering subsystems at path C:/Users/mingu/Documents/GitHub/Multy_Isaac/Multy_Isaac/Assets
GfxDevice: creating device client; threaded=0
Direct3D:
    Version:  Direct3D 11.0 [level 11.1]
    Renderer: NVIDIA GeForce GTX 1060 (ID=0x1c20)
    Vendor:   
    VRAM:     6052 MB
    Driver:   27.21.14.5167
Shader 'Universal Render Pipeline/Particles/Lit': fallback shader 'Universal Render Pipeline/Particles/SimpleLit' not found
Initialize mono
Mono path[0] = 'C:/Program Files/Unity/Hub/Editor/2020.2.2f1/Editor/Data/Managed'
Mono path[1] = 'C:/Program Files/Unity/Hub/Editor/2020.2.2f1/Editor/Data/MonoBleedingEdge/lib/mono/unityjit'
Mono config path = 'C:/Program Files/Unity/Hub/Editor/2020.2.2f1/Editor/Data/MonoBleedingEdge/etc'
Using monoOptions --debugger-agent=transport=dt_socket,embedding=1,server=y,suspend=n,address=127.0.0.1:56156
Begin MonoManager ReloadAssembly
Registering precompiled unity dll's ...
Register platform support module: C:/Program Files/Unity/Hub/Editor/2020.2.2f1/Editor/Data/PlaybackEngines/WebGLSupport/UnityEditor.WebGL.Extensions.dll
Register platform support module: C:/Program Files/Unity/Hub/Editor/2020.2.2f1/Editor/Data/PlaybackEngines/WindowsStandaloneSupport/UnityEditor.WindowsStandalone.Extensions.dll
Registered in 0.002209 seconds.
Native extension for WindowsStandalone target not found
Native extension for WebGL target not found
Refreshing native plugins compatible for Editor in 117.66 ms, found 1 plugins.
Preloading 0 native plugins for Editor in 0.00 ms.
Invoked RoslynAnalysisRunner static constructor.
RoslynAnalysisRunner will not be running.
RoslynAnalysisRunner has terminated.
Mono: successfully reloaded assembly
- Completed reload, in  2.268 seconds
Platform modules already initialized, skipping
Registering precompiled user dll's ...
Registered in 0.006976 seconds.
Begin MonoManager ReloadAssembly
Symbol file LoadedFromMemory is not a mono symbol file
Native extension for WindowsStandalone target not found
Native extension for WebGL target not found
Refreshing native plugins compatible for Editor in 130.70 ms, found 1 plugins.
Preloading 0 native plugins for Editor in 0.00 ms.
CreateSerializedAsset is not supported while importing out-of-process
UnityEngine.StackTraceUtility:ExtractStackTrace ()
PlayFab.PfEditor.PlayFabEditorPrefsSO:get_Instance () (at Assets/ETC/PlayFabEditorExtensions/Editor/Scripts/Utils/PlayFabEditorPrefsSO.cs:38)
PlayFab.PfEditor.SubMenuComponent:RegisterMenuItem (string,System.Action) (at Assets/ETC/PlayFabEditorExtensions/Editor/Scripts/Components/SubMenuComponent.cs:42)
PlayFab.PfEditor.PlayFabEditorDataMenu:RegisterMenu () (at Assets/ETC/PlayFabEditorExtensions/Editor/Scripts/Panels/PlayFabEditorDataMenu.cs:93)
PlayFab.PfEditor.PlayFabEditorDataMenu:.cctor () (at Assets/ETC/PlayFabEditorExtensions/Editor/Scripts/Panels/PlayFabEditorDataMenu.cs:74)
System.Runtime.CompilerServices.RuntimeHelpers:RunClassConstructor (System.RuntimeTypeHandle)
UnityEditor.EditorAssemblies:ProcessInitializeOnLoadAttributes (System.Type[])

[Assets/ETC/PlayFabEditorExtensions/Editor/Scripts/Utils/PlayFabEditorPrefsSO.cs line 38]

UnityEngine.UnityException: Creating asset at path Assets/PlayFabEditorExtensions/Editor/Resources/PlayFabEditorPrefsSO.asset failed.
  at (wrapper managed-to-native) UnityEditor.AssetDatabase.CreateAsset(UnityEngine.Object,string)
  at PlayFab.PfEditor.PlayFabEditorPrefsSO.get_Instance () [0x00084] in C:\Users\mingu\Documents\GitHub\Multy_Isaac\Multy_Isaac\Assets\ETC\PlayFabEditorExtensions\Editor\Scripts\Utils\PlayFabEditorPrefsSO.cs:38 
  at PlayFab.PfEditor.SubMenuComponent.RegisterMenuItem (System.String n, System.Action m) [0x00010] in C:\Users\mingu\Documents\GitHub\Multy_Isaac\Multy_Isaac\Assets\ETC\PlayFabEditorExtensions\Editor\Scripts\Components\SubMenuComponent.cs:42 
  at PlayFab.PfEditor.PlayFabEditorDataMenu.RegisterMenu () [0x00018] in C:\Users\mingu\Documents\GitHub\Multy_Isaac\Multy_Isaac\Assets\ETC\PlayFabEditorExtensions\Editor\Scripts\Panels\PlayFabEditorDataMenu.cs:93 
  at PlayFab.PfEditor.PlayFabEditorDataMenu..cctor () [0x0003a] in C:\Users\mingu\Documents\GitHub\Multy_Isaac\Multy_Isaac\Assets\ETC\PlayFabEditorExtensions\Editor\Scripts\Panels\PlayFabEditorDataMenu.cs:74 
UnityEngine.StackTraceUtility:ExtractStackTrace ()
UnityEngine.DebugLogHandler:LogFormat (UnityEngine.LogType,UnityEngine.Object,string,object[])
UnityEngine.Logger:Log (UnityEngine.LogType,object)
UnityEngine.Debug:LogError (object)
UnityEditor.EditorAssemblies:ProcessInitializeOnLoadAttributes (System.Type[])

Invoked RoslynAnalysisRunner static constructor.
RoslynAnalysisRunner will not be running.
RoslynAnalysisRunner has terminated.
Mono: successfully reloaded assembly
- Completed reload, in  1.391 seconds
Platform modules already initialized, skipping
========================================================================
Worker process is ready to serve import requests
Shader 'Universal Render Pipeline/Particles/Lit': fallback shader 'Universal Render Pipeline/Particles/SimpleLit' not found
Launched and connected shader compiler UnityShaderCompiler.exe after 0.08 seconds
Refreshing native plugins compatible for Editor in 1.17 ms, found 1 plugins.
Preloading 0 native plugins for Editor in 0.00 ms.
Unloading 3679 Unused Serialized files (Serialized files now loaded: 0)
System memory in use before: 199.7 MB.
System memory in use after: 199.9 MB.

Unloading 33 unused Assets to reduce memory usage. Loaded Objects now: 4160.
Total: 2.562300 ms (FindLiveObjects: 0.397500 ms CreateObjectMapping: 0.180900 ms MarkObjects: 1.954800 ms  DeleteObjects: 0.027700 ms)

========================================================================
Received Import Request.
  path: Assets/Resources/폭탄좀비.prefab
  artifactKey: Guid(5f13125935a413e45bcb0883287fa2c8) Importer(815301076,1909f56bfc062723c751e8b465ee728b)
Start importing Assets/Resources/폭탄좀비.prefab using Guid(5f13125935a413e45bcb0883287fa2c8) Importer(815301076,1909f56bfc062723c751e8b465ee728b)  -> (artifact id: 'f5eabafcdfffcd79bf17f388e3eddb68') in 0.273610 seconds
  Import took 0.282484 seconds .

========================================================================
Received Import Request.
  Time since last request: 0.000196 seconds.
  path: Assets/Resources/독침좀비.prefab
  artifactKey: Guid(e0fc445ca44d27940bd0b9d7eb3dd0f8) Importer(815301076,1909f56bfc062723c751e8b465ee728b)
Start importing Assets/Resources/독침좀비.prefab using Guid(e0fc445ca44d27940bd0b9d7eb3dd0f8) Importer(815301076,1909f56bfc062723c751e8b465ee728b)  -> (artifact id: '5ff5293372d8490d224c13400661fd94') in 0.041306 seconds
  Import took 0.054559 seconds .

========================================================================
Received Import Request.
  Time since last request: 0.000275 seconds.
  path: Assets/Resources/감옷좀비.prefab
  artifactKey: Guid(4fef6a943c04f594cab89675a9adaf30) Importer(815301076,1909f56bfc062723c751e8b465ee728b)
Start importing Assets/Resources/감옷좀비.prefab using Guid(4fef6a943c04f594cab89675a9adaf30) Importer(815301076,1909f56bfc062723c751e8b465ee728b)  -> (artifact id: 'c3dbf8deb4646c063c8e3bacc5ef4a55') in 0.027012 seconds
  Import took 0.038040 seconds .

========================================================================
Received Import Request.
  Time since last request: 0.246403 seconds.
  path: Assets/Resources/꼬마좀비.prefab
  artifactKey: Guid(02d8f24864ffa894496c85bdf8e12bf8) Importer(815301076,1909f56bfc062723c751e8b465ee728b)
Start importing Assets/Resources/꼬마좀비.prefab using Guid(02d8f24864ffa894496c85bdf8e12bf8) Importer(815301076,1909f56bfc062723c751e8b465ee728b)  -> (artifact id: '95136851565f4a450a43de0ee1c368fb') in 0.032777 seconds
  Import took 0.047534 seconds .

========================================================================
Received Import Request.
  Time since last request: 0.000257 seconds.
  path: Assets/Resources/좀비.prefab
  artifactKey: Guid(e95753fbc50f17d47903a35574c3e146) Importer(815301076,1909f56bfc062723c751e8b465ee728b)
Start importing Assets/Resources/좀비.prefab using Guid(e95753fbc50f17d47903a35574c3e146) Importer(815301076,1909f56bfc062723c751e8b465ee728b)  -> (artifact id: '9e94f5d0e4ce030f3be2b783b75751ad') in 0.029325 seconds
  Import took 0.039314 seconds .

========================================================================
Received Import Request.
  Time since last request: 14.794274 seconds.
  path: Assets/Resources/감옷좀비.prefab
  artifactKey: Guid(4fef6a943c04f594cab89675a9adaf30) Importer(815301076,1909f56bfc062723c751e8b465ee728b)
Start importing Assets/Resources/감옷좀비.prefab using Guid(4fef6a943c04f594cab89675a9adaf30) Importer(815301076,1909f56bfc062723c751e8b465ee728b)  -> (artifact id: '3dccdcfc4167e77f59c03de0b4630540') in 0.024699 seconds
  Import took 0.040155 seconds .

========================================================================
Received Import Request.
  Time since last request: 14.822553 seconds.
  path: Assets/Resources/Poison.prefab
  artifactKey: Guid(7d4dc23274a332b4c87ce9b54d2c4cea) Importer(815301076,1909f56bfc062723c751e8b465ee728b)
Start importing Assets/Resources/Poison.prefab using Guid(7d4dc23274a332b4c87ce9b54d2c4cea) Importer(815301076,1909f56bfc062723c751e8b465ee728b)  -> (artifact id: '5b2499e3f0ffbcecaff62b898782b24f') in 0.021651 seconds
  Import took 0.029584 seconds .

========================================================================
Received Import Request.
  Time since last request: 0.963806 seconds.
  path: Assets/Resources/Poison.prefab
  artifactKey: Guid(7d4dc23274a332b4c87ce9b54d2c4cea) Importer(815301076,1909f56bfc062723c751e8b465ee728b)
Start importing Assets/Resources/Poison.prefab using Guid(7d4dc23274a332b4c87ce9b54d2c4cea) Importer(815301076,1909f56bfc062723c751e8b465ee728b)  -> (artifact id: '8849cf68418be6c37f9086dbbbb26f15') in 0.010080 seconds
  Import took 0.022456 seconds .

========================================================================
Received Import Request.
  Time since last request: 5.247109 seconds.
  path: Assets/Resources/Sources/Scenes/Main.unity
  artifactKey: Guid(64ce973463800fb4eabb9ba97dfbb0a7) Importer(815301076,1909f56bfc062723c751e8b465ee728b)
Start importing Assets/Resources/Sources/Scenes/Main.unity using Guid(64ce973463800fb4eabb9ba97dfbb0a7) Importer(815301076,1909f56bfc062723c751e8b465ee728b)  -> (artifact id: 'f8ef2ff52b65e4957ae7ad38d52a1ddb') in 0.009529 seconds
  Import took 0.017813 seconds .

========================================================================
Received Prepare
Registering precompiled user dll's ...
Registered in 0.007607 seconds.
Begin MonoManager ReloadAssembly
Symbol file LoadedFromMemory is not a mono symbol file
Native extension for WindowsStandalone target not found
Native extension for WebGL target not found
Refreshing native plugins compatible for Editor in 1.74 ms, found 1 plugins.
Preloading 0 native plugins for Editor in 0.00 ms.
CreateSerializedAsset is not supported while importing out-of-process
UnityEngine.StackTraceUtility:ExtractStackTrace ()
PlayFab.PfEditor.PlayFabEditorPrefsSO:get_Instance () (at Assets/ETC/PlayFabEditorExtensions/Editor/Scripts/Utils/PlayFabEditorPrefsSO.cs:38)
PlayFab.PfEditor.SubMenuComponent:RegisterMenuItem (string,System.Action) (at Assets/ETC/PlayFabEditorExtensions/Editor/Scripts/Components/SubMenuComponent.cs:42)
PlayFab.PfEditor.PlayFabEditorDataMenu:RegisterMenu () (at Assets/ETC/PlayFabEditorExtensions/Editor/Scripts/Panels/PlayFabEditorDataMenu.cs:93)
PlayFab.PfEditor.PlayFabEditorDataMenu:.cctor () (at Assets/ETC/PlayFabEditorExtensions/Editor/Scripts/Panels/PlayFabEditorDataMenu.cs:74)
System.Runtime.CompilerServices.RuntimeHelpers:RunClassConstructor (System.RuntimeTypeHandle)
UnityEditor.EditorAssemblies:ProcessInitializeOnLoadAttributes (System.Type[])

[Assets/ETC/PlayFabEditorExtensions/Editor/Scripts/Utils/PlayFabEditorPrefsSO.cs line 38]

UnityEngine.UnityException: Creating asset at path Assets/PlayFabEditorExtensions/Editor/Resources/PlayFabEditorPrefsSO.asset failed.
  at (wrapper managed-to-native) UnityEditor.AssetDatabase.CreateAsset(UnityEngine.Object,string)
  at PlayFab.PfEditor.PlayFabEditorPrefsSO.get_Instance () [0x00084] in C:\Users\mingu\Documents\GitHub\Multy_Isaac\Multy_Isaac\Assets\ETC\PlayFabEditorExtensions\Editor\Scripts\Utils\PlayFabEditorPrefsSO.cs:38 
  at PlayFab.PfEditor.SubMenuComponent.RegisterMenuItem (System.String n, System.Action m) [0x00010] in C:\Users\mingu\Documents\GitHub\Multy_Isaac\Multy_Isaac\Assets\ETC\PlayFabEditorExtensions\Editor\Scripts\Components\SubMenuComponent.cs:42 
  at PlayFab.PfEditor.PlayFabEditorDataMenu.RegisterMenu () [0x00018] in C:\Users\mingu\Documents\GitHub\Multy_Isaac\Multy_Isaac\Assets\ETC\PlayFabEditorExtensions\Editor\Scripts\Panels\PlayFabEditorDataMenu.cs:93 
  at PlayFab.PfEditor.PlayFabEditorDataMenu..cctor () [0x0003a] in C:\Users\mingu\Documents\GitHub\Multy_Isaac\Multy_Isaac\Assets\ETC\PlayFabEditorExtensions\Editor\Scripts\Panels\PlayFabEditorDataMenu.cs:74 
UnityEngine.StackTraceUtility:ExtractStackTrace ()
UnityEngine.DebugLogHandler:LogFormat (UnityEngine.LogType,UnityEngine.Object,string,object[])
UnityEngine.Logger:Log (UnityEngine.LogType,object)
UnityEngine.Debug:LogError (object)
UnityEditor.EditorAssemblies:ProcessInitializeOnLoadAttributes (System.Type[])

Invoked RoslynAnalysisRunner static constructor.
RoslynAnalysisRunner will not be running.
RoslynAnalysisRunner has terminated.
Mono: successfully reloaded assembly
- Completed reload, in  1.502 seconds
Platform modules already initialized, skipping
Shader 'Universal Render Pipeline/Particles/Lit': fallback shader 'Universal Render Pipeline/Particles/SimpleLit' not found
Refreshing native plugins compatible for Editor in 1.69 ms, found 1 plugins.
Preloading 0 native plugins for Editor in 0.00 ms.
Unloading 3453 Unused Serialized files (Serialized files now loaded: 0)
System memory in use before: 191.0 MB.
System memory in use after: 191.2 MB.

Unloading 23 unused Assets to reduce memory usage. Loaded Objects now: 4209.
Total: 5.773600 ms (FindLiveObjects: 0.547800 ms CreateObjectMapping: 0.297700 ms MarkObjects: 4.882400 ms  DeleteObjects: 0.043800 ms)

========================================================================
Received Import Request.
  Time since last request: 654.134464 seconds.
  path: Assets/Resources/좀비.prefab
  artifactKey: Guid(e95753fbc50f17d47903a35574c3e146) Importer(815301076,1909f56bfc062723c751e8b465ee728b)
Start importing Assets/Resources/좀비.prefab using Guid(e95753fbc50f17d47903a35574c3e146) Importer(815301076,1909f56bfc062723c751e8b465ee728b)  -> (artifact id: '951130dfb4e05f17f0f11fec1f179205') in 0.212812 seconds
  Import took 0.231873 seconds .

========================================================================
Received Import Request.
  Time since last request: 9.880772 seconds.
  path: Assets/Resources/독침좀비.prefab
  artifactKey: Guid(e0fc445ca44d27940bd0b9d7eb3dd0f8) Importer(815301076,1909f56bfc062723c751e8b465ee728b)
Start importing Assets/Resources/독침좀비.prefab using Guid(e0fc445ca44d27940bd0b9d7eb3dd0f8) Importer(815301076,1909f56bfc062723c751e8b465ee728b)  -> (artifact id: 'f77693eaf6aaf5cd834450916540da37') in 0.044788 seconds
  Import took 0.061351 seconds .

========================================================================
Received Import Request.
  Time since last request: 7.760582 seconds.
  path: Assets/Resources/폭탄좀비.prefab
  artifactKey: Guid(5f13125935a413e45bcb0883287fa2c8) Importer(815301076,1909f56bfc062723c751e8b465ee728b)
Start importing Assets/Resources/폭탄좀비.prefab using Guid(5f13125935a413e45bcb0883287fa2c8) Importer(815301076,1909f56bfc062723c751e8b465ee728b)  -> (artifact id: '5a5e177fb73d0e6b972a3f961dc1ae71') in 0.032417 seconds
  Import took 0.050691 seconds .

========================================================================
Received Import Request.
  Time since last request: 2.970206 seconds.
  path: Assets/Resources/꼬마좀비.prefab
  artifactKey: Guid(02d8f24864ffa894496c85bdf8e12bf8) Importer(815301076,1909f56bfc062723c751e8b465ee728b)
Start importing Assets/Resources/꼬마좀비.prefab using Guid(02d8f24864ffa894496c85bdf8e12bf8) Importer(815301076,1909f56bfc062723c751e8b465ee728b)  -> (artifact id: '4aba912bc3a288d595da0f8e1a6d8602') in 0.035776 seconds
  Import took 0.044698 seconds .

========================================================================
Received Import Request.
  Time since last request: 2.014037 seconds.
  path: Assets/Resources/꼬마좀비.prefab
  artifactKey: Guid(02d8f24864ffa894496c85bdf8e12bf8) Importer(815301076,1909f56bfc062723c751e8b465ee728b)
Start importing Assets/Resources/꼬마좀비.prefab using Guid(02d8f24864ffa894496c85bdf8e12bf8) Importer(815301076,1909f56bfc062723c751e8b465ee728b)  -> (artifact id: '711f724528fc6f1998950e3ed9406ceb') in 0.039209 seconds
  Import took 0.056329 seconds .

========================================================================
Received Import Request.
  Time since last request: 10.099839 seconds.
  path: Assets/Resources/꼬마좀비.prefab
  artifactKey: Guid(02d8f24864ffa894496c85bdf8e12bf8) Importer(815301076,1909f56bfc062723c751e8b465ee728b)
Start importing Assets/Resources/꼬마좀비.prefab using Guid(02d8f24864ffa894496c85bdf8e12bf8) Importer(815301076,1909f56bfc062723c751e8b465ee728b)  -> (artifact id: '9d882567384a6a415be97b20cf3327df') in 0.037021 seconds
  Import took 0.054863 seconds .

========================================================================
Received Import Request.
  Time since last request: 14.939938 seconds.
  path: Assets/Resources/Sources/Scenes/Play.unity
  artifactKey: Guid(2cda990e2423bbf4892e6590ba056729) Importer(815301076,1909f56bfc062723c751e8b465ee728b)
Start importing Assets/Resources/Sources/Scenes/Play.unity using Guid(2cda990e2423bbf4892e6590ba056729) Importer(815301076,1909f56bfc062723c751e8b465ee728b)  -> (artifact id: '1e2b3adb3caaf4ece6a7e92ea7adbfc4') in 0.009541 seconds
  Import took 0.062820 seconds .

========================================================================
Received Import Request.
  Time since last request: 48.065190 seconds.
  path: Assets/Resources/Sources/Scenes/Play.unity
  artifactKey: Guid(2cda990e2423bbf4892e6590ba056729) Importer(815301076,1909f56bfc062723c751e8b465ee728b)
Start importing Assets/Resources/Sources/Scenes/Play.unity using Guid(2cda990e2423bbf4892e6590ba056729) Importer(815301076,1909f56bfc062723c751e8b465ee728b)  -> (artifact id: '00dfd6106cb4cda71eb8395b1dcd3ebd') in 0.002662 seconds
  Import took 0.018047 seconds .

========================================================================
Received Prepare
Registering precompiled user dll's ...
Registered in 0.008023 seconds.
Begin MonoManager ReloadAssembly
Symbol file LoadedFromMemory is not a mono symbol file
Native extension for WindowsStandalone target not found
Native extension for WebGL target not found
Refreshing native plugins compatible for Editor in 1.18 ms, found 1 plugins.
Preloading 0 native plugins for Editor in 0.00 ms.
CreateSerializedAsset is not supported while importing out-of-process
UnityEngine.StackTraceUtility:ExtractStackTrace ()
PlayFab.PfEditor.PlayFabEditorPrefsSO:get_Instance () (at Assets/ETC/PlayFabEditorExtensions/Editor/Scripts/Utils/PlayFabEditorPrefsSO.cs:38)
PlayFab.PfEditor.SubMenuComponent:RegisterMenuItem (string,System.Action) (at Assets/ETC/PlayFabEditorExtensions/Editor/Scripts/Components/SubMenuComponent.cs:42)
PlayFab.PfEditor.PlayFabEditorDataMenu:RegisterMenu () (at Assets/ETC/PlayFabEditorExtensions/Editor/Scripts/Panels/PlayFabEditorDataMenu.cs:93)
PlayFab.PfEditor.PlayFabEditorDataMenu:.cctor () (at Assets/ETC/PlayFabEditorExtensions/Editor/Scripts/Panels/PlayFabEditorDataMenu.cs:74)
System.Runtime.CompilerServices.RuntimeHelpers:RunClassConstructor (System.RuntimeTypeHandle)
UnityEditor.EditorAssemblies:ProcessInitializeOnLoadAttributes (System.Type[])

[Assets/ETC/PlayFabEditorExtensions/Editor/Scripts/Utils/PlayFabEditorPrefsSO.cs line 38]

UnityEngine.UnityException: Creating asset at path Assets/PlayFabEditorExtensions/Editor/Resources/PlayFabEditorPrefsSO.asset failed.
  at (wrapper managed-to-native) UnityEditor.AssetDatabase.CreateAsset(UnityEngine.Object,string)
  at PlayFab.PfEditor.PlayFabEditorPrefsSO.get_Instance () [0x00084] in C:\Users\mingu\Documents\GitHub\Multy_Isaac\Multy_Isaac\Assets\ETC\PlayFabEditorExtensions\Editor\Scripts\Utils\PlayFabEditorPrefsSO.cs:38 
  at PlayFab.PfEditor.SubMenuComponent.RegisterMenuItem (System.String n, System.Action m) [0x00010] in C:\Users\mingu\Documents\GitHub\Multy_Isaac\Multy_Isaac\Assets\ETC\PlayFabEditorExtensions\Editor\Scripts\Components\SubMenuComponent.cs:42 
  at PlayFab.PfEditor.PlayFabEditorDataMenu.RegisterMenu () [0x00018] in C:\Users\mingu\Documents\GitHub\Multy_Isaac\Multy_Isaac\Assets\ETC\PlayFabEditorExtensions\Editor\Scripts\Panels\PlayFabEditorDataMenu.cs:93 
  at PlayFab.PfEditor.PlayFabEditorDataMenu..cctor () [0x0003a] in C:\Users\mingu\Documents\GitHub\Multy_Isaac\Multy_Isaac\Assets\ETC\PlayFabEditorExtensions\Editor\Scripts\Panels\PlayFabEditorDataMenu.cs:74 
UnityEngine.StackTraceUtility:ExtractStackTrace ()
UnityEngine.DebugLogHandler:LogFormat (UnityEngine.LogType,UnityEngine.Object,string,object[])
UnityEngine.Logger:Log (UnityEngine.LogType,object)
UnityEngine.Debug:LogError (object)
UnityEditor.EditorAssemblies:ProcessInitializeOnLoadAttributes (System.Type[])

Invoked RoslynAnalysisRunner static constructor.
RoslynAnalysisRunner will not be running.
RoslynAnalysisRunner has terminated.
Mono: successfully reloaded assembly
- Completed reload, in  1.278 seconds
Platform modules already initialized, skipping
Shader 'Universal Render Pipeline/Particles/Lit': fallback shader 'Universal Render Pipeline/Particles/SimpleLit' not found
Refreshing native plugins compatible for Editor in 1.17 ms, found 1 plugins.
Preloading 0 native plugins for Editor in 0.00 ms.
Unloading 3453 Unused Serialized files (Serialized files now loaded: 0)
System memory in use before: 191.2 MB.
System memory in use after: 191.4 MB.

Unloading 23 unused Assets to reduce memory usage. Loaded Objects now: 4249.
Total: 5.610500 ms (FindLiveObjects: 0.904800 ms CreateObjectMapping: 0.351100 ms MarkObjects: 4.281900 ms  DeleteObjects: 0.070500 ms)

========================================================================
Received Prepare
Registering precompiled user dll's ...
Registered in 0.005754 seconds.
Begin MonoManager ReloadAssembly
Symbol file LoadedFromMemory is not a mono symbol file
Native extension for WindowsStandalone target not found
Native extension for WebGL target not found
Refreshing native plugins compatible for Editor in 1.29 ms, found 1 plugins.
Preloading 0 native plugins for Editor in 0.00 ms.
CreateSerializedAsset is not supported while importing out-of-process
UnityEngine.StackTraceUtility:ExtractStackTrace ()
PlayFab.PfEditor.PlayFabEditorPrefsSO:get_Instance () (at Assets/ETC/PlayFabEditorExtensions/Editor/Scripts/Utils/PlayFabEditorPrefsSO.cs:38)
PlayFab.PfEditor.SubMenuComponent:RegisterMenuItem (string,System.Action) (at Assets/ETC/PlayFabEditorExtensions/Editor/Scripts/Components/SubMenuComponent.cs:42)
PlayFab.PfEditor.PlayFabEditorDataMenu:RegisterMenu () (at Assets/ETC/PlayFabEditorExtensions/Editor/Scripts/Panels/PlayFabEditorDataMenu.cs:93)
PlayFab.PfEditor.PlayFabEditorDataMenu:.cctor () (at Assets/ETC/PlayFabEditorExtensions/Editor/Scripts/Panels/PlayFabEditorDataMenu.cs:74)
System.Runtime.CompilerServices.RuntimeHelpers:RunClassConstructor (System.RuntimeTypeHandle)
UnityEditor.EditorAssemblies:ProcessInitializeOnLoadAttributes (System.Type[])

[Assets/ETC/PlayFabEditorExtensions/Editor/Scripts/Utils/PlayFabEditorPrefsSO.cs line 38]

UnityEngine.UnityException: Creating asset at path Assets/PlayFabEditorExtensions/Editor/Resources/PlayFabEditorPrefsSO.asset failed.
  at (wrapper managed-to-native) UnityEditor.AssetDatabase.CreateAsset(UnityEngine.Object,string)
  at PlayFab.PfEditor.PlayFabEditorPrefsSO.get_Instance () [0x00084] in C:\Users\mingu\Documents\GitHub\Multy_Isaac\Multy_Isaac\Assets\ETC\PlayFabEditorExtensions\Editor\Scripts\Utils\PlayFabEditorPrefsSO.cs:38 
  at PlayFab.PfEditor.SubMenuComponent.RegisterMenuItem (System.String n, System.Action m) [0x00010] in C:\Users\mingu\Documents\GitHub\Multy_Isaac\Multy_Isaac\Assets\ETC\PlayFabEditorExtensions\Editor\Scripts\Components\SubMenuComponent.cs:42 
  at PlayFab.PfEditor.PlayFabEditorDataMenu.RegisterMenu () [0x00018] in C:\Users\mingu\Documents\GitHub\Multy_Isaac\Multy_Isaac\Assets\ETC\PlayFabEditorExtensions\Editor\Scripts\Panels\PlayFabEditorDataMenu.cs:93 
  at PlayFab.PfEditor.PlayFabEditorDataMenu..cctor () [0x0003a] in C:\Users\mingu\Documents\GitHub\Multy_Isaac\Multy_Isaac\Assets\ETC\PlayFabEditorExtensions\Editor\Scripts\Panels\PlayFabEditorDataMenu.cs:74 
UnityEngine.StackTraceUtility:ExtractStackTrace ()
UnityEngine.DebugLogHandler:LogFormat (UnityEngine.LogType,UnityEngine.Object,string,object[])
UnityEngine.Logger:Log (UnityEngine.LogType,object)
UnityEngine.Debug:LogError (object)
UnityEditor.EditorAssemblies:ProcessInitializeOnLoadAttributes (System.Type[])

Invoked RoslynAnalysisRunner static constructor.
RoslynAnalysisRunner will not be running.
RoslynAnalysisRunner has terminated.
Mono: successfully reloaded assembly
- Completed reload, in  1.205 seconds
Platform modules already initialized, skipping
Shader 'Universal Render Pipeline/Particles/Lit': fallback shader 'Universal Render Pipeline/Particles/SimpleLit' not found
Refreshing native plugins compatible for Editor in 1.27 ms, found 1 plugins.
Preloading 0 native plugins for Editor in 0.00 ms.
Unloading 3453 Unused Serialized files (Serialized files now loaded: 0)
System memory in use before: 191.2 MB.
System memory in use after: 191.4 MB.

Unloading 23 unused Assets to reduce memory usage. Loaded Objects now: 4253.
Total: 4.775500 ms (FindLiveObjects: 0.681300 ms CreateObjectMapping: 0.633700 ms MarkObjects: 3.415700 ms  DeleteObjects: 0.043100 ms)

========================================================================
Received Import Request.
  Time since last request: 166.647681 seconds.
  path: Assets/Resources/Sources/Scenes/Play.unity
  artifactKey: Guid(2cda990e2423bbf4892e6590ba056729) Importer(815301076,1909f56bfc062723c751e8b465ee728b)
Start importing Assets/Resources/Sources/Scenes/Play.unity using Guid(2cda990e2423bbf4892e6590ba056729) Importer(815301076,1909f56bfc062723c751e8b465ee728b)  -> (artifact id: 'bb2f7e2dc3627ff823cfa38687516eac') in 0.015811 seconds
  Import took 0.031581 seconds .

========================================================================
Received Prepare
Registering precompiled user dll's ...
Registered in 0.007766 seconds.
Begin MonoManager ReloadAssembly
Symbol file LoadedFromMemory is not a mono symbol file
Native extension for WindowsStandalone target not found
Native extension for WebGL target not found
Refreshing native plugins compatible for Editor in 1.24 ms, found 1 plugins.
Preloading 0 native plugins for Editor in 0.00 ms.
CreateSerializedAsset is not supported while importing out-of-process
UnityEngine.StackTraceUtility:ExtractStackTrace ()
PlayFab.PfEditor.PlayFabEditorPrefsSO:get_Instance () (at Assets/ETC/PlayFabEditorExtensions/Editor/Scripts/Utils/PlayFabEditorPrefsSO.cs:38)
PlayFab.PfEditor.SubMenuComponent:RegisterMenuItem (string,System.Action) (at Assets/ETC/PlayFabEditorExtensions/Editor/Scripts/Components/SubMenuComponent.cs:42)
PlayFab.PfEditor.PlayFabEditorDataMenu:RegisterMenu () (at Assets/ETC/PlayFabEditorExtensions/Editor/Scripts/Panels/PlayFabEditorDataMenu.cs:93)
PlayFab.PfEditor.PlayFabEditorDataMenu:.cctor () (at Assets/ETC/PlayFabEditorExtensions/Editor/Scripts/Panels/PlayFabEditorDataMenu.cs:74)
System.Runtime.CompilerServices.RuntimeHelpers:RunClassConstructor (System.RuntimeTypeHandle)
UnityEditor.EditorAssemblies:ProcessInitializeOnLoadAttributes (System.Type[])

[Assets/ETC/PlayFabEditorExtensions/Editor/Scripts/Utils/PlayFabEditorPrefsSO.cs line 38]

UnityEngine.UnityException: Creating asset at path Assets/PlayFabEditorExtensions/Editor/Resources/PlayFabEditorPrefsSO.asset failed.
  at (wrapper managed-to-native) UnityEditor.AssetDatabase.CreateAsset(UnityEngine.Object,string)
  at PlayFab.PfEditor.PlayFabEditorPrefsSO.get_Instance () [0x00084] in C:\Users\mingu\Documents\GitHub\Multy_Isaac\Multy_Isaac\Assets\ETC\PlayFabEditorExtensions\Editor\Scripts\Utils\PlayFabEditorPrefsSO.cs:38 
  at PlayFab.PfEditor.SubMenuComponent.RegisterMenuItem (System.String n, System.Action m) [0x00010] in C:\Users\mingu\Documents\GitHub\Multy_Isaac\Multy_Isaac\Assets\ETC\PlayFabEditorExtensions\Editor\Scripts\Components\SubMenuComponent.cs:42 
  at PlayFab.PfEditor.PlayFabEditorDataMenu.RegisterMenu () [0x00018] in C:\Users\mingu\Documents\GitHub\Multy_Isaac\Multy_Isaac\Assets\ETC\PlayFabEditorExtensions\Editor\Scripts\Panels\PlayFabEditorDataMenu.cs:93 
  at PlayFab.PfEditor.PlayFabEditorDataMenu..cctor () [0x0003a] in C:\Users\mingu\Documents\GitHub\Multy_Isaac\Multy_Isaac\Assets\ETC\PlayFabEditorExtensions\Editor\Scripts\Panels\PlayFabEditorDataMenu.cs:74 
UnityEngine.StackTraceUtility:ExtractStackTrace ()
UnityEngine.DebugLogHandler:LogFormat (UnityEngine.LogType,UnityEngine.Object,string,object[])
UnityEngine.Logger:Log (UnityEngine.LogType,object)
UnityEngine.Debug:LogError (object)
UnityEditor.EditorAssemblies:ProcessInitializeOnLoadAttributes (System.Type[])

Invoked RoslynAnalysisRunner static constructor.
RoslynAnalysisRunner will not be running.
RoslynAnalysisRunner has terminated.
Mono: successfully reloaded assembly
- Completed reload, in  1.263 seconds
Platform modules already initialized, skipping
Shader 'Universal Render Pipeline/Particles/Lit': fallback shader 'Universal Render Pipeline/Particles/SimpleLit' not found
Refreshing native plugins compatible for Editor in 1.56 ms, found 1 plugins.
Preloading 0 native plugins for Editor in 0.00 ms.
Unloading 3453 Unused Serialized files (Serialized files now loaded: 0)
System memory in use before: 191.2 MB.
System memory in use after: 191.5 MB.

Unloading 23 unused Assets to reduce memory usage. Loaded Objects now: 4257.
Total: 4.576500 ms (FindLiveObjects: 0.727400 ms CreateObjectMapping: 0.392000 ms MarkObjects: 3.423800 ms  DeleteObjects: 0.029300 ms)

========================================================================
Received Import Request.
  Time since last request: 1860.631615 seconds.
  path: Assets/Resources/Sources/Scenes/Play.unity
  artifactKey: Guid(2cda990e2423bbf4892e6590ba056729) Importer(815301076,1909f56bfc062723c751e8b465ee728b)
Start importing Assets/Resources/Sources/Scenes/Play.unity using Guid(2cda990e2423bbf4892e6590ba056729) Importer(815301076,1909f56bfc062723c751e8b465ee728b)  -> (artifact id: 'bbf65693f6b47f5c37f9a6e4ef96d1be') in 0.016494 seconds
  Import took 0.033043 seconds .

========================================================================
Received Import Request.
  Time since last request: 0.360705 seconds.
  path: Assets/Resources/Sources/Scenes/Play.unity
  artifactKey: Guid(2cda990e2423bbf4892e6590ba056729) Importer(815301076,1909f56bfc062723c751e8b465ee728b)
Start importing Assets/Resources/Sources/Scenes/Play.unity using Guid(2cda990e2423bbf4892e6590ba056729) Importer(815301076,1909f56bfc062723c751e8b465ee728b)  -> (artifact id: 'bbf65693f6b47f5c37f9a6e4ef96d1be') in 0.002691 seconds
  Import took 0.010253 seconds .

========================================================================
Received Prepare
Registering precompiled user dll's ...
Registered in 0.007037 seconds.
Begin MonoManager ReloadAssembly
Symbol file LoadedFromMemory is not a mono symbol file
Native extension for WindowsStandalone target not found
Native extension for WebGL target not found
Refreshing native plugins compatible for Editor in 1.15 ms, found 1 plugins.
Preloading 0 native plugins for Editor in 0.00 ms.
CreateSerializedAsset is not supported while importing out-of-process
UnityEngine.StackTraceUtility:ExtractStackTrace ()
PlayFab.PfEditor.PlayFabEditorPrefsSO:get_Instance () (at Assets/ETC/PlayFabEditorExtensions/Editor/Scripts/Utils/PlayFabEditorPrefsSO.cs:38)
PlayFab.PfEditor.SubMenuComponent:RegisterMenuItem (string,System.Action) (at Assets/ETC/PlayFabEditorExtensions/Editor/Scripts/Components/SubMenuComponent.cs:42)
PlayFab.PfEditor.PlayFabEditorDataMenu:RegisterMenu () (at Assets/ETC/PlayFabEditorExtensions/Editor/Scripts/Panels/PlayFabEditorDataMenu.cs:93)
PlayFab.PfEditor.PlayFabEditorDataMenu:.cctor () (at Assets/ETC/PlayFabEditorExtensions/Editor/Scripts/Panels/PlayFabEditorDataMenu.cs:74)
System.Runtime.CompilerServices.RuntimeHelpers:RunClassConstructor (System.RuntimeTypeHandle)
UnityEditor.EditorAssemblies:ProcessInitializeOnLoadAttributes (System.Type[])

[Assets/ETC/PlayFabEditorExtensions/Editor/Scripts/Utils/PlayFabEditorPrefsSO.cs line 38]

UnityEngine.UnityException: Creating asset at path Assets/PlayFabEditorExtensions/Editor/Resources/PlayFabEditorPrefsSO.asset failed.
  at (wrapper managed-to-native) UnityEditor.AssetDatabase.CreateAsset(UnityEngine.Object,string)
  at PlayFab.PfEditor.PlayFabEditorPrefsSO.get_Instance () [0x00084] in C:\Users\mingu\Documents\GitHub\Multy_Isaac\Multy_Isaac\Assets\ETC\PlayFabEditorExtensions\Editor\Scripts\Utils\PlayFabEditorPrefsSO.cs:38 
  at PlayFab.PfEditor.SubMenuComponent.RegisterMenuItem (System.String n, System.Action m) [0x00010] in C:\Users\mingu\Documents\GitHub\Multy_Isaac\Multy_Isaac\Assets\ETC\PlayFabEditorExtensions\Editor\Scripts\Components\SubMenuComponent.cs:42 
  at PlayFab.PfEditor.PlayFabEditorDataMenu.RegisterMenu () [0x00018] in C:\Users\mingu\Documents\GitHub\Multy_Isaac\Multy_Isaac\Assets\ETC\PlayFabEditorExtensions\Editor\Scripts\Panels\PlayFabEditorDataMenu.cs:93 
  at PlayFab.PfEditor.PlayFabEditorDataMenu..cctor () [0x0003a] in C:\Users\mingu\Documents\GitHub\Multy_Isaac\Multy_Isaac\Assets\ETC\PlayFabEditorExtensions\Editor\Scripts\Panels\PlayFabEditorDataMenu.cs:74 
UnityEngine.StackTraceUtility:ExtractStackTrace ()
UnityEngine.DebugLogHandler:LogFormat (UnityEngine.LogType,UnityEngine.Object,string,object[])
UnityEngine.Logger:Log (UnityEngine.LogType,object)
UnityEngine.Debug:LogError (object)
UnityEditor.EditorAssemblies:ProcessInitializeOnLoadAttributes (System.Type[])

Invoked RoslynAnalysisRunner static constructor.
RoslynAnalysisRunner will not be running.
RoslynAnalysisRunner has terminated.
Mono: successfully reloaded assembly
- Completed reload, in  1.279 seconds
Platform modules already initialized, skipping
Shader 'Universal Render Pipeline/Particles/Lit': fallback shader 'Universal Render Pipeline/Particles/SimpleLit' not found
Refreshing native plugins compatible for Editor in 1.18 ms, found 1 plugins.
Preloading 0 native plugins for Editor in 0.00 ms.
Unloading 3453 Unused Serialized files (Serialized files now loaded: 0)
System memory in use before: 191.3 MB.
System memory in use after: 191.5 MB.

Unloading 23 unused Assets to reduce memory usage. Loaded Objects now: 4261.
Total: 2.756300 ms (FindLiveObjects: 0.381800 ms CreateObjectMapping: 0.209000 ms MarkObjects: 2.141200 ms  DeleteObjects: 0.022900 ms)

