Using pre-set license
Built from '2020.2/release' branch; Version is '2020.2.2f1 (068178b99f32) revision 426360'; Using compiler version '192528614'; Build Type 'Release'
OS: 'Windows 10 Pro; OS build 18363.1440; Version 1909; 64bit' Language: 'ko' Physical Memory: 16232 MB
BatchMode: 1, IsHumanControllingUs: 0, StartBugReporterOnCrash: 0, Is64bit: 1, IsPro: 0

 COMMAND LINE ARGUMENTS:
C:\Program Files\Unity\Hub\Editor\2020.2.2f1\Editor\Unity.exe
-adb2
-batchMode
-noUpm
-name
AssetImportWorker0
-projectPath
C:/Users/mingu/Documents/GitHub/Multy_Isaac/Multy_Isaac
-logFile
Logs/AssetImportWorker0.log
-srvPort
10658
Successfully changed project path to: C:/Users/mingu/Documents/GitHub/Multy_Isaac/Multy_Isaac
C:/Users/mingu/Documents/GitHub/Multy_Isaac/Multy_Isaac
Using Asset Import Pipeline V2.
Refreshing native plugins compatible for Editor in 119.82 ms, found 1 plugins.
Preloading 0 native plugins for Editor in 0.00 ms.
Initialize engine version: 2020.2.2f1 (068178b99f32)
[Subsystems] Discovering subsystems at path C:/Program Files/Unity/Hub/Editor/2020.2.2f1/Editor/Data/Resources/UnitySubsystems
[Subsystems] Discovering subsystems at path C:/Users/mingu/Documents/GitHub/Multy_Isaac/Multy_Isaac/Assets
GfxDevice: creating device client; threaded=0
Direct3D:
    Version:  Direct3D 11.0 [level 11.1]
    Renderer: NVIDIA GeForce GTX 1060 (ID=0x1c20)
    Vendor:   
    VRAM:     6052 MB
    Driver:   27.21.14.5167
Shader 'Universal Render Pipeline/Particles/Lit': fallback shader 'Universal Render Pipeline/Particles/SimpleLit' not found
Initialize mono
Mono path[0] = 'C:/Program Files/Unity/Hub/Editor/2020.2.2f1/Editor/Data/Managed'
Mono path[1] = 'C:/Program Files/Unity/Hub/Editor/2020.2.2f1/Editor/Data/MonoBleedingEdge/lib/mono/unityjit'
Mono config path = 'C:/Program Files/Unity/Hub/Editor/2020.2.2f1/Editor/Data/MonoBleedingEdge/etc'
Using monoOptions --debugger-agent=transport=dt_socket,embedding=1,server=y,suspend=n,address=127.0.0.1:56356
Begin MonoManager ReloadAssembly
Registering precompiled unity dll's ...
Register platform support module: C:/Program Files/Unity/Hub/Editor/2020.2.2f1/Editor/Data/PlaybackEngines/WindowsStandaloneSupport/UnityEditor.WindowsStandalone.Extensions.dll
Registered in 0.002018 seconds.
Native extension for WindowsStandalone target not found
Refreshing native plugins compatible for Editor in 117.74 ms, found 1 plugins.
Preloading 0 native plugins for Editor in 0.00 ms.
Invoked RoslynAnalysisRunner static constructor.
RoslynAnalysisRunner will not be running.
RoslynAnalysisRunner has terminated.
Mono: successfully reloaded assembly
- Completed reload, in  1.115 seconds
Platform modules already initialized, skipping
Registering precompiled user dll's ...
Registered in 0.007485 seconds.
Begin MonoManager ReloadAssembly
Symbol file LoadedFromMemory is not a mono symbol file
Native extension for WindowsStandalone target not found
Refreshing native plugins compatible for Editor in 113.78 ms, found 1 plugins.
Preloading 0 native plugins for Editor in 0.00 ms.
CreateSerializedAsset is not supported while importing out-of-process
UnityEngine.StackTraceUtility:ExtractStackTrace ()
PlayFab.PfEditor.PlayFabEditorPrefsSO:get_Instance () (at Assets/ETC/PlayFabEditorExtensions/Editor/Scripts/Utils/PlayFabEditorPrefsSO.cs:38)
PlayFab.PfEditor.SubMenuComponent:RegisterMenuItem (string,System.Action) (at Assets/ETC/PlayFabEditorExtensions/Editor/Scripts/Components/SubMenuComponent.cs:42)
PlayFab.PfEditor.PlayFabEditorDataMenu:RegisterMenu () (at Assets/ETC/PlayFabEditorExtensions/Editor/Scripts/Panels/PlayFabEditorDataMenu.cs:93)
PlayFab.PfEditor.PlayFabEditorDataMenu:.cctor () (at Assets/ETC/PlayFabEditorExtensions/Editor/Scripts/Panels/PlayFabEditorDataMenu.cs:74)
System.Runtime.CompilerServices.RuntimeHelpers:RunClassConstructor (System.RuntimeTypeHandle)
UnityEditor.EditorAssemblies:ProcessInitializeOnLoadAttributes (System.Type[])

[Assets/ETC/PlayFabEditorExtensions/Editor/Scripts/Utils/PlayFabEditorPrefsSO.cs line 38]

UnityEngine.UnityException: Creating asset at path Assets/PlayFabEditorExtensions/Editor/Resources/PlayFabEditorPrefsSO.asset failed.
  at (wrapper managed-to-native) UnityEditor.AssetDatabase.CreateAsset(UnityEngine.Object,string)
  at PlayFab.PfEditor.PlayFabEditorPrefsSO.get_Instance () [0x00084] in C:\Users\mingu\Documents\GitHub\Multy_Isaac\Multy_Isaac\Assets\ETC\PlayFabEditorExtensions\Editor\Scripts\Utils\PlayFabEditorPrefsSO.cs:38 
  at PlayFab.PfEditor.SubMenuComponent.RegisterMenuItem (System.String n, System.Action m) [0x00010] in C:\Users\mingu\Documents\GitHub\Multy_Isaac\Multy_Isaac\Assets\ETC\PlayFabEditorExtensions\Editor\Scripts\Components\SubMenuComponent.cs:42 
  at PlayFab.PfEditor.PlayFabEditorDataMenu.RegisterMenu () [0x00018] in C:\Users\mingu\Documents\GitHub\Multy_Isaac\Multy_Isaac\Assets\ETC\PlayFabEditorExtensions\Editor\Scripts\Panels\PlayFabEditorDataMenu.cs:93 
  at PlayFab.PfEditor.PlayFabEditorDataMenu..cctor () [0x0003a] in C:\Users\mingu\Documents\GitHub\Multy_Isaac\Multy_Isaac\Assets\ETC\PlayFabEditorExtensions\Editor\Scripts\Panels\PlayFabEditorDataMenu.cs:74 
UnityEngine.StackTraceUtility:ExtractStackTrace ()
UnityEngine.DebugLogHandler:LogFormat (UnityEngine.LogType,UnityEngine.Object,string,object[])
UnityEngine.Logger:Log (UnityEngine.LogType,object)
UnityEngine.Debug:LogError (object)
UnityEditor.EditorAssemblies:ProcessInitializeOnLoadAttributes (System.Type[])

Invoked RoslynAnalysisRunner static constructor.
RoslynAnalysisRunner will not be running.
RoslynAnalysisRunner has terminated.
Mono: successfully reloaded assembly
- Completed reload, in  1.304 seconds
Platform modules already initialized, skipping
========================================================================
Worker process is ready to serve import requests
Shader 'Universal Render Pipeline/Particles/Lit': fallback shader 'Universal Render Pipeline/Particles/SimpleLit' not found
Launched and connected shader compiler UnityShaderCompiler.exe after 0.08 seconds
Refreshing native plugins compatible for Editor in 1.12 ms, found 1 plugins.
Preloading 0 native plugins for Editor in 0.00 ms.
Unloading 3671 Unused Serialized files (Serialized files now loaded: 0)
System memory in use before: 199.4 MB.
System memory in use after: 199.6 MB.

Unloading 33 unused Assets to reduce memory usage. Loaded Objects now: 4152.
Total: 3.347600 ms (FindLiveObjects: 0.371500 ms CreateObjectMapping: 0.179400 ms MarkObjects: 2.706600 ms  DeleteObjects: 0.088600 ms)

========================================================================
Received Import Request.
  path: Assets/Resources/Player.prefab
  artifactKey: Guid(cc3fd1998ff69854e9fef46ed30ed859) Importer(815301076,1909f56bfc062723c751e8b465ee728b)
Start importing Assets/Resources/Player.prefab using Guid(cc3fd1998ff69854e9fef46ed30ed859) Importer(815301076,1909f56bfc062723c751e8b465ee728b)  -> (artifact id: '1367c867e0f510c658ae0305a280c5bd') in 0.576926 seconds
  Import took 0.594458 seconds .

========================================================================
Received Prepare
Registering precompiled user dll's ...
Registered in 0.016998 seconds.
Begin MonoManager ReloadAssembly
Symbol file LoadedFromMemory is not a mono symbol file
Native extension for WindowsStandalone target not found
Refreshing native plugins compatible for Editor in 1.66 ms, found 1 plugins.
Preloading 0 native plugins for Editor in 0.00 ms.
CreateSerializedAsset is not supported while importing out-of-process
UnityEngine.StackTraceUtility:ExtractStackTrace ()
PlayFab.PfEditor.PlayFabEditorPrefsSO:get_Instance () (at Assets/ETC/PlayFabEditorExtensions/Editor/Scripts/Utils/PlayFabEditorPrefsSO.cs:38)
PlayFab.PfEditor.SubMenuComponent:RegisterMenuItem (string,System.Action) (at Assets/ETC/PlayFabEditorExtensions/Editor/Scripts/Components/SubMenuComponent.cs:42)
PlayFab.PfEditor.PlayFabEditorDataMenu:RegisterMenu () (at Assets/ETC/PlayFabEditorExtensions/Editor/Scripts/Panels/PlayFabEditorDataMenu.cs:93)
PlayFab.PfEditor.PlayFabEditorDataMenu:.cctor () (at Assets/ETC/PlayFabEditorExtensions/Editor/Scripts/Panels/PlayFabEditorDataMenu.cs:74)
System.Runtime.CompilerServices.RuntimeHelpers:RunClassConstructor (System.RuntimeTypeHandle)
UnityEditor.EditorAssemblies:ProcessInitializeOnLoadAttributes (System.Type[])

[Assets/ETC/PlayFabEditorExtensions/Editor/Scripts/Utils/PlayFabEditorPrefsSO.cs line 38]

UnityEngine.UnityException: Creating asset at path Assets/PlayFabEditorExtensions/Editor/Resources/PlayFabEditorPrefsSO.asset failed.
  at (wrapper managed-to-native) UnityEditor.AssetDatabase.CreateAsset(UnityEngine.Object,string)
  at PlayFab.PfEditor.PlayFabEditorPrefsSO.get_Instance () [0x00084] in C:\Users\mingu\Documents\GitHub\Multy_Isaac\Multy_Isaac\Assets\ETC\PlayFabEditorExtensions\Editor\Scripts\Utils\PlayFabEditorPrefsSO.cs:38 
  at PlayFab.PfEditor.SubMenuComponent.RegisterMenuItem (System.String n, System.Action m) [0x00010] in C:\Users\mingu\Documents\GitHub\Multy_Isaac\Multy_Isaac\Assets\ETC\PlayFabEditorExtensions\Editor\Scripts\Components\SubMenuComponent.cs:42 
  at PlayFab.PfEditor.PlayFabEditorDataMenu.RegisterMenu () [0x00018] in C:\Users\mingu\Documents\GitHub\Multy_Isaac\Multy_Isaac\Assets\ETC\PlayFabEditorExtensions\Editor\Scripts\Panels\PlayFabEditorDataMenu.cs:93 
  at PlayFab.PfEditor.PlayFabEditorDataMenu..cctor () [0x0003a] in C:\Users\mingu\Documents\GitHub\Multy_Isaac\Multy_Isaac\Assets\ETC\PlayFabEditorExtensions\Editor\Scripts\Panels\PlayFabEditorDataMenu.cs:74 
UnityEngine.StackTraceUtility:ExtractStackTrace ()
UnityEngine.DebugLogHandler:LogFormat (UnityEngine.LogType,UnityEngine.Object,string,object[])
UnityEngine.Logger:Log (UnityEngine.LogType,object)
UnityEngine.Debug:LogError (object)
UnityEditor.EditorAssemblies:ProcessInitializeOnLoadAttributes (System.Type[])

Invoked RoslynAnalysisRunner static constructor.
RoslynAnalysisRunner will not be running.
RoslynAnalysisRunner has terminated.
Mono: successfully reloaded assembly
- Completed reload, in  1.852 seconds
Platform modules already initialized, skipping
Shader 'Universal Render Pipeline/Particles/Lit': fallback shader 'Universal Render Pipeline/Particles/SimpleLit' not found
Refreshing native plugins compatible for Editor in 1.31 ms, found 1 plugins.
Preloading 0 native plugins for Editor in 0.00 ms.
Unloading 3445 Unused Serialized files (Serialized files now loaded: 0)
System memory in use before: 190.7 MB.
System memory in use after: 190.9 MB.

Unloading 24 unused Assets to reduce memory usage. Loaded Objects now: 4201.
Total: 2.982500 ms (FindLiveObjects: 0.493800 ms CreateObjectMapping: 0.260100 ms MarkObjects: 2.201400 ms  DeleteObjects: 0.026000 ms)

========================================================================
Received Prepare
Registering precompiled user dll's ...
Registered in 0.017417 seconds.
Begin MonoManager ReloadAssembly
Symbol file LoadedFromMemory is not a mono symbol file
Native extension for WindowsStandalone target not found
Refreshing native plugins compatible for Editor in 1.17 ms, found 1 plugins.
Preloading 0 native plugins for Editor in 0.00 ms.
CreateSerializedAsset is not supported while importing out-of-process
UnityEngine.StackTraceUtility:ExtractStackTrace ()
PlayFab.PfEditor.PlayFabEditorPrefsSO:get_Instance () (at Assets/ETC/PlayFabEditorExtensions/Editor/Scripts/Utils/PlayFabEditorPrefsSO.cs:38)
PlayFab.PfEditor.SubMenuComponent:RegisterMenuItem (string,System.Action) (at Assets/ETC/PlayFabEditorExtensions/Editor/Scripts/Components/SubMenuComponent.cs:42)
PlayFab.PfEditor.PlayFabEditorDataMenu:RegisterMenu () (at Assets/ETC/PlayFabEditorExtensions/Editor/Scripts/Panels/PlayFabEditorDataMenu.cs:93)
PlayFab.PfEditor.PlayFabEditorDataMenu:.cctor () (at Assets/ETC/PlayFabEditorExtensions/Editor/Scripts/Panels/PlayFabEditorDataMenu.cs:74)
System.Runtime.CompilerServices.RuntimeHelpers:RunClassConstructor (System.RuntimeTypeHandle)
UnityEditor.EditorAssemblies:ProcessInitializeOnLoadAttributes (System.Type[])

[Assets/ETC/PlayFabEditorExtensions/Editor/Scripts/Utils/PlayFabEditorPrefsSO.cs line 38]

UnityEngine.UnityException: Creating asset at path Assets/PlayFabEditorExtensions/Editor/Resources/PlayFabEditorPrefsSO.asset failed.
  at (wrapper managed-to-native) UnityEditor.AssetDatabase.CreateAsset(UnityEngine.Object,string)
  at PlayFab.PfEditor.PlayFabEditorPrefsSO.get_Instance () [0x00084] in C:\Users\mingu\Documents\GitHub\Multy_Isaac\Multy_Isaac\Assets\ETC\PlayFabEditorExtensions\Editor\Scripts\Utils\PlayFabEditorPrefsSO.cs:38 
  at PlayFab.PfEditor.SubMenuComponent.RegisterMenuItem (System.String n, System.Action m) [0x00010] in C:\Users\mingu\Documents\GitHub\Multy_Isaac\Multy_Isaac\Assets\ETC\PlayFabEditorExtensions\Editor\Scripts\Components\SubMenuComponent.cs:42 
  at PlayFab.PfEditor.PlayFabEditorDataMenu.RegisterMenu () [0x00018] in C:\Users\mingu\Documents\GitHub\Multy_Isaac\Multy_Isaac\Assets\ETC\PlayFabEditorExtensions\Editor\Scripts\Panels\PlayFabEditorDataMenu.cs:93 
  at PlayFab.PfEditor.PlayFabEditorDataMenu..cctor () [0x0003a] in C:\Users\mingu\Documents\GitHub\Multy_Isaac\Multy_Isaac\Assets\ETC\PlayFabEditorExtensions\Editor\Scripts\Panels\PlayFabEditorDataMenu.cs:74 
UnityEngine.StackTraceUtility:ExtractStackTrace ()
UnityEngine.DebugLogHandler:LogFormat (UnityEngine.LogType,UnityEngine.Object,string,object[])
UnityEngine.Logger:Log (UnityEngine.LogType,object)
UnityEngine.Debug:LogError (object)
UnityEditor.EditorAssemblies:ProcessInitializeOnLoadAttributes (System.Type[])

Invoked RoslynAnalysisRunner static constructor.
RoslynAnalysisRunner will not be running.
RoslynAnalysisRunner has terminated.
Mono: successfully reloaded assembly
- Completed reload, in  1.956 seconds
Platform modules already initialized, skipping
Shader 'Universal Render Pipeline/Particles/Lit': fallback shader 'Universal Render Pipeline/Particles/SimpleLit' not found
Refreshing native plugins compatible for Editor in 1.26 ms, found 1 plugins.
Preloading 0 native plugins for Editor in 0.00 ms.
Unloading 3445 Unused Serialized files (Serialized files now loaded: 0)
System memory in use before: 190.8 MB.
System memory in use after: 191.0 MB.

Unloading 23 unused Assets to reduce memory usage. Loaded Objects now: 4205.
Total: 3.130400 ms (FindLiveObjects: 0.590800 ms CreateObjectMapping: 0.216100 ms MarkObjects: 2.281800 ms  DeleteObjects: 0.040900 ms)

========================================================================
Received Prepare
Registering precompiled user dll's ...
Registered in 0.014198 seconds.
Begin MonoManager ReloadAssembly
Symbol file LoadedFromMemory is not a mono symbol file
Native extension for WindowsStandalone target not found
Refreshing native plugins compatible for Editor in 2.85 ms, found 1 plugins.
Preloading 0 native plugins for Editor in 0.00 ms.
CreateSerializedAsset is not supported while importing out-of-process
UnityEngine.StackTraceUtility:ExtractStackTrace ()
PlayFab.PfEditor.PlayFabEditorPrefsSO:get_Instance () (at Assets/ETC/PlayFabEditorExtensions/Editor/Scripts/Utils/PlayFabEditorPrefsSO.cs:38)
PlayFab.PfEditor.SubMenuComponent:RegisterMenuItem (string,System.Action) (at Assets/ETC/PlayFabEditorExtensions/Editor/Scripts/Components/SubMenuComponent.cs:42)
PlayFab.PfEditor.PlayFabEditorDataMenu:RegisterMenu () (at Assets/ETC/PlayFabEditorExtensions/Editor/Scripts/Panels/PlayFabEditorDataMenu.cs:93)
PlayFab.PfEditor.PlayFabEditorDataMenu:.cctor () (at Assets/ETC/PlayFabEditorExtensions/Editor/Scripts/Panels/PlayFabEditorDataMenu.cs:74)
System.Runtime.CompilerServices.RuntimeHelpers:RunClassConstructor (System.RuntimeTypeHandle)
UnityEditor.EditorAssemblies:ProcessInitializeOnLoadAttributes (System.Type[])

[Assets/ETC/PlayFabEditorExtensions/Editor/Scripts/Utils/PlayFabEditorPrefsSO.cs line 38]

UnityEngine.UnityException: Creating asset at path Assets/PlayFabEditorExtensions/Editor/Resources/PlayFabEditorPrefsSO.asset failed.
  at (wrapper managed-to-native) UnityEditor.AssetDatabase.CreateAsset(UnityEngine.Object,string)
  at PlayFab.PfEditor.PlayFabEditorPrefsSO.get_Instance () [0x00084] in C:\Users\mingu\Documents\GitHub\Multy_Isaac\Multy_Isaac\Assets\ETC\PlayFabEditorExtensions\Editor\Scripts\Utils\PlayFabEditorPrefsSO.cs:38 
  at PlayFab.PfEditor.SubMenuComponent.RegisterMenuItem (System.String n, System.Action m) [0x00010] in C:\Users\mingu\Documents\GitHub\Multy_Isaac\Multy_Isaac\Assets\ETC\PlayFabEditorExtensions\Editor\Scripts\Components\SubMenuComponent.cs:42 
  at PlayFab.PfEditor.PlayFabEditorDataMenu.RegisterMenu () [0x00018] in C:\Users\mingu\Documents\GitHub\Multy_Isaac\Multy_Isaac\Assets\ETC\PlayFabEditorExtensions\Editor\Scripts\Panels\PlayFabEditorDataMenu.cs:93 
  at PlayFab.PfEditor.PlayFabEditorDataMenu..cctor () [0x0003a] in C:\Users\mingu\Documents\GitHub\Multy_Isaac\Multy_Isaac\Assets\ETC\PlayFabEditorExtensions\Editor\Scripts\Panels\PlayFabEditorDataMenu.cs:74 
UnityEngine.StackTraceUtility:ExtractStackTrace ()
UnityEngine.DebugLogHandler:LogFormat (UnityEngine.LogType,UnityEngine.Object,string,object[])
UnityEngine.Logger:Log (UnityEngine.LogType,object)
UnityEngine.Debug:LogError (object)
UnityEditor.EditorAssemblies:ProcessInitializeOnLoadAttributes (System.Type[])

Invoked RoslynAnalysisRunner static constructor.
RoslynAnalysisRunner will not be running.
RoslynAnalysisRunner has terminated.
Mono: successfully reloaded assembly
- Completed reload, in  1.597 seconds
Platform modules already initialized, skipping
Shader 'Universal Render Pipeline/Particles/Lit': fallback shader 'Universal Render Pipeline/Particles/SimpleLit' not found
Refreshing native plugins compatible for Editor in 1.39 ms, found 1 plugins.
Preloading 0 native plugins for Editor in 0.00 ms.
Unloading 3445 Unused Serialized files (Serialized files now loaded: 0)
System memory in use before: 190.8 MB.
System memory in use after: 191.0 MB.

Unloading 23 unused Assets to reduce memory usage. Loaded Objects now: 4209.
Total: 5.249500 ms (FindLiveObjects: 0.539800 ms CreateObjectMapping: 0.406800 ms MarkObjects: 4.267900 ms  DeleteObjects: 0.033800 ms)

========================================================================
Received Import Request.
  Time since last request: 641.215458 seconds.
  path: Assets/Resources/Sources/Scenes/Main.unity
  artifactKey: Guid(64ce973463800fb4eabb9ba97dfbb0a7) Importer(815301076,1909f56bfc062723c751e8b465ee728b)
Start importing Assets/Resources/Sources/Scenes/Main.unity using Guid(64ce973463800fb4eabb9ba97dfbb0a7) Importer(815301076,1909f56bfc062723c751e8b465ee728b)  -> (artifact id: 'f24fc0d268106360082abcb813cce641') in 0.029236 seconds
  Import took 0.036859 seconds .

